Found 8481 verses in local DB
Using INSERT OR IGNORE to skip duplicates automatically

Will upload 8481 verses in 170 batches of 50 each

Processing batch 1/170 (verses 1-50)...
  Uploading batch 1 (168 statements)...
  ✓ Batch 1 uploaded successfully
Processing batch 2/170 (verses 51-100)...
  Uploading batch 2 (205 statements)...
  ✓ Batch 2 uploaded successfully
Processing batch 3/170 (verses 101-150)...
  Uploading batch 3 (166 statements)...
  ✓ Batch 3 uploaded successfully
Processing batch 4/170 (verses 151-200)...
  Uploading batch 4 (174 statements)...
  ✓ Batch 4 uploaded successfully
Processing batch 5/170 (verses 201-250)...
  Uploading batch 5 (197 statements)...
  ✓ Batch 5 uploaded successfully
Processing batch 6/170 (verses 251-300)...
  Uploading batch 6 (234 statements)...
  ✓ Batch 6 uploaded successfully
Processing batch 7/170 (verses 301-350)...
  Uploading batch 7 (199 statements)...
  ✓ Batch 7 uploaded successfully
Processing batch 8/170 (verses 351-400)...
  Uploading batch 8 (214 statements)...
  ✓ Batch 8 uploaded successfully
Processing batch 9/170 (verses 401-450)...
  Uploading batch 9 (161 statements)...
  ✓ Batch 9 uploaded successfully
Processing batch 10/170 (verses 451-500)...
  Uploading batch 10 (197 statements)...
  ✓ Batch 10 uploaded successfully
Processing batch 11/170 (verses 501-550)...
  Uploading batch 11 (196 statements)...
  ✓ Batch 11 uploaded successfully
Processing batch 12/170 (verses 551-600)...
  Uploading batch 12 (166 statements)...
  ✓ Batch 12 uploaded successfully
Processing batch 13/170 (verses 601-650)...
  Uploading batch 13 (159 statements)...
  ✓ Batch 13 uploaded successfully
Processing batch 14/170 (verses 651-700)...
  Uploading batch 14 (228 statements)...
  ✓ Batch 14 uploaded successfully
Processing batch 15/170 (verses 701-750)...
  Uploading batch 15 (187 statements)...
  ✓ Batch 15 uploaded successfully
Processing batch 16/170 (verses 751-800)...
  Uploading batch 16 (172 statements)...
  ✓ Batch 16 uploaded successfully
Processing batch 17/170 (verses 801-850)...
  Uploading batch 17 (161 statements)...
  ✓ Batch 17 uploaded successfully
Processing batch 18/170 (verses 851-900)...
  Uploading batch 18 (172 statements)...
  ✓ Batch 18 uploaded successfully
Processing batch 19/170 (verses 901-950)...
  Uploading batch 19 (158 statements)...
  ✓ Batch 19 uploaded successfully
Processing batch 20/170 (verses 951-1000)...
  Uploading batch 20 (209 statements)...
  ✓ Batch 20 uploaded successfully
Processing batch 21/170 (verses 1001-1050)...
  Uploading batch 21 (182 statements)...
  ✓ Batch 21 uploaded successfully
Processing batch 22/170 (verses 1051-1100)...
  Uploading batch 22 (188 statements)...
  ✓ Batch 22 uploaded successfully
Processing batch 23/170 (verses 1101-1150)...
  Uploading batch 23 (174 statements)...
  ✓ Batch 23 uploaded successfully
Processing batch 24/170 (verses 1151-1200)...
  Uploading batch 24 (142 statements)...
  ✓ Batch 24 uploaded successfully
Processing batch 25/170 (verses 1201-1250)...
  Uploading batch 25 (171 statements)...
  ✓ Batch 25 uploaded successfully
Processing batch 26/170 (verses 1251-1300)...
  Uploading batch 26 (193 statements)...
  ✓ Batch 26 uploaded successfully
Processing batch 27/170 (verses 1301-1350)...
  Uploading batch 27 (166 statements)...
  ✓ Batch 27 uploaded successfully
Processing batch 28/170 (verses 1351-1400)...
  Uploading batch 28 (164 statements)...
  ✓ Batch 28 uploaded successfully
Processing batch 29/170 (verses 1401-1450)...
  Uploading batch 29 (162 statements)...
  ✓ Batch 29 uploaded successfully
Processing batch 30/170 (verses 1451-1500)...
  Uploading batch 30 (210 statements)...
  ✓ Batch 30 uploaded successfully
Processing batch 31/170 (verses 1501-1550)...
  Uploading batch 31 (236 statements)...
  ✓ Batch 31 uploaded successfully
Processing batch 32/170 (verses 1551-1600)...
  Uploading batch 32 (190 statements)...
  ✓ Batch 32 uploaded successfully
Processing batch 33/170 (verses 1601-1650)...
  Uploading batch 33 (206 statements)...
  ✓ Batch 33 uploaded successfully
Processing batch 34/170 (verses 1651-1700)...
  Uploading batch 34 (200 statements)...
  ✓ Batch 34 uploaded successfully
Processing batch 35/170 (verses 1701-1750)...
  Uploading batch 35 (249 statements)...
  ✓ Batch 35 uploaded successfully
Processing batch 36/170 (verses 1751-1800)...
  Uploading batch 36 (173 statements)...
  ✓ Batch 36 uploaded successfully
Processing batch 37/170 (verses 1801-1850)...
  Uploading batch 37 (179 statements)...
  ✓ Batch 37 uploaded successfully
Processing batch 38/170 (verses 1851-1900)...
  Uploading batch 38 (154 statements)...
  ✓ Batch 38 uploaded successfully
Processing batch 39/170 (verses 1901-1950)...
  Uploading batch 39 (174 statements)...
  ✓ Batch 39 uploaded successfully
Processing batch 40/170 (verses 1951-2000)...
  Uploading batch 40 (174 statements)...
  ✓ Batch 40 uploaded successfully
Processing batch 41/170 (verses 2001-2050)...
  Uploading batch 41 (153 statements)...
  ✓ Batch 41 uploaded successfully
Processing batch 42/170 (verses 2051-2100)...
  Uploading batch 42 (167 statements)...
  ✓ Batch 42 uploaded successfully
Processing batch 43/170 (verses 2101-2150)...
  Uploading batch 43 (147 statements)...
  ✓ Batch 43 uploaded successfully
Processing batch 44/170 (verses 2151-2200)...
  Uploading batch 44 (142 statements)...
  ✓ Batch 44 uploaded successfully
Processing batch 45/170 (verses 2201-2250)...
  Uploading batch 45 (137 statements)...
  ✓ Batch 45 uploaded successfully
Processing batch 46/170 (verses 2251-2300)...
  Uploading batch 46 (148 statements)...
  ✓ Batch 46 uploaded successfully
Processing batch 47/170 (verses 2301-2350)...
  Uploading batch 47 (148 statements)...
  ✓ Batch 47 uploaded successfully
Processing batch 48/170 (verses 2351-2400)...
  Uploading batch 48 (174 statements)...
  ✓ Batch 48 uploaded successfully
Processing batch 49/170 (verses 2401-2450)...
  Uploading batch 49 (148 statements)...
  ✓ Batch 49 uploaded successfully
Processing batch 50/170 (verses 2451-2500)...
  Uploading batch 50 (129 statements)...
  ✓ Batch 50 uploaded successfully
Processing batch 51/170 (verses 2501-2550)...
  Uploading batch 51 (153 statements)...
  ✓ Batch 51 uploaded successfully
Processing batch 52/170 (verses 2551-2600)...
  Uploading batch 52 (149 statements)...
  ✓ Batch 52 uploaded successfully
Processing batch 53/170 (verses 2601-2650)...
  Uploading batch 53 (169 statements)...
  ✓ Batch 53 uploaded successfully
Processing batch 54/170 (verses 2651-2700)...
  Uploading batch 54 (152 statements)...
  ✓ Batch 54 uploaded successfully
Processing batch 55/170 (verses 2701-2750)...
  Uploading batch 55 (161 statements)...
  ✓ Batch 55 uploaded successfully
Processing batch 56/170 (verses 2751-2800)...
  Uploading batch 56 (188 statements)...
  ✓ Batch 56 uploaded successfully
Processing batch 57/170 (verses 2801-2850)...
  Uploading batch 57 (162 statements)...
  ✓ Batch 57 uploaded successfully
Processing batch 58/170 (verses 2851-2900)...
  Uploading batch 58 (184 statements)...
  ✓ Batch 58 uploaded successfully
Processing batch 59/170 (verses 2901-2950)...
  Uploading batch 59 (213 statements)...
  ✓ Batch 59 uploaded successfully
Processing batch 60/170 (verses 2951-3000)...
  Uploading batch 60 (159 statements)...
  ✓ Batch 60 uploaded successfully
Processing batch 61/170 (verses 3001-3050)...
  Uploading batch 61 (182 statements)...
  ✓ Batch 61 uploaded successfully
Processing batch 62/170 (verses 3051-3100)...
  Uploading batch 62 (190 statements)...
  ✓ Batch 62 uploaded successfully
Processing batch 63/170 (verses 3101-3150)...
  Uploading batch 63 (149 statements)...
  ✓ Batch 63 uploaded successfully
Processing batch 64/170 (verses 3151-3200)...
  Uploading batch 64 (129 statements)...
  ✓ Batch 64 uploaded successfully
Processing batch 65/170 (verses 3201-3250)...
  Uploading batch 65 (162 statements)...
  ✓ Batch 65 uploaded successfully
Processing batch 66/170 (verses 3251-3300)...
  Uploading batch 66 (134 statements)...
  ✓ Batch 66 uploaded successfully
Processing batch 67/170 (verses 3301-3350)...
  Uploading batch 67 (149 statements)...
  ✓ Batch 67 uploaded successfully
Processing batch 68/170 (verses 3351-3400)...
  Uploading batch 68 (148 statements)...
  ✓ Batch 68 uploaded successfully
Processing batch 69/170 (verses 3401-3450)...
  Uploading batch 69 (158 statements)...
  ✓ Batch 69 uploaded successfully
Processing batch 70/170 (verses 3451-3500)...
  Uploading batch 70 (173 statements)...
  ✓ Batch 70 uploaded successfully
Processing batch 71/170 (verses 3501-3550)...
  Uploading batch 71 (153 statements)...
  ✓ Batch 71 uploaded successfully
Processing batch 72/170 (verses 3551-3600)...
  Uploading batch 72 (147 statements)...
  ✓ Batch 72 uploaded successfully
Processing batch 73/170 (verses 3601-3650)...
  Uploading batch 73 (169 statements)...
  ✓ Batch 73 uploaded successfully
Processing batch 74/170 (verses 3651-3700)...
  Uploading batch 74 (139 statements)...
  ✓ Batch 74 uploaded successfully
Processing batch 75/170 (verses 3701-3750)...
  Uploading batch 75 (140 statements)...
  ✓ Batch 75 uploaded successfully
Processing batch 76/170 (verses 3751-3800)...
  Uploading batch 76 (149 statements)...
  ✓ Batch 76 uploaded successfully
Processing batch 77/170 (verses 3801-3850)...
  Uploading batch 77 (152 statements)...
  ✓ Batch 77 uploaded successfully
Processing batch 78/170 (verses 3851-3900)...
  Uploading batch 78 (157 statements)...
  ✓ Batch 78 uploaded successfully
Processing batch 79/170 (verses 3901-3950)...
  Uploading batch 79 (190 statements)...
  ✓ Batch 79 uploaded successfully
Processing batch 80/170 (verses 3951-4000)...
  Uploading batch 80 (201 statements)...
  ✓ Batch 80 uploaded successfully
Processing batch 81/170 (verses 4001-4050)...
  Uploading batch 81 (212 statements)...
  ✓ Batch 81 uploaded successfully
Processing batch 82/170 (verses 4051-4100)...
  Uploading batch 82 (186 statements)...
  ✓ Batch 82 uploaded successfully
Processing batch 83/170 (verses 4101-4150)...
  Uploading batch 83 (244 statements)...
  ✓ Batch 83 uploaded successfully
Processing batch 84/170 (verses 4151-4200)...
  Uploading batch 84 (195 statements)...
  ✓ Batch 84 uploaded successfully
Processing batch 85/170 (verses 4201-4250)...
  Uploading batch 85 (225 statements)...
  ✓ Batch 85 uploaded successfully
Processing batch 86/170 (verses 4251-4300)...
  Uploading batch 86 (199 statements)...
  ✓ Batch 86 uploaded successfully
Processing batch 87/170 (verses 4301-4350)...
  Uploading batch 87 (242 statements)...
  ✓ Batch 87 uploaded successfully
Processing batch 88/170 (verses 4351-4400)...
  Uploading batch 88 (215 statements)...
  ✓ Batch 88 uploaded successfully
Processing batch 89/170 (verses 4401-4450)...
  Uploading batch 89 (238 statements)...
  ✓ Batch 89 uploaded successfully
Processing batch 90/170 (verses 4451-4500)...
  Uploading batch 90 (220 statements)...
  ✓ Batch 90 uploaded successfully
Processing batch 91/170 (verses 4501-4550)...
  Uploading batch 91 (175 statements)...
  ✓ Batch 91 uploaded successfully
Processing batch 92/170 (verses 4551-4600)...
  Uploading batch 92 (195 statements)...
  ✓ Batch 92 uploaded successfully
Processing batch 93/170 (verses 4601-4650)...
  Uploading batch 93 (162 statements)...
  ✓ Batch 93 uploaded successfully
Processing batch 94/170 (verses 4651-4700)...
  Uploading batch 94 (171 statements)...
  ✓ Batch 94 uploaded successfully
Processing batch 95/170 (verses 4701-4750)...
  Uploading batch 95 (173 statements)...
  ✓ Batch 95 uploaded successfully
Processing batch 96/170 (verses 4751-4800)...
  Uploading batch 96 (177 statements)...
  ✓ Batch 96 uploaded successfully
Processing batch 97/170 (verses 4801-4850)...
  Uploading batch 97 (153 statements)...
  ✓ Batch 97 uploaded successfully
Processing batch 98/170 (verses 4851-4900)...
  Uploading batch 98 (208 statements)...
  ✓ Batch 98 uploaded successfully
Processing batch 99/170 (verses 4901-4950)...
  Uploading batch 99 (155 statements)...
  ✓ Batch 99 uploaded successfully
Processing batch 100/170 (verses 4951-5000)...
  Uploading batch 100 (122 statements)...
  ✓ Batch 100 uploaded successfully
Processing batch 101/170 (verses 5001-5050)...
  Uploading batch 101 (168 statements)...
  ✓ Batch 101 uploaded successfully
Processing batch 102/170 (verses 5051-5100)...
  Uploading batch 102 (148 statements)...
  ✓ Batch 102 uploaded successfully
Processing batch 103/170 (verses 5101-5150)...
  Uploading batch 103 (213 statements)...
  ✓ Batch 103 uploaded successfully
Processing batch 104/170 (verses 5151-5200)...
  Uploading batch 104 (163 statements)...
  ✓ Batch 104 uploaded successfully
Processing batch 105/170 (verses 5201-5250)...
  Uploading batch 105 (215 statements)...
  ✓ Batch 105 uploaded successfully
Processing batch 106/170 (verses 5251-5300)...
  Uploading batch 106 (202 statements)...
  ✓ Batch 106 uploaded successfully
Processing batch 107/170 (verses 5301-5350)...
  Uploading batch 107 (121 statements)...
  ✓ Batch 107 uploaded successfully
Processing batch 108/170 (verses 5351-5400)...
  Uploading batch 108 (131 statements)...
  ✓ Batch 108 uploaded successfully
Processing batch 109/170 (verses 5401-5450)...
  Uploading batch 109 (171 statements)...
  ✓ Batch 109 uploaded successfully
Processing batch 110/170 (verses 5451-5500)...
  Uploading batch 110 (132 statements)...
  ✓ Batch 110 uploaded successfully
Processing batch 111/170 (verses 5501-5550)...
  Uploading batch 111 (140 statements)...
  ✓ Batch 111 uploaded successfully
Processing batch 112/170 (verses 5551-5600)...
  Uploading batch 112 (118 statements)...
  ✓ Batch 112 uploaded successfully
Processing batch 113/170 (verses 5601-5650)...
  Uploading batch 113 (195 statements)...
  ✓ Batch 113 uploaded successfully
Processing batch 114/170 (verses 5651-5700)...
  Uploading batch 114 (174 statements)...
  ✓ Batch 114 uploaded successfully
Processing batch 115/170 (verses 5701-5750)...
  Uploading batch 115 (129 statements)...
  ✓ Batch 115 uploaded successfully
Processing batch 116/170 (verses 5751-5800)...
  Uploading batch 116 (150 statements)...
  ✓ Batch 116 uploaded successfully
Processing batch 117/170 (verses 5801-5850)...
  Uploading batch 117 (182 statements)...
  ✓ Batch 117 uploaded successfully
Processing batch 118/170 (verses 5851-5900)...
  Uploading batch 118 (155 statements)...
  ✓ Batch 118 uploaded successfully
Processing batch 119/170 (verses 5901-5950)...
  Uploading batch 119 (165 statements)...
  ✓ Batch 119 uploaded successfully
Processing batch 120/170 (verses 5951-6000)...
  Uploading batch 120 (206 statements)...
  ✓ Batch 120 uploaded successfully
Processing batch 121/170 (verses 6001-6050)...
  Uploading batch 121 (217 statements)...
  ✓ Batch 121 uploaded successfully
Processing batch 122/170 (verses 6051-6100)...
  Uploading batch 122 (168 statements)...
  ✓ Batch 122 uploaded successfully
Processing batch 123/170 (verses 6101-6150)...
  Uploading batch 123 (188 statements)...
  ✓ Batch 123 uploaded successfully
Processing batch 124/170 (verses 6151-6200)...
  Uploading batch 124 (174 statements)...
  ✓ Batch 124 uploaded successfully
Processing batch 125/170 (verses 6201-6250)...
  Uploading batch 125 (150 statements)...
  ✓ Batch 125 uploaded successfully
Processing batch 126/170 (verses 6251-6300)...
  Uploading batch 126 (158 statements)...
  ✓ Batch 126 uploaded successfully
Processing batch 127/170 (verses 6301-6350)...
  Uploading batch 127 (189 statements)...
  ✓ Batch 127 uploaded successfully
Processing batch 128/170 (verses 6351-6400)...
  Uploading batch 128 (198 statements)...
  ✓ Batch 128 uploaded successfully
Processing batch 129/170 (verses 6401-6450)...
  Uploading batch 129 (163 statements)...
  ✓ Batch 129 uploaded successfully
Processing batch 130/170 (verses 6451-6500)...
  Uploading batch 130 (180 statements)...
  ✓ Batch 130 uploaded successfully
Processing batch 131/170 (verses 6501-6550)...
  Uploading batch 131 (165 statements)...
  ✓ Batch 131 uploaded successfully
Processing batch 132/170 (verses 6551-6600)...
  Uploading batch 132 (137 statements)...
  ✓ Batch 132 uploaded successfully
Processing batch 133/170 (verses 6601-6650)...
  Uploading batch 133 (132 statements)...
  ✓ Batch 133 uploaded successfully
Processing batch 134/170 (verses 6651-6700)...
  Uploading batch 134 (125 statements)...
  ✓ Batch 134 uploaded successfully
Processing batch 135/170 (verses 6701-6750)...
  Uploading batch 135 (111 statements)...
  ✓ Batch 135 uploaded successfully
Processing batch 136/170 (verses 6751-6800)...
  Uploading batch 136 (138 statements)...
  ✓ Batch 136 uploaded successfully
Processing batch 137/170 (verses 6801-6850)...
  Uploading batch 137 (117 statements)...
  ✓ Batch 137 uploaded successfully
Processing batch 138/170 (verses 6851-6900)...
  Uploading batch 138 (123 statements)...
  ✓ Batch 138 uploaded successfully
Processing batch 139/170 (verses 6901-6950)...
  Uploading batch 139 (135 statements)...
  ✓ Batch 139 uploaded successfully
Processing batch 140/170 (verses 6951-7000)...
  Uploading batch 140 (118 statements)...
  ✓ Batch 140 uploaded successfully
Processing batch 141/170 (verses 7001-7050)...
  Uploading batch 141 (142 statements)...
  ✓ Batch 141 uploaded successfully
Processing batch 142/170 (verses 7051-7100)...
  Uploading batch 142 (131 statements)...
  ✓ Batch 142 uploaded successfully
Processing batch 143/170 (verses 7101-7150)...
  Uploading batch 143 (145 statements)...
  ✓ Batch 143 uploaded successfully
Processing batch 144/170 (verses 7151-7200)...
  Uploading batch 144 (124 statements)...
  ✓ Batch 144 uploaded successfully
Processing batch 145/170 (verses 7201-7250)...
  Uploading batch 145 (121 statements)...
  ✓ Batch 145 uploaded successfully
Processing batch 146/170 (verses 7251-7300)...
  Uploading batch 146 (116 statements)...
  ✓ Batch 146 uploaded successfully
Processing batch 147/170 (verses 7301-7350)...
  Uploading batch 147 (130 statements)...
  ✓ Batch 147 uploaded successfully
Processing batch 148/170 (verses 7351-7400)...
  Uploading batch 148 (132 statements)...
  ✓ Batch 148 uploaded successfully
Processing batch 149/170 (verses 7401-7450)...
  Uploading batch 149 (117 statements)...
  ✓ Batch 149 uploaded successfully
Processing batch 150/170 (verses 7451-7500)...
  Uploading batch 150 (130 statements)...
  ✓ Batch 150 uploaded successfully
Processing batch 151/170 (verses 7501-7550)...
  Uploading batch 151 (141 statements)...
  ✓ Batch 151 uploaded successfully
Processing batch 152/170 (verses 7551-7600)...
  Uploading batch 152 (129 statements)...
  ✓ Batch 152 uploaded successfully
Processing batch 153/170 (verses 7601-7650)...
  Uploading batch 153 (127 statements)...
  ✓ Batch 153 uploaded successfully
Processing batch 154/170 (verses 7651-7700)...
  Uploading batch 154 (132 statements)...
  ✓ Batch 154 uploaded successfully
Processing batch 155/170 (verses 7701-7750)...
  Uploading batch 155 (118 statements)...
  ✓ Batch 155 uploaded successfully
Processing batch 156/170 (verses 7751-7800)...
  Uploading batch 156 (130 statements)...
  ✓ Batch 156 uploaded successfully
Processing batch 157/170 (verses 7801-7850)...
  Uploading batch 157 (137 statements)...
  ✓ Batch 157 uploaded successfully
Processing batch 158/170 (verses 7851-7900)...
  Uploading batch 158 (118 statements)...
  ✓ Batch 158 uploaded successfully
Processing batch 159/170 (verses 7901-7950)...
  Uploading batch 159 (107 statements)...
  ✓ Batch 159 uploaded successfully
Processing batch 160/170 (verses 7951-8000)...
  Uploading batch 160 (178 statements)...
  ✓ Batch 160 uploaded successfully
Processing batch 161/170 (verses 8001-8050)...
  Uploading batch 161 (262 statements)...
  ✓ Batch 161 uploaded successfully
Processing batch 162/170 (verses 8051-8100)...
  Uploading batch 162 (249 statements)...
  ✓ Batch 162 uploaded successfully
Processing batch 163/170 (verses 8101-8150)...
  Uploading batch 163 (139 statements)...
  ✓ Batch 163 uploaded successfully
Processing batch 164/170 (verses 8151-8200)...
  Uploading batch 164 (150 statements)...
  ✓ Batch 164 uploaded successfully
Processing batch 165/170 (verses 8201-8250)...
  Uploading batch 165 (163 statements)...
  ✓ Batch 165 uploaded successfully
Processing batch 166/170 (verses 8251-8300)...
  Uploading batch 166 (173 statements)...
  ✓ Batch 166 uploaded successfully
Processing batch 167/170 (verses 8301-8350)...
  Uploading batch 167 (154 statements)...
  ✓ Batch 167 uploaded successfully
Processing batch 168/170 (verses 8351-8400)...
  Uploading batch 168 (130 statements)...
  ✓ Batch 168 uploaded successfully
Processing batch 169/170 (verses 8401-8450)...
  Uploading batch 169 (140 statements)...
  ✓ Batch 169 uploaded successfully
Processing batch 170/170 (verses 8451-8481)...
  Uploading batch 170 (144 statements)...
  ✓ Batch 170 uploaded successfully

============================================================
Upload Summary:
  Successful batches: 170/170
  Failed batches: 0
  Total verses uploaded: ~8500
============================================================
