================================================================================
DELETING OLD LECTURE VECTORS
================================================================================
Deleting vector IDs 19824-26863 from Vectorize...

Deleting batch 1/8 (1000 vectors)...
  ✗ Failed to delete batch 1
  Error: [31m✘ [41;31m[[41;97mERROR[41;31m][0m [1mA request to the Cloudflare API (/accounts/40035612bce74407c306499494965595/vectorize/v2/indexes/philosophy-vectors/delete_by_ids) failed.[0m

  id too long; max is 64 bytes, got 9000 bytes [code: 40008]
  
  If you think this is a bug, please open an issue at: [4mhttps://github.com/cloudflare/workers-sdk/issues/new/choose[0m


🪵  Logs were written to "/Users/jaganat/Library/Preferences/.wrangler/logs/wrangler-2025-11-26_04-26-42_491.log"

  Note: This may be OK if vectors don't exist

Deleting batch 2/8 (1000 vectors)...
  ✗ Failed to delete batch 2
  Error: [31m✘ [41;31m[[41;97mERROR[41;31m][0m [1mA request to the Cloudflare API (/accounts/40035612bce74407c306499494965595/vectorize/v2/indexes/philosophy-vectors/delete_by_ids) failed.[0m

  id too long; max is 64 bytes, got 9000 bytes [code: 40008]
  
  If you think this is a bug, please open an issue at: [4mhttps://github.com/cloudflare/workers-sdk/issues/new/choose[0m


🪵  Logs were written to "/Users/jaganat/Library/Preferences/.wrangler/logs/wrangler-2025-11-26_04-26-45_143.log"

  Note: This may be OK if vectors don't exist

Deleting batch 3/8 (1000 vectors)...
  ✗ Failed to delete batch 3
  Error: [31m✘ [41;31m[[41;97mERROR[41;31m][0m [1mA request to the Cloudflare API (/accounts/40035612bce74407c306499494965595/vectorize/v2/indexes/philosophy-vectors/delete_by_ids) failed.[0m

  id too long; max is 64 bytes, got 9000 bytes [code: 40008]
  
  If you think this is a bug, please open an issue at: [4mhttps://github.com/cloudflare/workers-sdk/issues/new/choose[0m


🪵  Logs were written to "/Users/jaganat/Library/Preferences/.wrangler/logs/wrangler-2025-11-26_04-26-46_862.log"

  Note: This may be OK if vectors don't exist

Deleting batch 4/8 (1000 vectors)...
  ✗ Failed to delete batch 4
  Error: [31m✘ [41;31m[[41;97mERROR[41;31m][0m [1mA request to the Cloudflare API (/accounts/40035612bce74407c306499494965595/vectorize/v2/indexes/philosophy-vectors/delete_by_ids) failed.[0m

  id too long; max is 64 bytes, got 9000 bytes [code: 40008]
  
  If you think this is a bug, please open an issue at: [4mhttps://github.com/cloudflare/workers-sdk/issues/new/choose[0m


🪵  Logs were written to "/Users/jaganat/Library/Preferences/.wrangler/logs/wrangler-2025-11-26_04-26-48_570.log"

  Note: This may be OK if vectors don't exist

Deleting batch 5/8 (1000 vectors)...
  ✗ Failed to delete batch 5
  Error: [31m✘ [41;31m[[41;97mERROR[41;31m][0m [1mA request to the Cloudflare API (/accounts/40035612bce74407c306499494965595/vectorize/v2/indexes/philosophy-vectors/delete_by_ids) failed.[0m

  id too long; max is 64 bytes, got 9000 bytes [code: 40008]
  
  If you think this is a bug, please open an issue at: [4mhttps://github.com/cloudflare/workers-sdk/issues/new/choose[0m


🪵  Logs were written to "/Users/jaganat/Library/Preferences/.wrangler/logs/wrangler-2025-11-26_04-26-50_281.log"

  Note: This may be OK if vectors don't exist

Deleting batch 6/8 (1000 vectors)...
  ✗ Failed to delete batch 6
  Error: [31m✘ [41;31m[[41;97mERROR[41;31m][0m [1mA request to the Cloudflare API (/accounts/40035612bce74407c306499494965595/vectorize/v2/indexes/philosophy-vectors/delete_by_ids) failed.[0m

  id too long; max is 64 bytes, got 9000 bytes [code: 40008]
  
  If you think this is a bug, please open an issue at: [4mhttps://github.com/cloudflare/workers-sdk/issues/new/choose[0m


🪵  Logs were written to "/Users/jaganat/Library/Preferences/.wrangler/logs/wrangler-2025-11-26_04-26-52_156.log"

  Note: This may be OK if vectors don't exist

Deleting batch 7/8 (1000 vectors)...
  ✗ Failed to delete batch 7
  Error: [31m✘ [41;31m[[41;97mERROR[41;31m][0m [1mA request to the Cloudflare API (/accounts/40035612bce74407c306499494965595/vectorize/v2/indexes/philosophy-vectors/delete_by_ids) failed.[0m

  id too long; max is 64 bytes, got 9000 bytes [code: 40008]
  
  If you think this is a bug, please open an issue at: [4mhttps://github.com/cloudflare/workers-sdk/issues/new/choose[0m


🪵  Logs were written to "/Users/jaganat/Library/Preferences/.wrangler/logs/wrangler-2025-11-26_04-26-53_958.log"

  Note: This may be OK if vectors don't exist

Deleting batch 8/8 (40 vectors)...
  ✗ Failed to delete batch 8
  Error: [31m✘ [41;31m[[41;97mERROR[41;31m][0m [1mA request to the Cloudflare API (/accounts/40035612bce74407c306499494965595/vectorize/v2/indexes/philosophy-vectors/delete_by_ids) failed.[0m

  id too long; max is 64 bytes, got 360 bytes [code: 40008]
  
  If you think this is a bug, please open an issue at: [4mhttps://github.com/cloudflare/workers-sdk/issues/new/choose[0m


🪵  Logs were written to "/Users/jaganat/Library/Preferences/.wrangler/logs/wrangler-2025-11-26_04-26-55_642.log"

  Note: This may be OK if vectors don't exist


✓ Deletion complete: 0 vector IDs processed

================================================================================
RE-UPLOADING LECTURES WITH CORRECT METADATA
================================================================================
Loading lecture data...

Traceback (most recent call last):
  File "/Users/jaganat/.emacs.d/git_projects/questions_answers/delete_and_reupload_lectures.py", line 61, in <module>
    chunks = data['chunks']
KeyError: 'chunks'
