/Users/jaganat/Library/Python/3.9/lib/python/site-packages/urllib3/__init__.py:35: NotOpenSSLWarning: urllib3 v2 only supports OpenSSL 1.1.1+, currently the 'ssl' module is compiled with 'LibreSSL 2.8.3'. See: https://github.com/urllib3/urllib3/issues/3020
  warnings.warn(
================================================================================
Vedabase Embedding Generation & Upload
================================================================================

Total chunks to process: 19,823
Resuming from chunk ID: 5800
Already processed: 5,800 chunks

Batch 59: Processing chunk IDs 5801 to 5900 (100 chunks)
  Generating embeddings for 100 chunks...
  Uploading to Vectorize...
Warning: Cloudflare credentials not set. Skipping Vectorize upload.
  ⚠ Vectorize upload skipped (credentials not set)
  Progress: 5,900/19,823 (29.8%)

Batch 60: Processing chunk IDs 5901 to 6000 (100 chunks)
  Generating embeddings for 100 chunks...
  Uploading to Vectorize...
Warning: Cloudflare credentials not set. Skipping Vectorize upload.
  ⚠ Vectorize upload skipped (credentials not set)
  Progress: 6,000/19,823 (30.3%)

Batch 61: Processing chunk IDs 6001 to 6100 (100 chunks)
  Generating embeddings for 100 chunks...
  Uploading to Vectorize...
Warning: Cloudflare credentials not set. Skipping Vectorize upload.
  ⚠ Vectorize upload skipped (credentials not set)
  Progress: 6,100/19,823 (30.8%)

Batch 62: Processing chunk IDs 6101 to 6200 (100 chunks)
  Generating embeddings for 100 chunks...
  Uploading to Vectorize...
Warning: Cloudflare credentials not set. Skipping Vectorize upload.
  ⚠ Vectorize upload skipped (credentials not set)
  Progress: 6,200/19,823 (31.3%)

Batch 63: Processing chunk IDs 6201 to 6300 (100 chunks)
  Generating embeddings for 100 chunks...
  Uploading to Vectorize...
Warning: Cloudflare credentials not set. Skipping Vectorize upload.
  ⚠ Vectorize upload skipped (credentials not set)
  Progress: 6,300/19,823 (31.8%)

Batch 64: Processing chunk IDs 6301 to 6400 (100 chunks)
  Generating embeddings for 100 chunks...
  Uploading to Vectorize...
Warning: Cloudflare credentials not set. Skipping Vectorize upload.
  ⚠ Vectorize upload skipped (credentials not set)
  Progress: 6,400/19,823 (32.3%)

Batch 65: Processing chunk IDs 6401 to 6500 (100 chunks)
  Generating embeddings for 100 chunks...
  Uploading to Vectorize...
Warning: Cloudflare credentials not set. Skipping Vectorize upload.
  ⚠ Vectorize upload skipped (credentials not set)
  Progress: 6,500/19,823 (32.8%)

Batch 66: Processing chunk IDs 6501 to 6600 (100 chunks)
  Generating embeddings for 100 chunks...
  Uploading to Vectorize...
Warning: Cloudflare credentials not set. Skipping Vectorize upload.
  ⚠ Vectorize upload skipped (credentials not set)
  Progress: 6,600/19,823 (33.3%)

Batch 67: Processing chunk IDs 6601 to 6700 (100 chunks)
  Generating embeddings for 100 chunks...
  Uploading to Vectorize...
Warning: Cloudflare credentials not set. Skipping Vectorize upload.
  ⚠ Vectorize upload skipped (credentials not set)
  Progress: 6,700/19,823 (33.8%)

Batch 68: Processing chunk IDs 6701 to 6800 (100 chunks)
  Generating embeddings for 100 chunks...
  Uploading to Vectorize...
Warning: Cloudflare credentials not set. Skipping Vectorize upload.
  ⚠ Vectorize upload skipped (credentials not set)
  Progress: 6,800/19,823 (34.3%)

Batch 69: Processing chunk IDs 6801 to 6900 (100 chunks)
  Generating embeddings for 100 chunks...
  Uploading to Vectorize...
Warning: Cloudflare credentials not set. Skipping Vectorize upload.
  ⚠ Vectorize upload skipped (credentials not set)
  Progress: 6,900/19,823 (34.8%)

Batch 70: Processing chunk IDs 6901 to 7000 (100 chunks)
  Generating embeddings for 100 chunks...
  Uploading to Vectorize...
Warning: Cloudflare credentials not set. Skipping Vectorize upload.
  ⚠ Vectorize upload skipped (credentials not set)
  Progress: 7,000/19,823 (35.3%)

Batch 71: Processing chunk IDs 7001 to 7100 (100 chunks)
  Generating embeddings for 100 chunks...
  Uploading to Vectorize...
Warning: Cloudflare credentials not set. Skipping Vectorize upload.
  ⚠ Vectorize upload skipped (credentials not set)
  Progress: 7,100/19,823 (35.8%)

Batch 72: Processing chunk IDs 7101 to 7200 (100 chunks)
  Generating embeddings for 100 chunks...
  Uploading to Vectorize...
Warning: Cloudflare credentials not set. Skipping Vectorize upload.
  ⚠ Vectorize upload skipped (credentials not set)
  Progress: 7,200/19,823 (36.3%)

Batch 73: Processing chunk IDs 7201 to 7300 (100 chunks)
  Generating embeddings for 100 chunks...
  Uploading to Vectorize...
Warning: Cloudflare credentials not set. Skipping Vectorize upload.
  ⚠ Vectorize upload skipped (credentials not set)
  Progress: 7,300/19,823 (36.8%)

Batch 74: Processing chunk IDs 7301 to 7400 (100 chunks)
  Generating embeddings for 100 chunks...
  Uploading to Vectorize...
Warning: Cloudflare credentials not set. Skipping Vectorize upload.
  ⚠ Vectorize upload skipped (credentials not set)
  Progress: 7,400/19,823 (37.3%)

Batch 75: Processing chunk IDs 7401 to 7500 (100 chunks)
  Generating embeddings for 100 chunks...
  Uploading to Vectorize...
Warning: Cloudflare credentials not set. Skipping Vectorize upload.
  ⚠ Vectorize upload skipped (credentials not set)
  Progress: 7,500/19,823 (37.8%)

Batch 76: Processing chunk IDs 7501 to 7600 (100 chunks)
  Generating embeddings for 100 chunks...
  Uploading to Vectorize...
Warning: Cloudflare credentials not set. Skipping Vectorize upload.
  ⚠ Vectorize upload skipped (credentials not set)
  Progress: 7,600/19,823 (38.3%)

Batch 77: Processing chunk IDs 7601 to 7700 (100 chunks)
  Generating embeddings for 100 chunks...
  Uploading to Vectorize...
Warning: Cloudflare credentials not set. Skipping Vectorize upload.
  ⚠ Vectorize upload skipped (credentials not set)
  Progress: 7,700/19,823 (38.8%)

Batch 78: Processing chunk IDs 7701 to 7800 (100 chunks)
  Generating embeddings for 100 chunks...
  Uploading to Vectorize...
Warning: Cloudflare credentials not set. Skipping Vectorize upload.
  ⚠ Vectorize upload skipped (credentials not set)
  Progress: 7,800/19,823 (39.3%)

Batch 79: Processing chunk IDs 7801 to 7900 (100 chunks)
  Generating embeddings for 100 chunks...
  Uploading to Vectorize...
Warning: Cloudflare credentials not set. Skipping Vectorize upload.
  ⚠ Vectorize upload skipped (credentials not set)
  Progress: 7,900/19,823 (39.9%)

Batch 80: Processing chunk IDs 7901 to 8000 (100 chunks)
  Generating embeddings for 100 chunks...
  Uploading to Vectorize...
Warning: Cloudflare credentials not set. Skipping Vectorize upload.
  ⚠ Vectorize upload skipped (credentials not set)
  Progress: 8,000/19,823 (40.4%)

Batch 81: Processing chunk IDs 8001 to 8100 (100 chunks)
  Generating embeddings for 100 chunks...
  Uploading to Vectorize...
Warning: Cloudflare credentials not set. Skipping Vectorize upload.
  ⚠ Vectorize upload skipped (credentials not set)
  Progress: 8,100/19,823 (40.9%)

Batch 82: Processing chunk IDs 8101 to 8200 (100 chunks)
  Generating embeddings for 100 chunks...
  Uploading to Vectorize...
Warning: Cloudflare credentials not set. Skipping Vectorize upload.
  ⚠ Vectorize upload skipped (credentials not set)
  Progress: 8,200/19,823 (41.4%)

Batch 83: Processing chunk IDs 8201 to 8300 (100 chunks)
  Generating embeddings for 100 chunks...
  Uploading to Vectorize...
Warning: Cloudflare credentials not set. Skipping Vectorize upload.
  ⚠ Vectorize upload skipped (credentials not set)
  Progress: 8,300/19,823 (41.9%)

Batch 84: Processing chunk IDs 8301 to 8400 (100 chunks)
  Generating embeddings for 100 chunks...
  Uploading to Vectorize...
Warning: Cloudflare credentials not set. Skipping Vectorize upload.
  ⚠ Vectorize upload skipped (credentials not set)
  Progress: 8,400/19,823 (42.4%)

Batch 85: Processing chunk IDs 8401 to 8500 (100 chunks)
  Generating embeddings for 100 chunks...
  Uploading to Vectorize...
Warning: Cloudflare credentials not set. Skipping Vectorize upload.
  ⚠ Vectorize upload skipped (credentials not set)
  Progress: 8,500/19,823 (42.9%)

Batch 86: Processing chunk IDs 8501 to 8600 (100 chunks)
  Generating embeddings for 100 chunks...
  Uploading to Vectorize...
Warning: Cloudflare credentials not set. Skipping Vectorize upload.
  ⚠ Vectorize upload skipped (credentials not set)
  Progress: 8,600/19,823 (43.4%)

Batch 87: Processing chunk IDs 8601 to 8700 (100 chunks)
  Generating embeddings for 100 chunks...
  Uploading to Vectorize...
Warning: Cloudflare credentials not set. Skipping Vectorize upload.
  ⚠ Vectorize upload skipped (credentials not set)
  Progress: 8,700/19,823 (43.9%)

Batch 88: Processing chunk IDs 8701 to 8800 (100 chunks)
  Generating embeddings for 100 chunks...
  Uploading to Vectorize...
Warning: Cloudflare credentials not set. Skipping Vectorize upload.
  ⚠ Vectorize upload skipped (credentials not set)
  Progress: 8,800/19,823 (44.4%)

Batch 89: Processing chunk IDs 8801 to 8900 (100 chunks)
  Generating embeddings for 100 chunks...
  Uploading to Vectorize...
Warning: Cloudflare credentials not set. Skipping Vectorize upload.
  ⚠ Vectorize upload skipped (credentials not set)
  Progress: 8,900/19,823 (44.9%)

Batch 90: Processing chunk IDs 8901 to 9000 (100 chunks)
  Generating embeddings for 100 chunks...
  Uploading to Vectorize...
Warning: Cloudflare credentials not set. Skipping Vectorize upload.
  ⚠ Vectorize upload skipped (credentials not set)
  Progress: 9,000/19,823 (45.4%)

Batch 91: Processing chunk IDs 9001 to 9100 (100 chunks)
  Generating embeddings for 100 chunks...
  Uploading to Vectorize...
Warning: Cloudflare credentials not set. Skipping Vectorize upload.
  ⚠ Vectorize upload skipped (credentials not set)
  Progress: 9,100/19,823 (45.9%)

Batch 92: Processing chunk IDs 9101 to 9200 (100 chunks)
  Generating embeddings for 100 chunks...
  Uploading to Vectorize...
Warning: Cloudflare credentials not set. Skipping Vectorize upload.
  ⚠ Vectorize upload skipped (credentials not set)
  Progress: 9,200/19,823 (46.4%)

Batch 93: Processing chunk IDs 9201 to 9300 (100 chunks)
  Generating embeddings for 100 chunks...
  Uploading to Vectorize...
Warning: Cloudflare credentials not set. Skipping Vectorize upload.
  ⚠ Vectorize upload skipped (credentials not set)
  Progress: 9,300/19,823 (46.9%)

Batch 94: Processing chunk IDs 9301 to 9400 (100 chunks)
  Generating embeddings for 100 chunks...
  Uploading to Vectorize...
Warning: Cloudflare credentials not set. Skipping Vectorize upload.
  ⚠ Vectorize upload skipped (credentials not set)
  Progress: 9,400/19,823 (47.4%)

Batch 95: Processing chunk IDs 9401 to 9500 (100 chunks)
  Generating embeddings for 100 chunks...
  Uploading to Vectorize...
Warning: Cloudflare credentials not set. Skipping Vectorize upload.
  ⚠ Vectorize upload skipped (credentials not set)
  Progress: 9,500/19,823 (47.9%)

Batch 96: Processing chunk IDs 9501 to 9600 (100 chunks)
  Generating embeddings for 100 chunks...
  Uploading to Vectorize...
Warning: Cloudflare credentials not set. Skipping Vectorize upload.
  ⚠ Vectorize upload skipped (credentials not set)
  Progress: 9,600/19,823 (48.4%)

Batch 97: Processing chunk IDs 9601 to 9700 (100 chunks)
  Generating embeddings for 100 chunks...
  Uploading to Vectorize...
Warning: Cloudflare credentials not set. Skipping Vectorize upload.
  ⚠ Vectorize upload skipped (credentials not set)
  Progress: 9,700/19,823 (48.9%)

Batch 98: Processing chunk IDs 9701 to 9800 (100 chunks)
  Generating embeddings for 100 chunks...
  Uploading to Vectorize...
Warning: Cloudflare credentials not set. Skipping Vectorize upload.
  ⚠ Vectorize upload skipped (credentials not set)
  Progress: 9,800/19,823 (49.4%)

Batch 99: Processing chunk IDs 9801 to 9900 (100 chunks)
  Generating embeddings for 100 chunks...
  Uploading to Vectorize...
Warning: Cloudflare credentials not set. Skipping Vectorize upload.
  ⚠ Vectorize upload skipped (credentials not set)
  Progress: 9,900/19,823 (49.9%)

Batch 100: Processing chunk IDs 9901 to 10000 (100 chunks)
  Generating embeddings for 100 chunks...
  Uploading to Vectorize...
Warning: Cloudflare credentials not set. Skipping Vectorize upload.
  ⚠ Vectorize upload skipped (credentials not set)
  Progress: 10,000/19,823 (50.4%)

Batch 101: Processing chunk IDs 10001 to 10100 (100 chunks)
  Generating embeddings for 100 chunks...
  Uploading to Vectorize...
Warning: Cloudflare credentials not set. Skipping Vectorize upload.
  ⚠ Vectorize upload skipped (credentials not set)
  Progress: 10,100/19,823 (51.0%)

Batch 102: Processing chunk IDs 10101 to 10200 (100 chunks)
  Generating embeddings for 100 chunks...
  Uploading to Vectorize...
Warning: Cloudflare credentials not set. Skipping Vectorize upload.
  ⚠ Vectorize upload skipped (credentials not set)
  Progress: 10,200/19,823 (51.5%)

Batch 103: Processing chunk IDs 10201 to 10300 (100 chunks)
  Generating embeddings for 100 chunks...
  Uploading to Vectorize...
Warning: Cloudflare credentials not set. Skipping Vectorize upload.
  ⚠ Vectorize upload skipped (credentials not set)
  Progress: 10,300/19,823 (52.0%)

Batch 104: Processing chunk IDs 10301 to 10400 (100 chunks)
  Generating embeddings for 100 chunks...
  Uploading to Vectorize...
Warning: Cloudflare credentials not set. Skipping Vectorize upload.
  ⚠ Vectorize upload skipped (credentials not set)
  Progress: 10,400/19,823 (52.5%)

Batch 105: Processing chunk IDs 10401 to 10500 (100 chunks)
  Generating embeddings for 100 chunks...
  Uploading to Vectorize...
Warning: Cloudflare credentials not set. Skipping Vectorize upload.
  ⚠ Vectorize upload skipped (credentials not set)
  Progress: 10,500/19,823 (53.0%)

Batch 106: Processing chunk IDs 10501 to 10600 (100 chunks)
  Generating embeddings for 100 chunks...
  Uploading to Vectorize...
Warning: Cloudflare credentials not set. Skipping Vectorize upload.
  ⚠ Vectorize upload skipped (credentials not set)
  Progress: 10,600/19,823 (53.5%)

Batch 107: Processing chunk IDs 10601 to 10700 (100 chunks)
  Generating embeddings for 100 chunks...
  Uploading to Vectorize...
Warning: Cloudflare credentials not set. Skipping Vectorize upload.
  ⚠ Vectorize upload skipped (credentials not set)
  Progress: 10,700/19,823 (54.0%)

Batch 108: Processing chunk IDs 10701 to 10800 (100 chunks)
  Generating embeddings for 100 chunks...
  Uploading to Vectorize...
Warning: Cloudflare credentials not set. Skipping Vectorize upload.
  ⚠ Vectorize upload skipped (credentials not set)
  Progress: 10,800/19,823 (54.5%)

Batch 109: Processing chunk IDs 10801 to 10900 (100 chunks)
  Generating embeddings for 100 chunks...
  Uploading to Vectorize...
Warning: Cloudflare credentials not set. Skipping Vectorize upload.
  ⚠ Vectorize upload skipped (credentials not set)
  Progress: 10,900/19,823 (55.0%)

Batch 110: Processing chunk IDs 10901 to 11000 (100 chunks)
  Generating embeddings for 100 chunks...
  Uploading to Vectorize...
Warning: Cloudflare credentials not set. Skipping Vectorize upload.
  ⚠ Vectorize upload skipped (credentials not set)
  Progress: 11,000/19,823 (55.5%)

Batch 111: Processing chunk IDs 11001 to 11100 (100 chunks)
  Generating embeddings for 100 chunks...
  Uploading to Vectorize...
Warning: Cloudflare credentials not set. Skipping Vectorize upload.
  ⚠ Vectorize upload skipped (credentials not set)
  Progress: 11,100/19,823 (56.0%)

Batch 112: Processing chunk IDs 11101 to 11200 (100 chunks)
  Generating embeddings for 100 chunks...
  Uploading to Vectorize...
Warning: Cloudflare credentials not set. Skipping Vectorize upload.
  ⚠ Vectorize upload skipped (credentials not set)
  Progress: 11,200/19,823 (56.5%)

Batch 113: Processing chunk IDs 11201 to 11300 (100 chunks)
  Generating embeddings for 100 chunks...
  Uploading to Vectorize...
Warning: Cloudflare credentials not set. Skipping Vectorize upload.
  ⚠ Vectorize upload skipped (credentials not set)
  Progress: 11,300/19,823 (57.0%)

Batch 114: Processing chunk IDs 11301 to 11400 (100 chunks)
  Generating embeddings for 100 chunks...
  Uploading to Vectorize...
Warning: Cloudflare credentials not set. Skipping Vectorize upload.
  ⚠ Vectorize upload skipped (credentials not set)
  Progress: 11,400/19,823 (57.5%)

Batch 115: Processing chunk IDs 11401 to 11500 (100 chunks)
  Generating embeddings for 100 chunks...
  Uploading to Vectorize...
Warning: Cloudflare credentials not set. Skipping Vectorize upload.
  ⚠ Vectorize upload skipped (credentials not set)
  Progress: 11,500/19,823 (58.0%)

Batch 116: Processing chunk IDs 11501 to 11600 (100 chunks)
  Generating embeddings for 100 chunks...
  Uploading to Vectorize...
Warning: Cloudflare credentials not set. Skipping Vectorize upload.
  ⚠ Vectorize upload skipped (credentials not set)
  Progress: 11,600/19,823 (58.5%)

Batch 117: Processing chunk IDs 11601 to 11700 (100 chunks)
  Generating embeddings for 100 chunks...
  Uploading to Vectorize...
Warning: Cloudflare credentials not set. Skipping Vectorize upload.
  ⚠ Vectorize upload skipped (credentials not set)
  Progress: 11,700/19,823 (59.0%)

Batch 118: Processing chunk IDs 11701 to 11800 (100 chunks)
  Generating embeddings for 100 chunks...
  Uploading to Vectorize...
Warning: Cloudflare credentials not set. Skipping Vectorize upload.
  ⚠ Vectorize upload skipped (credentials not set)
  Progress: 11,800/19,823 (59.5%)

Batch 119: Processing chunk IDs 11801 to 11900 (100 chunks)
  Generating embeddings for 100 chunks...
  Uploading to Vectorize...
Warning: Cloudflare credentials not set. Skipping Vectorize upload.
  ⚠ Vectorize upload skipped (credentials not set)
  Progress: 11,900/19,823 (60.0%)

Batch 120: Processing chunk IDs 11901 to 12000 (100 chunks)
  Generating embeddings for 100 chunks...
  Uploading to Vectorize...
Warning: Cloudflare credentials not set. Skipping Vectorize upload.
  ⚠ Vectorize upload skipped (credentials not set)
  Progress: 12,000/19,823 (60.5%)

Batch 121: Processing chunk IDs 12001 to 12100 (100 chunks)
  Generating embeddings for 100 chunks...
  Uploading to Vectorize...
Warning: Cloudflare credentials not set. Skipping Vectorize upload.
  ⚠ Vectorize upload skipped (credentials not set)
  Progress: 12,100/19,823 (61.0%)

Batch 122: Processing chunk IDs 12101 to 12200 (100 chunks)
  Generating embeddings for 100 chunks...
  Uploading to Vectorize...
Warning: Cloudflare credentials not set. Skipping Vectorize upload.
  ⚠ Vectorize upload skipped (credentials not set)
  Progress: 12,200/19,823 (61.5%)

Batch 123: Processing chunk IDs 12201 to 12300 (100 chunks)
  Generating embeddings for 100 chunks...
  Uploading to Vectorize...
Warning: Cloudflare credentials not set. Skipping Vectorize upload.
  ⚠ Vectorize upload skipped (credentials not set)
  Progress: 12,300/19,823 (62.0%)

Batch 124: Processing chunk IDs 12301 to 12400 (100 chunks)
  Generating embeddings for 100 chunks...
  Uploading to Vectorize...
Warning: Cloudflare credentials not set. Skipping Vectorize upload.
  ⚠ Vectorize upload skipped (credentials not set)
  Progress: 12,400/19,823 (62.6%)

Batch 125: Processing chunk IDs 12401 to 12500 (100 chunks)
  Generating embeddings for 100 chunks...
  Uploading to Vectorize...
Warning: Cloudflare credentials not set. Skipping Vectorize upload.
  ⚠ Vectorize upload skipped (credentials not set)
  Progress: 12,500/19,823 (63.1%)

Batch 126: Processing chunk IDs 12501 to 12600 (100 chunks)
  Generating embeddings for 100 chunks...
  Uploading to Vectorize...
Warning: Cloudflare credentials not set. Skipping Vectorize upload.
  ⚠ Vectorize upload skipped (credentials not set)
  Progress: 12,600/19,823 (63.6%)

Batch 127: Processing chunk IDs 12601 to 12700 (100 chunks)
  Generating embeddings for 100 chunks...
  Uploading to Vectorize...
Warning: Cloudflare credentials not set. Skipping Vectorize upload.
  ⚠ Vectorize upload skipped (credentials not set)
  Progress: 12,700/19,823 (64.1%)

Batch 128: Processing chunk IDs 12701 to 12800 (100 chunks)
  Generating embeddings for 100 chunks...
  Uploading to Vectorize...
Warning: Cloudflare credentials not set. Skipping Vectorize upload.
  ⚠ Vectorize upload skipped (credentials not set)
  Progress: 12,800/19,823 (64.6%)

Batch 129: Processing chunk IDs 12801 to 12900 (100 chunks)
  Generating embeddings for 100 chunks...
  Uploading to Vectorize...
Warning: Cloudflare credentials not set. Skipping Vectorize upload.
  ⚠ Vectorize upload skipped (credentials not set)
  Progress: 12,900/19,823 (65.1%)

Batch 130: Processing chunk IDs 12901 to 13000 (100 chunks)
  Generating embeddings for 100 chunks...
  Uploading to Vectorize...
Warning: Cloudflare credentials not set. Skipping Vectorize upload.
  ⚠ Vectorize upload skipped (credentials not set)
  Progress: 13,000/19,823 (65.6%)

Batch 131: Processing chunk IDs 13001 to 13100 (100 chunks)
  Generating embeddings for 100 chunks...
  Uploading to Vectorize...
Warning: Cloudflare credentials not set. Skipping Vectorize upload.
  ⚠ Vectorize upload skipped (credentials not set)
  Progress: 13,100/19,823 (66.1%)

Batch 132: Processing chunk IDs 13101 to 13200 (100 chunks)
  Generating embeddings for 100 chunks...
  Uploading to Vectorize...
Warning: Cloudflare credentials not set. Skipping Vectorize upload.
  ⚠ Vectorize upload skipped (credentials not set)
  Progress: 13,200/19,823 (66.6%)

Batch 133: Processing chunk IDs 13201 to 13300 (100 chunks)
  Generating embeddings for 100 chunks...
  Uploading to Vectorize...
Warning: Cloudflare credentials not set. Skipping Vectorize upload.
  ⚠ Vectorize upload skipped (credentials not set)
  Progress: 13,300/19,823 (67.1%)

Batch 134: Processing chunk IDs 13301 to 13400 (100 chunks)
  Generating embeddings for 100 chunks...
  Uploading to Vectorize...
Warning: Cloudflare credentials not set. Skipping Vectorize upload.
  ⚠ Vectorize upload skipped (credentials not set)
  Progress: 13,400/19,823 (67.6%)

Batch 135: Processing chunk IDs 13401 to 13500 (100 chunks)
  Generating embeddings for 100 chunks...
  Uploading to Vectorize...
Warning: Cloudflare credentials not set. Skipping Vectorize upload.
  ⚠ Vectorize upload skipped (credentials not set)
  Progress: 13,500/19,823 (68.1%)

Batch 136: Processing chunk IDs 13501 to 13600 (100 chunks)
  Generating embeddings for 100 chunks...
  Uploading to Vectorize...
Warning: Cloudflare credentials not set. Skipping Vectorize upload.
  ⚠ Vectorize upload skipped (credentials not set)
  Progress: 13,600/19,823 (68.6%)

Batch 137: Processing chunk IDs 13601 to 13700 (100 chunks)
  Generating embeddings for 100 chunks...
  Uploading to Vectorize...
Warning: Cloudflare credentials not set. Skipping Vectorize upload.
  ⚠ Vectorize upload skipped (credentials not set)
  Progress: 13,700/19,823 (69.1%)

Batch 138: Processing chunk IDs 13701 to 13800 (100 chunks)
  Generating embeddings for 100 chunks...
  Uploading to Vectorize...
Warning: Cloudflare credentials not set. Skipping Vectorize upload.
  ⚠ Vectorize upload skipped (credentials not set)
  Progress: 13,800/19,823 (69.6%)

Batch 139: Processing chunk IDs 13801 to 13900 (100 chunks)
  Generating embeddings for 100 chunks...
  Uploading to Vectorize...
Warning: Cloudflare credentials not set. Skipping Vectorize upload.
  ⚠ Vectorize upload skipped (credentials not set)
  Progress: 13,900/19,823 (70.1%)

Batch 140: Processing chunk IDs 13901 to 14000 (100 chunks)
  Generating embeddings for 100 chunks...
  Uploading to Vectorize...
Warning: Cloudflare credentials not set. Skipping Vectorize upload.
  ⚠ Vectorize upload skipped (credentials not set)
  Progress: 14,000/19,823 (70.6%)

Batch 141: Processing chunk IDs 14001 to 14100 (100 chunks)
  Generating embeddings for 100 chunks...
  Uploading to Vectorize...
Warning: Cloudflare credentials not set. Skipping Vectorize upload.
  ⚠ Vectorize upload skipped (credentials not set)
  Progress: 14,100/19,823 (71.1%)

Batch 142: Processing chunk IDs 14101 to 14200 (100 chunks)
  Generating embeddings for 100 chunks...
  Uploading to Vectorize...
Warning: Cloudflare credentials not set. Skipping Vectorize upload.
  ⚠ Vectorize upload skipped (credentials not set)
  Progress: 14,200/19,823 (71.6%)

Batch 143: Processing chunk IDs 14201 to 14300 (100 chunks)
  Generating embeddings for 100 chunks...
  Uploading to Vectorize...
Warning: Cloudflare credentials not set. Skipping Vectorize upload.
  ⚠ Vectorize upload skipped (credentials not set)
  Progress: 14,300/19,823 (72.1%)

Batch 144: Processing chunk IDs 14301 to 14400 (100 chunks)
  Generating embeddings for 100 chunks...
  Uploading to Vectorize...
Warning: Cloudflare credentials not set. Skipping Vectorize upload.
  ⚠ Vectorize upload skipped (credentials not set)
  Progress: 14,400/19,823 (72.6%)

Batch 145: Processing chunk IDs 14401 to 14500 (100 chunks)
  Generating embeddings for 100 chunks...
  Uploading to Vectorize...
Warning: Cloudflare credentials not set. Skipping Vectorize upload.
  ⚠ Vectorize upload skipped (credentials not set)
  Progress: 14,500/19,823 (73.1%)

Batch 146: Processing chunk IDs 14501 to 14600 (100 chunks)
  Generating embeddings for 100 chunks...
  Uploading to Vectorize...
Warning: Cloudflare credentials not set. Skipping Vectorize upload.
  ⚠ Vectorize upload skipped (credentials not set)
  Progress: 14,600/19,823 (73.7%)

Batch 147: Processing chunk IDs 14601 to 14700 (100 chunks)
  Generating embeddings for 100 chunks...
  Uploading to Vectorize...
Warning: Cloudflare credentials not set. Skipping Vectorize upload.
  ⚠ Vectorize upload skipped (credentials not set)
  Progress: 14,700/19,823 (74.2%)

Batch 148: Processing chunk IDs 14701 to 14800 (100 chunks)
  Generating embeddings for 100 chunks...
  Uploading to Vectorize...
Warning: Cloudflare credentials not set. Skipping Vectorize upload.
  ⚠ Vectorize upload skipped (credentials not set)
  Progress: 14,800/19,823 (74.7%)

Batch 149: Processing chunk IDs 14801 to 14900 (100 chunks)
  Generating embeddings for 100 chunks...
  Uploading to Vectorize...
Warning: Cloudflare credentials not set. Skipping Vectorize upload.
  ⚠ Vectorize upload skipped (credentials not set)
  Progress: 14,900/19,823 (75.2%)

Batch 150: Processing chunk IDs 14901 to 15000 (100 chunks)
  Generating embeddings for 100 chunks...
  Uploading to Vectorize...
Warning: Cloudflare credentials not set. Skipping Vectorize upload.
  ⚠ Vectorize upload skipped (credentials not set)
  Progress: 15,000/19,823 (75.7%)

Batch 151: Processing chunk IDs 15001 to 15100 (100 chunks)
  Generating embeddings for 100 chunks...
  Uploading to Vectorize...
Warning: Cloudflare credentials not set. Skipping Vectorize upload.
  ⚠ Vectorize upload skipped (credentials not set)
  Progress: 15,100/19,823 (76.2%)

Batch 152: Processing chunk IDs 15101 to 15200 (100 chunks)
  Generating embeddings for 100 chunks...
  Uploading to Vectorize...
Warning: Cloudflare credentials not set. Skipping Vectorize upload.
  ⚠ Vectorize upload skipped (credentials not set)
  Progress: 15,200/19,823 (76.7%)

Batch 153: Processing chunk IDs 15201 to 15300 (100 chunks)
  Generating embeddings for 100 chunks...
  Uploading to Vectorize...
Warning: Cloudflare credentials not set. Skipping Vectorize upload.
  ⚠ Vectorize upload skipped (credentials not set)
  Progress: 15,300/19,823 (77.2%)

Batch 154: Processing chunk IDs 15301 to 15400 (100 chunks)
  Generating embeddings for 100 chunks...
  Uploading to Vectorize...
Warning: Cloudflare credentials not set. Skipping Vectorize upload.
  ⚠ Vectorize upload skipped (credentials not set)
  Progress: 15,400/19,823 (77.7%)

Batch 155: Processing chunk IDs 15401 to 15500 (100 chunks)
  Generating embeddings for 100 chunks...
  Uploading to Vectorize...
Warning: Cloudflare credentials not set. Skipping Vectorize upload.
  ⚠ Vectorize upload skipped (credentials not set)
  Progress: 15,500/19,823 (78.2%)

Batch 156: Processing chunk IDs 15501 to 15600 (100 chunks)
  Generating embeddings for 100 chunks...
  Uploading to Vectorize...
Warning: Cloudflare credentials not set. Skipping Vectorize upload.
  ⚠ Vectorize upload skipped (credentials not set)
  Progress: 15,600/19,823 (78.7%)

Batch 157: Processing chunk IDs 15601 to 15700 (100 chunks)
  Generating embeddings for 100 chunks...
  Uploading to Vectorize...
Warning: Cloudflare credentials not set. Skipping Vectorize upload.
  ⚠ Vectorize upload skipped (credentials not set)
  Progress: 15,700/19,823 (79.2%)

Batch 158: Processing chunk IDs 15701 to 15800 (100 chunks)
  Generating embeddings for 100 chunks...
  Uploading to Vectorize...
Warning: Cloudflare credentials not set. Skipping Vectorize upload.
  ⚠ Vectorize upload skipped (credentials not set)
  Progress: 15,800/19,823 (79.7%)

Batch 159: Processing chunk IDs 15801 to 15900 (100 chunks)
  Generating embeddings for 100 chunks...
  Uploading to Vectorize...
Warning: Cloudflare credentials not set. Skipping Vectorize upload.
  ⚠ Vectorize upload skipped (credentials not set)
  Progress: 15,900/19,823 (80.2%)

Batch 160: Processing chunk IDs 15901 to 16000 (100 chunks)
  Generating embeddings for 100 chunks...
  Uploading to Vectorize...
Warning: Cloudflare credentials not set. Skipping Vectorize upload.
  ⚠ Vectorize upload skipped (credentials not set)
  Progress: 16,000/19,823 (80.7%)

Batch 161: Processing chunk IDs 16001 to 16100 (100 chunks)
  Generating embeddings for 100 chunks...
  Uploading to Vectorize...
Warning: Cloudflare credentials not set. Skipping Vectorize upload.
  ⚠ Vectorize upload skipped (credentials not set)
  Progress: 16,100/19,823 (81.2%)

Batch 162: Processing chunk IDs 16101 to 16200 (100 chunks)
  Generating embeddings for 100 chunks...
  Uploading to Vectorize...
Warning: Cloudflare credentials not set. Skipping Vectorize upload.
  ⚠ Vectorize upload skipped (credentials not set)
  Progress: 16,200/19,823 (81.7%)

Batch 163: Processing chunk IDs 16201 to 16300 (100 chunks)
  Generating embeddings for 100 chunks...
  Uploading to Vectorize...
Warning: Cloudflare credentials not set. Skipping Vectorize upload.
  ⚠ Vectorize upload skipped (credentials not set)
  Progress: 16,300/19,823 (82.2%)

Batch 164: Processing chunk IDs 16301 to 16400 (100 chunks)
  Generating embeddings for 100 chunks...
  Uploading to Vectorize...
Warning: Cloudflare credentials not set. Skipping Vectorize upload.
  ⚠ Vectorize upload skipped (credentials not set)
  Progress: 16,400/19,823 (82.7%)

Batch 165: Processing chunk IDs 16401 to 16500 (100 chunks)
  Generating embeddings for 100 chunks...
  Uploading to Vectorize...
Warning: Cloudflare credentials not set. Skipping Vectorize upload.
  ⚠ Vectorize upload skipped (credentials not set)
  Progress: 16,500/19,823 (83.2%)

Batch 166: Processing chunk IDs 16501 to 16600 (100 chunks)
  Generating embeddings for 100 chunks...
  Uploading to Vectorize...
Warning: Cloudflare credentials not set. Skipping Vectorize upload.
  ⚠ Vectorize upload skipped (credentials not set)
  Progress: 16,600/19,823 (83.7%)

Batch 167: Processing chunk IDs 16601 to 16700 (100 chunks)
  Generating embeddings for 100 chunks...
  Uploading to Vectorize...
Warning: Cloudflare credentials not set. Skipping Vectorize upload.
  ⚠ Vectorize upload skipped (credentials not set)
  Progress: 16,700/19,823 (84.2%)

Batch 168: Processing chunk IDs 16701 to 16800 (100 chunks)
  Generating embeddings for 100 chunks...
  Uploading to Vectorize...
Warning: Cloudflare credentials not set. Skipping Vectorize upload.
  ⚠ Vectorize upload skipped (credentials not set)
  Progress: 16,800/19,823 (84.8%)

Batch 169: Processing chunk IDs 16801 to 16900 (100 chunks)
  Generating embeddings for 100 chunks...
  Uploading to Vectorize...
Warning: Cloudflare credentials not set. Skipping Vectorize upload.
  ⚠ Vectorize upload skipped (credentials not set)
  Progress: 16,900/19,823 (85.3%)

Batch 170: Processing chunk IDs 16901 to 17000 (100 chunks)
  Generating embeddings for 100 chunks...
  Uploading to Vectorize...
Warning: Cloudflare credentials not set. Skipping Vectorize upload.
  ⚠ Vectorize upload skipped (credentials not set)
  Progress: 17,000/19,823 (85.8%)

Batch 171: Processing chunk IDs 17001 to 17100 (100 chunks)
  Generating embeddings for 100 chunks...
  Uploading to Vectorize...
Warning: Cloudflare credentials not set. Skipping Vectorize upload.
  ⚠ Vectorize upload skipped (credentials not set)
  Progress: 17,100/19,823 (86.3%)

Batch 172: Processing chunk IDs 17101 to 17200 (100 chunks)
  Generating embeddings for 100 chunks...
  Uploading to Vectorize...
Warning: Cloudflare credentials not set. Skipping Vectorize upload.
  ⚠ Vectorize upload skipped (credentials not set)
  Progress: 17,200/19,823 (86.8%)

Batch 173: Processing chunk IDs 17201 to 17300 (100 chunks)
  Generating embeddings for 100 chunks...
  Uploading to Vectorize...
Warning: Cloudflare credentials not set. Skipping Vectorize upload.
  ⚠ Vectorize upload skipped (credentials not set)
  Progress: 17,300/19,823 (87.3%)

Batch 174: Processing chunk IDs 17301 to 17400 (100 chunks)
  Generating embeddings for 100 chunks...
  Uploading to Vectorize...
Warning: Cloudflare credentials not set. Skipping Vectorize upload.
  ⚠ Vectorize upload skipped (credentials not set)
  Progress: 17,400/19,823 (87.8%)

Batch 175: Processing chunk IDs 17401 to 17500 (100 chunks)
  Generating embeddings for 100 chunks...
  Uploading to Vectorize...
Warning: Cloudflare credentials not set. Skipping Vectorize upload.
  ⚠ Vectorize upload skipped (credentials not set)
  Progress: 17,500/19,823 (88.3%)

Batch 176: Processing chunk IDs 17501 to 17600 (100 chunks)
  Generating embeddings for 100 chunks...
  Uploading to Vectorize...
Warning: Cloudflare credentials not set. Skipping Vectorize upload.
  ⚠ Vectorize upload skipped (credentials not set)
  Progress: 17,600/19,823 (88.8%)

Batch 177: Processing chunk IDs 17601 to 17700 (100 chunks)
  Generating embeddings for 100 chunks...
  Uploading to Vectorize...
Warning: Cloudflare credentials not set. Skipping Vectorize upload.
  ⚠ Vectorize upload skipped (credentials not set)
  Progress: 17,700/19,823 (89.3%)

Batch 178: Processing chunk IDs 17701 to 17800 (100 chunks)
  Generating embeddings for 100 chunks...
  Uploading to Vectorize...
Warning: Cloudflare credentials not set. Skipping Vectorize upload.
  ⚠ Vectorize upload skipped (credentials not set)
  Progress: 17,800/19,823 (89.8%)

Batch 179: Processing chunk IDs 17801 to 17900 (100 chunks)
  Generating embeddings for 100 chunks...
  Uploading to Vectorize...
Warning: Cloudflare credentials not set. Skipping Vectorize upload.
  ⚠ Vectorize upload skipped (credentials not set)
  Progress: 17,900/19,823 (90.3%)

Batch 180: Processing chunk IDs 17901 to 18000 (100 chunks)
  Generating embeddings for 100 chunks...
  Uploading to Vectorize...
Warning: Cloudflare credentials not set. Skipping Vectorize upload.
  ⚠ Vectorize upload skipped (credentials not set)
  Progress: 18,000/19,823 (90.8%)

Batch 181: Processing chunk IDs 18001 to 18100 (100 chunks)
  Generating embeddings for 100 chunks...
  Uploading to Vectorize...
Warning: Cloudflare credentials not set. Skipping Vectorize upload.
  ⚠ Vectorize upload skipped (credentials not set)
  Progress: 18,100/19,823 (91.3%)

Batch 182: Processing chunk IDs 18101 to 18200 (100 chunks)
  Generating embeddings for 100 chunks...
  Uploading to Vectorize...
Warning: Cloudflare credentials not set. Skipping Vectorize upload.
  ⚠ Vectorize upload skipped (credentials not set)
  Progress: 18,200/19,823 (91.8%)

Batch 183: Processing chunk IDs 18201 to 18300 (100 chunks)
  Generating embeddings for 100 chunks...
  Uploading to Vectorize...
Warning: Cloudflare credentials not set. Skipping Vectorize upload.
  ⚠ Vectorize upload skipped (credentials not set)
  Progress: 18,300/19,823 (92.3%)

Batch 184: Processing chunk IDs 18301 to 18400 (100 chunks)
  Generating embeddings for 100 chunks...
  Uploading to Vectorize...
Warning: Cloudflare credentials not set. Skipping Vectorize upload.
  ⚠ Vectorize upload skipped (credentials not set)
  Progress: 18,400/19,823 (92.8%)

Batch 185: Processing chunk IDs 18401 to 18500 (100 chunks)
  Generating embeddings for 100 chunks...
  Uploading to Vectorize...
Warning: Cloudflare credentials not set. Skipping Vectorize upload.
  ⚠ Vectorize upload skipped (credentials not set)
  Progress: 18,500/19,823 (93.3%)

Batch 186: Processing chunk IDs 18501 to 18600 (100 chunks)
  Generating embeddings for 100 chunks...
  Uploading to Vectorize...
Warning: Cloudflare credentials not set. Skipping Vectorize upload.
  ⚠ Vectorize upload skipped (credentials not set)
  Progress: 18,600/19,823 (93.8%)

Batch 187: Processing chunk IDs 18601 to 18700 (100 chunks)
  Generating embeddings for 100 chunks...
  Uploading to Vectorize...
Warning: Cloudflare credentials not set. Skipping Vectorize upload.
  ⚠ Vectorize upload skipped (credentials not set)
  Progress: 18,700/19,823 (94.3%)

Batch 188: Processing chunk IDs 18701 to 18800 (100 chunks)
  Generating embeddings for 100 chunks...
  Uploading to Vectorize...
Warning: Cloudflare credentials not set. Skipping Vectorize upload.
  ⚠ Vectorize upload skipped (credentials not set)
  Progress: 18,800/19,823 (94.8%)

Batch 189: Processing chunk IDs 18801 to 18900 (100 chunks)
  Generating embeddings for 100 chunks...
  Uploading to Vectorize...
Warning: Cloudflare credentials not set. Skipping Vectorize upload.
  ⚠ Vectorize upload skipped (credentials not set)
  Progress: 18,900/19,823 (95.3%)

Batch 190: Processing chunk IDs 18901 to 19000 (100 chunks)
  Generating embeddings for 100 chunks...
  Uploading to Vectorize...
Warning: Cloudflare credentials not set. Skipping Vectorize upload.
  ⚠ Vectorize upload skipped (credentials not set)
  Progress: 19,000/19,823 (95.8%)

Batch 191: Processing chunk IDs 19001 to 19100 (100 chunks)
  Generating embeddings for 100 chunks...
  Uploading to Vectorize...
Warning: Cloudflare credentials not set. Skipping Vectorize upload.
  ⚠ Vectorize upload skipped (credentials not set)
  Progress: 19,100/19,823 (96.4%)

Batch 192: Processing chunk IDs 19101 to 19200 (100 chunks)
  Generating embeddings for 100 chunks...
  Uploading to Vectorize...
Warning: Cloudflare credentials not set. Skipping Vectorize upload.
  ⚠ Vectorize upload skipped (credentials not set)
  Progress: 19,200/19,823 (96.9%)

Batch 193: Processing chunk IDs 19201 to 19300 (100 chunks)
  Generating embeddings for 100 chunks...
  Uploading to Vectorize...
Warning: Cloudflare credentials not set. Skipping Vectorize upload.
  ⚠ Vectorize upload skipped (credentials not set)
  Progress: 19,300/19,823 (97.4%)

Batch 194: Processing chunk IDs 19301 to 19400 (100 chunks)
  Generating embeddings for 100 chunks...
  Uploading to Vectorize...
Warning: Cloudflare credentials not set. Skipping Vectorize upload.
  ⚠ Vectorize upload skipped (credentials not set)
  Progress: 19,400/19,823 (97.9%)

Batch 195: Processing chunk IDs 19401 to 19500 (100 chunks)
  Generating embeddings for 100 chunks...
  Uploading to Vectorize...
Warning: Cloudflare credentials not set. Skipping Vectorize upload.
  ⚠ Vectorize upload skipped (credentials not set)
  Progress: 19,500/19,823 (98.4%)

Batch 196: Processing chunk IDs 19501 to 19600 (100 chunks)
  Generating embeddings for 100 chunks...
  Uploading to Vectorize...
Warning: Cloudflare credentials not set. Skipping Vectorize upload.
  ⚠ Vectorize upload skipped (credentials not set)
  Progress: 19,600/19,823 (98.9%)

Batch 197: Processing chunk IDs 19601 to 19700 (100 chunks)
  Generating embeddings for 100 chunks...
  Uploading to Vectorize...
Warning: Cloudflare credentials not set. Skipping Vectorize upload.
  ⚠ Vectorize upload skipped (credentials not set)
  Progress: 19,700/19,823 (99.4%)

Batch 198: Processing chunk IDs 19701 to 19800 (100 chunks)
  Generating embeddings for 100 chunks...
  Uploading to Vectorize...
Warning: Cloudflare credentials not set. Skipping Vectorize upload.
  ⚠ Vectorize upload skipped (credentials not set)
  Progress: 19,800/19,823 (99.9%)

Batch 199: Processing chunk IDs 19801 to 19823 (23 chunks)
  Generating embeddings for 23 chunks...
  Uploading to Vectorize...
Warning: Cloudflare credentials not set. Skipping Vectorize upload.
  ⚠ Vectorize upload skipped (credentials not set)
  Progress: 19,823/19,823 (100.0%)


All chunks processed!

================================================================================
SUMMARY
================================================================================
Total chunks processed: 19,823
Total vectors uploaded: 0
Batches completed: 199
Started at: 2025-11-25T19:37:10.251357
Completed at: 2025-11-25T19:45:21.042876

Vedabase RAG is now ready for queries!
================================================================================
