================================================================================
GENERATING EMBEDDINGS FOR SRIMAD BHAGAVATAM CANTOS 4-10
================================================================================
Found 16204 chunks to process
  Processed 100/16204 chunks (0%)
  Processed 200/16204 chunks (1%)
  Processed 300/16204 chunks (1%)
  Processed 400/16204 chunks (2%)
  Processed 500/16204 chunks (3%)
  Processed 600/16204 chunks (3%)
  Processed 700/16204 chunks (4%)
  Processed 800/16204 chunks (4%)
  Processed 900/16204 chunks (5%)
  Processed 1000/16204 chunks (6%)
  Processed 1100/16204 chunks (6%)
  Processed 1200/16204 chunks (7%)
  Processed 1300/16204 chunks (8%)
  Processed 1400/16204 chunks (8%)
  Processed 1500/16204 chunks (9%)
  Processed 1600/16204 chunks (9%)
  Processed 1700/16204 chunks (10%)
  Processed 1800/16204 chunks (11%)
  Processed 1900/16204 chunks (11%)
  Processed 2000/16204 chunks (12%)
  Processed 2100/16204 chunks (12%)
  Processed 2200/16204 chunks (13%)
  Processed 2300/16204 chunks (14%)
  Processed 2400/16204 chunks (14%)
  Processed 2500/16204 chunks (15%)
  Processed 2600/16204 chunks (16%)
  Processed 2700/16204 chunks (16%)
  Processed 2800/16204 chunks (17%)
  Processed 2900/16204 chunks (17%)
  Processed 3000/16204 chunks (18%)
  Processed 3100/16204 chunks (19%)
  Processed 3200/16204 chunks (19%)
  Processed 3300/16204 chunks (20%)
  Processed 3400/16204 chunks (20%)
  Processed 3500/16204 chunks (21%)
  Processed 3600/16204 chunks (22%)
  Processed 3700/16204 chunks (22%)
  Processed 3800/16204 chunks (23%)
  Processed 3900/16204 chunks (24%)
  Processed 4000/16204 chunks (24%)
  Processed 4100/16204 chunks (25%)
  Processed 4200/16204 chunks (25%)
  Processed 4300/16204 chunks (26%)
  Processed 4400/16204 chunks (27%)
  Processed 4500/16204 chunks (27%)
  Processed 4600/16204 chunks (28%)
  Processed 4700/16204 chunks (29%)
  Processed 4800/16204 chunks (29%)
  Processed 4900/16204 chunks (30%)
  Processed 5000/16204 chunks (30%)
  Processed 5100/16204 chunks (31%)
  Processed 5200/16204 chunks (32%)
  Processed 5300/16204 chunks (32%)
  Processed 5400/16204 chunks (33%)
  Processed 5500/16204 chunks (33%)
  Processed 5600/16204 chunks (34%)
  Processed 5700/16204 chunks (35%)
  Processed 5800/16204 chunks (35%)
  Processed 5900/16204 chunks (36%)
  Processed 6000/16204 chunks (37%)
  Processed 6100/16204 chunks (37%)
  Processed 6200/16204 chunks (38%)
  Processed 6300/16204 chunks (38%)
  Processed 6400/16204 chunks (39%)
  Processed 6500/16204 chunks (40%)
  Processed 6600/16204 chunks (40%)
  Processed 6700/16204 chunks (41%)
  Processed 6800/16204 chunks (41%)
  Processed 6900/16204 chunks (42%)
  Processed 7000/16204 chunks (43%)
  Processed 7100/16204 chunks (43%)
  Processed 7200/16204 chunks (44%)
  Processed 7300/16204 chunks (45%)
  Processed 7400/16204 chunks (45%)
  Processed 7500/16204 chunks (46%)
  Processed 7600/16204 chunks (46%)
  Processed 7700/16204 chunks (47%)
  Processed 7800/16204 chunks (48%)
  Processed 7900/16204 chunks (48%)
  Processed 8000/16204 chunks (49%)
  Processed 8100/16204 chunks (49%)
  Processed 8200/16204 chunks (50%)
  Processed 8300/16204 chunks (51%)
  Processed 8400/16204 chunks (51%)
  Processed 8500/16204 chunks (52%)
  Processed 8600/16204 chunks (53%)
  Processed 8700/16204 chunks (53%)
  Processed 8800/16204 chunks (54%)
  Processed 8900/16204 chunks (54%)
  Processed 9000/16204 chunks (55%)
  Processed 9100/16204 chunks (56%)
  Processed 9200/16204 chunks (56%)
  Processed 9300/16204 chunks (57%)
  Processed 9400/16204 chunks (58%)
  Processed 9500/16204 chunks (58%)
  Processed 9600/16204 chunks (59%)
  Processed 9700/16204 chunks (59%)
  Processed 9800/16204 chunks (60%)
  Processed 9900/16204 chunks (61%)
  Processed 10000/16204 chunks (61%)
  Processed 10100/16204 chunks (62%)
  Processed 10200/16204 chunks (62%)
  Processed 10300/16204 chunks (63%)
  Processed 10400/16204 chunks (64%)
  Processed 10500/16204 chunks (64%)
  Processed 10600/16204 chunks (65%)
  Processed 10700/16204 chunks (66%)
  Processed 10800/16204 chunks (66%)
  Processed 10900/16204 chunks (67%)
  Processed 11000/16204 chunks (67%)
  Processed 11100/16204 chunks (68%)
  Processed 11200/16204 chunks (69%)
  Processed 11300/16204 chunks (69%)
  Processed 11400/16204 chunks (70%)
  Processed 11500/16204 chunks (70%)
  Processed 11600/16204 chunks (71%)
  Processed 11700/16204 chunks (72%)
  Processed 11800/16204 chunks (72%)
  Processed 11900/16204 chunks (73%)
  Processed 12000/16204 chunks (74%)
  Processed 12100/16204 chunks (74%)
  Processed 12200/16204 chunks (75%)
  Processed 12300/16204 chunks (75%)
  Processed 12400/16204 chunks (76%)
  Processed 12500/16204 chunks (77%)
  Processed 12600/16204 chunks (77%)
  Processed 12700/16204 chunks (78%)
  Processed 12800/16204 chunks (78%)
  Processed 12900/16204 chunks (79%)
  Processed 13000/16204 chunks (80%)
  Processed 13100/16204 chunks (80%)
  Processed 13200/16204 chunks (81%)
  Processed 13300/16204 chunks (82%)
  Processed 13400/16204 chunks (82%)
  Processed 13500/16204 chunks (83%)
  Processed 13600/16204 chunks (83%)
  Processed 13700/16204 chunks (84%)
  Processed 13800/16204 chunks (85%)
  Processed 13900/16204 chunks (85%)
  Processed 14000/16204 chunks (86%)
  Processed 14100/16204 chunks (87%)
  Processed 14200/16204 chunks (87%)
  Processed 14300/16204 chunks (88%)
  Processed 14400/16204 chunks (88%)
  Processed 14500/16204 chunks (89%)
  Processed 14600/16204 chunks (90%)
  Processed 14700/16204 chunks (90%)
  Processed 14800/16204 chunks (91%)
  Processed 14900/16204 chunks (91%)
  Processed 15000/16204 chunks (92%)
  Processed 15100/16204 chunks (93%)
  Processed 15200/16204 chunks (93%)
  Processed 15300/16204 chunks (94%)
  Processed 15400/16204 chunks (95%)
  Processed 15500/16204 chunks (95%)
  Processed 15600/16204 chunks (96%)
  Processed 15700/16204 chunks (96%)
  Processed 15800/16204 chunks (97%)
  Processed 15900/16204 chunks (98%)
  Processed 16000/16204 chunks (98%)
  Processed 16100/16204 chunks (99%)
  Processed 16200/16204 chunks (99%)
  Processed 16204/16204 chunks (100%)

================================================================================
EMBEDDING GENERATION COMPLETE
================================================================================
  Total chunks processed: 16204
  Output file: sb_cantos_4_10_embeddings.json
  File size: 538.55 MB
================================================================================
