================================================================================
IMPORTING KB BOOKS TO D1
================================================================================

Found 15 existing books in database
Starting verse ID: 26707
Starting chunk ID: 30732

================================================================================
IMPORT COMPLETE
================================================================================
Total verses imported: 0
Total chunks created: 0
================================================================================
================================================================================
IMPORTING KB BOOKS TO D1
================================================================================

Found 15 existing books in database
Starting verse ID: 26707
Starting chunk ID: 30732

KB: Processing 88 verses...
  ✓ Inserted 88 verses, 1860 chunks

================================================================================
IMPORT COMPLETE
================================================================================
Total verses imported: 88
Total chunks created: 1860
================================================================================
