================================================================================
IMPORTING INDIVIDUAL OTHER BOOKS TO LOCAL D1
================================================================================

Starting IDs: verse=36818, chunk=42615, book=15

Importing SC: A Second Chance: The Story of a Near - Death Experience
  Chunks: 127
  ✓ Imported 24 chapters, 127 chunks

Importing BBD: Beyond Birth and Death
  Chunks: 35
  ✓ Imported 6 chapters, 35 chunks

Importing EJOP: Easy Journey to Other Planets - 1972 Edition
  Chunks: 45
  ✓ Imported 4 chapters, 45 chunks

Importing EKC: Elevation to Krsna Consciousness
  Chunks: 56
  ✓ Imported 7 chapters, 56 chunks

Importing KCTYS: Krsna Consciousness The Topmost Yoga System
  Chunks: 64
  ✓ Imported 10 chapters, 64 chunks

Importing KRP: Krsna, the Reservoir of Pleasure
  Chunks: 10
  ✓ Imported 1 chapters, 10 chunks

Importing LCFL: Life Comes from Life
  Chunks: 73
  ✓ Imported 19 chapters, 73 chunks

Importing LOB: Light of the Bhagavata
  Chunks: 47
  ✓ Imported 3 chapters, 47 chunks

Importing OWK: On the Way to Krsna
  Chunks: 46
  ✓ Imported 6 chapters, 46 chunks

Importing PQPA: Perfect Questions, Perfect Answers
  Chunks: 61
  ✓ Imported 12 chapters, 61 chunks

Importing RV: Raja - Vidya: The King of Knowledge
  Chunks: 68
  ✓ Imported 9 chapters, 68 chunks

Importing ISO: Sri Isopanisad - 1974 Edition
  Chunks: 79
  ✓ Imported 21 chapters, 79 chunks

Importing TLC: Teachings of Lord Caitanya - 1968 Edition
  Chunks: 285
  ✓ Imported 37 chapters, 285 chunks

Importing TLKD: Teachings of Lord Kapila, the Son of Devahuti
  Chunks: 223
  ✓ Imported 20 chapters, 223 chunks

Importing TQK: Teachings of Queen Kunti
  Chunks: 177
  ✓ Imported 28 chapters, 177 chunks

Importing NOD: The Nectar of Devotion - 1970 Edition
  Chunks: 338
  ✓ Imported 54 chapters, 338 chunks

Importing NOI: The Nectar of Instruction
  Chunks: 57
  ✓ Imported 13 chapters, 57 chunks

Importing POP: The Path of Perfection
  Chunks: 121
  ✓ Imported 12 chapters, 121 chunks

Importing POY: The Perfection of Yoga
  Chunks: 35
  ✓ Imported 9 chapters, 35 chunks

Importing SSR: The Science of Self Realization
  Chunks: 271
  ✓ Imported 11 chapters, 271 chunks

Importing TTPM: Transcendental Teachings of Prahlada Maharaja
  Chunks: 24
  ✓ Imported 7 chapters, 24 chunks

================================================================================
IMPORT COMPLETE
================================================================================
  Books imported: 21
  Chapters/verses imported: 313
  Chunks imported: 2242
  New verse ID range: 36819 to 37131
  New chunk ID range: 42616 to 44857
  New book ID range: 16 to 36
================================================================================
