Loaded export:
  Books: 7
  Verses: 7040
  Chunks: 7040

1. Uploading books...
   ✓ Uploaded 7 books

2. Uploading verses...
   Batch 1/282: ✓ Uploaded 25 verses (25/7040 total)
   Batch 2/282: ✓ Uploaded 25 verses (50/7040 total)
   Batch 3/282: ✓ Uploaded 25 verses (75/7040 total)
   Batch 4/282: ✓ Uploaded 25 verses (100/7040 total)
   Batch 5/282: ✓ Uploaded 25 verses (125/7040 total)
   Batch 6/282: ✓ Uploaded 25 verses (150/7040 total)
   Batch 7/282: ✓ Uploaded 25 verses (175/7040 total)
   Batch 8/282: ✓ Uploaded 25 verses (200/7040 total)
   Batch 9/282: ✓ Uploaded 25 verses (225/7040 total)
   Batch 10/282: ✓ Uploaded 25 verses (250/7040 total)
   Batch 11/282: ✓ Uploaded 25 verses (275/7040 total)
   Batch 12/282: ✓ Uploaded 25 verses (300/7040 total)
   Batch 13/282: ✓ Uploaded 25 verses (325/7040 total)
   Batch 14/282: ✓ Uploaded 25 verses (350/7040 total)
   Batch 15/282: ✓ Uploaded 25 verses (375/7040 total)
   Batch 16/282: ✓ Uploaded 25 verses (400/7040 total)
   Batch 17/282: ✓ Uploaded 25 verses (425/7040 total)
   Batch 18/282: ✓ Uploaded 25 verses (450/7040 total)
   Batch 19/282: ✓ Uploaded 25 verses (475/7040 total)
   Batch 20/282: ✓ Uploaded 25 verses (500/7040 total)
   Batch 21/282: ✓ Uploaded 25 verses (525/7040 total)
   Batch 22/282: ✓ Uploaded 25 verses (550/7040 total)
   Batch 23/282: ✓ Uploaded 25 verses (575/7040 total)
   Batch 24/282: ✓ Uploaded 25 verses (600/7040 total)
   Batch 25/282: ✓ Uploaded 25 verses (625/7040 total)
   Batch 26/282: ✓ Uploaded 25 verses (650/7040 total)
   Batch 27/282: ✓ Uploaded 25 verses (675/7040 total)
   Batch 28/282: ✓ Uploaded 25 verses (700/7040 total)
   Batch 29/282: ✓ Uploaded 25 verses (725/7040 total)
   Batch 30/282: ✓ Uploaded 25 verses (750/7040 total)
   Batch 31/282: ✓ Uploaded 25 verses (775/7040 total)
   Batch 32/282: ✓ Uploaded 25 verses (800/7040 total)
   Batch 33/282: ✓ Uploaded 25 verses (825/7040 total)
   Batch 34/282: ✓ Uploaded 25 verses (850/7040 total)
   Batch 35/282: ✓ Uploaded 25 verses (875/7040 total)
   Batch 36/282: ✓ Uploaded 25 verses (900/7040 total)
   Batch 37/282: ✓ Uploaded 25 verses (925/7040 total)
   Batch 38/282: ✓ Uploaded 25 verses (950/7040 total)
   Batch 39/282: ✓ Uploaded 25 verses (975/7040 total)
   Batch 40/282: ✓ Uploaded 25 verses (1000/7040 total)
   Batch 41/282: ✓ Uploaded 25 verses (1025/7040 total)
   Batch 42/282: ✓ Uploaded 25 verses (1050/7040 total)
   Batch 43/282: ✓ Uploaded 25 verses (1075/7040 total)
   Batch 44/282: ✓ Uploaded 25 verses (1100/7040 total)
   Batch 45/282: ✓ Uploaded 25 verses (1125/7040 total)
   Batch 46/282: ✓ Uploaded 25 verses (1150/7040 total)
   Batch 47/282: ✓ Uploaded 25 verses (1175/7040 total)
   Batch 48/282: ✓ Uploaded 25 verses (1200/7040 total)
   Batch 49/282: ✓ Uploaded 25 verses (1225/7040 total)
   Batch 50/282: ✓ Uploaded 25 verses (1250/7040 total)
   Batch 51/282: ✓ Uploaded 25 verses (1275/7040 total)
   Batch 52/282: ✓ Uploaded 25 verses (1300/7040 total)
   Batch 53/282: ✓ Uploaded 25 verses (1325/7040 total)
   Batch 54/282: ✓ Uploaded 25 verses (1350/7040 total)
   Batch 55/282: ✓ Uploaded 25 verses (1375/7040 total)
   Batch 56/282: ✓ Uploaded 25 verses (1400/7040 total)
   Batch 57/282: ✓ Uploaded 25 verses (1425/7040 total)
   Batch 58/282: ✓ Uploaded 25 verses (1450/7040 total)
   Batch 59/282: ✓ Uploaded 25 verses (1475/7040 total)
   Batch 60/282: ✓ Uploaded 25 verses (1500/7040 total)
   Batch 61/282: ✓ Uploaded 25 verses (1525/7040 total)
   Batch 62/282: ✓ Uploaded 25 verses (1550/7040 total)
   Batch 63/282: ✓ Uploaded 25 verses (1575/7040 total)
   Batch 64/282: ✓ Uploaded 25 verses (1600/7040 total)
   Batch 65/282: ✓ Uploaded 25 verses (1625/7040 total)
   Batch 66/282: ✓ Uploaded 25 verses (1650/7040 total)
   Batch 67/282: ✓ Uploaded 25 verses (1675/7040 total)
   Batch 68/282: ✓ Uploaded 25 verses (1700/7040 total)
   Batch 69/282: ✓ Uploaded 25 verses (1725/7040 total)
   Batch 70/282: ✓ Uploaded 25 verses (1750/7040 total)
   Batch 71/282: ✓ Uploaded 25 verses (1775/7040 total)
   Batch 72/282: ✓ Uploaded 25 verses (1800/7040 total)
   Batch 73/282: ✓ Uploaded 25 verses (1825/7040 total)
   Batch 74/282: ✓ Uploaded 25 verses (1850/7040 total)
   Batch 75/282: ✓ Uploaded 25 verses (1875/7040 total)
   Batch 76/282: ✓ Uploaded 25 verses (1900/7040 total)
   Batch 77/282: ✓ Uploaded 25 verses (1925/7040 total)
   Batch 78/282: ✓ Uploaded 25 verses (1950/7040 total)
   Batch 79/282: ✓ Uploaded 25 verses (1975/7040 total)
   Batch 80/282: ✓ Uploaded 25 verses (2000/7040 total)
   Batch 81/282: ✓ Uploaded 25 verses (2025/7040 total)
   Batch 82/282: ✓ Uploaded 25 verses (2050/7040 total)
   Batch 83/282: ✓ Uploaded 25 verses (2075/7040 total)
   Batch 84/282: ✓ Uploaded 25 verses (2100/7040 total)
   Batch 85/282: ✓ Uploaded 25 verses (2125/7040 total)
   Batch 86/282: ✓ Uploaded 25 verses (2150/7040 total)
   Batch 87/282: ✓ Uploaded 25 verses (2175/7040 total)
   Batch 88/282: ✓ Uploaded 25 verses (2200/7040 total)
   Batch 89/282: ✓ Uploaded 25 verses (2225/7040 total)
   Batch 90/282: ✓ Uploaded 25 verses (2250/7040 total)
   Batch 91/282: ✓ Uploaded 25 verses (2275/7040 total)
   Batch 92/282: ✓ Uploaded 25 verses (2300/7040 total)
   Batch 93/282: ✓ Uploaded 25 verses (2325/7040 total)
   Batch 94/282: ✓ Uploaded 25 verses (2350/7040 total)
   Batch 95/282: ✓ Uploaded 25 verses (2375/7040 total)
   Batch 96/282: ✓ Uploaded 25 verses (2400/7040 total)
   Batch 97/282: ✓ Uploaded 25 verses (2425/7040 total)
   Batch 98/282: ✓ Uploaded 25 verses (2450/7040 total)
   Batch 99/282: ✓ Uploaded 25 verses (2475/7040 total)
   Batch 100/282: ✓ Uploaded 25 verses (2500/7040 total)
   Batch 101/282: ✓ Uploaded 25 verses (2525/7040 total)
   Batch 102/282: ✓ Uploaded 25 verses (2550/7040 total)
   Batch 103/282: ✓ Uploaded 25 verses (2575/7040 total)
   Batch 104/282: ✓ Uploaded 25 verses (2600/7040 total)
   Batch 105/282: ✓ Uploaded 25 verses (2625/7040 total)
   Batch 106/282: ✓ Uploaded 25 verses (2650/7040 total)
   Batch 107/282: ✓ Uploaded 25 verses (2675/7040 total)
   Batch 108/282: ✓ Uploaded 25 verses (2700/7040 total)
   Batch 109/282: ✓ Uploaded 25 verses (2725/7040 total)
   Batch 110/282: ✓ Uploaded 25 verses (2750/7040 total)
   Batch 111/282: ✓ Uploaded 25 verses (2775/7040 total)
   Batch 112/282: ✓ Uploaded 25 verses (2800/7040 total)
   Batch 113/282: ✓ Uploaded 25 verses (2825/7040 total)
   Batch 114/282: ✓ Uploaded 25 verses (2850/7040 total)
   Batch 115/282: ✓ Uploaded 25 verses (2875/7040 total)
   Batch 116/282: ✓ Uploaded 25 verses (2900/7040 total)
   Batch 117/282: ✓ Uploaded 25 verses (2925/7040 total)
   Batch 118/282: ✓ Uploaded 25 verses (2950/7040 total)
   Batch 119/282: ✓ Uploaded 25 verses (2975/7040 total)
   Batch 120/282: ✓ Uploaded 25 verses (3000/7040 total)
   Batch 121/282: ✓ Uploaded 25 verses (3025/7040 total)
   Batch 122/282: ✓ Uploaded 25 verses (3050/7040 total)
   Batch 123/282: ✓ Uploaded 25 verses (3075/7040 total)
   Batch 124/282: ✓ Uploaded 25 verses (3100/7040 total)
   Batch 125/282: ✓ Uploaded 25 verses (3125/7040 total)
   Batch 126/282: ✓ Uploaded 25 verses (3150/7040 total)
   Batch 127/282: ✓ Uploaded 25 verses (3175/7040 total)
   Batch 128/282: ✓ Uploaded 25 verses (3200/7040 total)
   Batch 129/282: ✓ Uploaded 25 verses (3225/7040 total)
   Batch 130/282: ✓ Uploaded 25 verses (3250/7040 total)
   Batch 131/282: ✓ Uploaded 25 verses (3275/7040 total)
   Batch 132/282: ✓ Uploaded 25 verses (3300/7040 total)
   Batch 133/282: ✓ Uploaded 25 verses (3325/7040 total)
   Batch 134/282: ✓ Uploaded 25 verses (3350/7040 total)
   Batch 135/282: ✓ Uploaded 25 verses (3375/7040 total)
   Batch 136/282: ✓ Uploaded 25 verses (3400/7040 total)
   Batch 137/282: ✓ Uploaded 25 verses (3425/7040 total)
   Batch 138/282: ✓ Uploaded 25 verses (3450/7040 total)
   Batch 139/282: ✓ Uploaded 25 verses (3475/7040 total)
   Batch 140/282: ✓ Uploaded 25 verses (3500/7040 total)
   Batch 141/282: ✓ Uploaded 25 verses (3525/7040 total)
   Batch 142/282: ✓ Uploaded 25 verses (3550/7040 total)
   Batch 143/282: ✓ Uploaded 25 verses (3575/7040 total)
   Batch 144/282: ✓ Uploaded 25 verses (3600/7040 total)
   Batch 145/282: ✓ Uploaded 25 verses (3625/7040 total)
   Batch 146/282: ✓ Uploaded 25 verses (3650/7040 total)
   Batch 147/282: ✓ Uploaded 25 verses (3675/7040 total)
   Batch 148/282: ✓ Uploaded 25 verses (3700/7040 total)
   Batch 149/282: ✓ Uploaded 25 verses (3725/7040 total)
   Batch 150/282: ✓ Uploaded 25 verses (3750/7040 total)
   Batch 151/282: ✓ Uploaded 25 verses (3775/7040 total)
   Batch 152/282: ✓ Uploaded 25 verses (3800/7040 total)
   Batch 153/282: ✓ Uploaded 25 verses (3825/7040 total)
   Batch 154/282: ✓ Uploaded 25 verses (3850/7040 total)
   Batch 155/282: ✓ Uploaded 25 verses (3875/7040 total)
   Batch 156/282: ✓ Uploaded 25 verses (3900/7040 total)
   Batch 157/282: ✓ Uploaded 25 verses (3925/7040 total)
   Batch 158/282: ✓ Uploaded 25 verses (3950/7040 total)
   Batch 159/282: ✓ Uploaded 25 verses (3975/7040 total)
   Batch 160/282: ✓ Uploaded 25 verses (4000/7040 total)
   Batch 161/282: ✓ Uploaded 25 verses (4025/7040 total)
   Batch 162/282: ✓ Uploaded 25 verses (4050/7040 total)
   Batch 163/282: ✓ Uploaded 25 verses (4075/7040 total)
   Batch 164/282: ✓ Uploaded 25 verses (4100/7040 total)
   Batch 165/282: ✓ Uploaded 25 verses (4125/7040 total)
   Batch 166/282: ✓ Uploaded 25 verses (4150/7040 total)
   Batch 167/282: ✓ Uploaded 25 verses (4175/7040 total)
   Batch 168/282: ✓ Uploaded 25 verses (4200/7040 total)
   Batch 169/282: ✓ Uploaded 25 verses (4225/7040 total)
   Batch 170/282: ✓ Uploaded 25 verses (4250/7040 total)
   Batch 171/282: ✓ Uploaded 25 verses (4275/7040 total)
   Batch 172/282: ✓ Uploaded 25 verses (4300/7040 total)
   Batch 173/282: ✓ Uploaded 25 verses (4325/7040 total)
   Batch 174/282: ✓ Uploaded 25 verses (4350/7040 total)
   Batch 175/282: ✓ Uploaded 25 verses (4375/7040 total)
   Batch 176/282: ✓ Uploaded 25 verses (4400/7040 total)
   Batch 177/282: ✓ Uploaded 25 verses (4425/7040 total)
   Batch 178/282: ✓ Uploaded 25 verses (4450/7040 total)
   Batch 179/282: ✓ Uploaded 25 verses (4475/7040 total)
   Batch 180/282: ✓ Uploaded 25 verses (4500/7040 total)
   Batch 181/282: ✓ Uploaded 25 verses (4525/7040 total)
   Batch 182/282: ✓ Uploaded 25 verses (4550/7040 total)
   Batch 183/282: ✓ Uploaded 25 verses (4575/7040 total)
   Batch 184/282: ✓ Uploaded 25 verses (4600/7040 total)
   Batch 185/282: ✓ Uploaded 25 verses (4625/7040 total)
   Batch 186/282: ✓ Uploaded 25 verses (4650/7040 total)
   Batch 187/282: ✓ Uploaded 25 verses (4675/7040 total)
   Batch 188/282: ✓ Uploaded 25 verses (4700/7040 total)
   Batch 189/282: ✓ Uploaded 25 verses (4725/7040 total)
   Batch 190/282: ✓ Uploaded 25 verses (4750/7040 total)
   Batch 191/282: ✓ Uploaded 25 verses (4775/7040 total)
   Batch 192/282: ✓ Uploaded 25 verses (4800/7040 total)
   Batch 193/282: ✓ Uploaded 25 verses (4825/7040 total)
   Batch 194/282: ✓ Uploaded 25 verses (4850/7040 total)
   Batch 195/282: ✓ Uploaded 25 verses (4875/7040 total)
   Batch 196/282: ✓ Uploaded 25 verses (4900/7040 total)
   Batch 197/282: ✓ Uploaded 25 verses (4925/7040 total)
   Batch 198/282: ✓ Uploaded 25 verses (4950/7040 total)
   Batch 199/282: ✓ Uploaded 25 verses (4975/7040 total)
   Batch 200/282: ✓ Uploaded 25 verses (5000/7040 total)
   Batch 201/282: ✓ Uploaded 25 verses (5025/7040 total)
   Batch 202/282: ✓ Uploaded 25 verses (5050/7040 total)
   Batch 203/282: ✓ Uploaded 25 verses (5075/7040 total)
   Batch 204/282: ✓ Uploaded 25 verses (5100/7040 total)
   Batch 205/282: ✓ Uploaded 25 verses (5125/7040 total)
   Batch 206/282: ✓ Uploaded 25 verses (5150/7040 total)
   Batch 207/282: ✓ Uploaded 25 verses (5175/7040 total)
   Batch 208/282: ✓ Uploaded 25 verses (5200/7040 total)
   Batch 209/282: ✓ Uploaded 25 verses (5225/7040 total)
   Batch 210/282: ✓ Uploaded 25 verses (5250/7040 total)
   Batch 211/282: ✓ Uploaded 25 verses (5275/7040 total)
   Batch 212/282: ✓ Uploaded 25 verses (5300/7040 total)
   Batch 213/282: ✓ Uploaded 25 verses (5325/7040 total)
   Batch 214/282: ✓ Uploaded 25 verses (5350/7040 total)
   Batch 215/282: ✓ Uploaded 25 verses (5375/7040 total)
   Batch 216/282: ✓ Uploaded 25 verses (5400/7040 total)
   Batch 217/282: ✓ Uploaded 25 verses (5425/7040 total)
   Batch 218/282: ✓ Uploaded 25 verses (5450/7040 total)
   Batch 219/282: ✓ Uploaded 25 verses (5475/7040 total)
   Batch 220/282: ✓ Uploaded 25 verses (5500/7040 total)
   Batch 221/282: ✓ Uploaded 25 verses (5525/7040 total)
   Batch 222/282: ✓ Uploaded 25 verses (5550/7040 total)
   Batch 223/282: ✓ Uploaded 25 verses (5575/7040 total)
   Batch 224/282: ✓ Uploaded 25 verses (5600/7040 total)
   Batch 225/282: ✓ Uploaded 25 verses (5625/7040 total)
   Batch 226/282: ✓ Uploaded 25 verses (5650/7040 total)
   Batch 227/282: ✓ Uploaded 25 verses (5675/7040 total)
   Batch 228/282: ✓ Uploaded 25 verses (5700/7040 total)
   Batch 229/282: ✓ Uploaded 25 verses (5725/7040 total)
   Batch 230/282: ✓ Uploaded 25 verses (5750/7040 total)
   Batch 231/282: ✓ Uploaded 25 verses (5775/7040 total)
   Batch 232/282: ✓ Uploaded 25 verses (5800/7040 total)
   Batch 233/282: ✓ Uploaded 25 verses (5825/7040 total)
   Batch 234/282: ✓ Uploaded 25 verses (5850/7040 total)
   Batch 235/282: ✓ Uploaded 25 verses (5875/7040 total)
   Batch 236/282: ✓ Uploaded 25 verses (5900/7040 total)
   Batch 237/282: ✓ Uploaded 25 verses (5925/7040 total)
   Batch 238/282: ✓ Uploaded 25 verses (5950/7040 total)
   Batch 239/282: ✓ Uploaded 25 verses (5975/7040 total)
   Batch 240/282: ✓ Uploaded 25 verses (6000/7040 total)
   Batch 241/282: ✓ Uploaded 25 verses (6025/7040 total)
   Batch 242/282: ✓ Uploaded 25 verses (6050/7040 total)
   Batch 243/282: ✓ Uploaded 25 verses (6075/7040 total)
   Batch 244/282: ✓ Uploaded 25 verses (6100/7040 total)
   Batch 245/282: ✓ Uploaded 25 verses (6125/7040 total)
   Batch 246/282: ✓ Uploaded 25 verses (6150/7040 total)
   Batch 247/282: ✓ Uploaded 25 verses (6175/7040 total)
   Batch 248/282: ✓ Uploaded 25 verses (6200/7040 total)
   Batch 249/282: ✓ Uploaded 25 verses (6225/7040 total)
   Batch 250/282: ✓ Uploaded 25 verses (6250/7040 total)
   Batch 251/282: ✓ Uploaded 25 verses (6275/7040 total)
   Batch 252/282: ✓ Uploaded 25 verses (6300/7040 total)
   Batch 253/282: ✓ Uploaded 25 verses (6325/7040 total)
   Batch 254/282: ✓ Uploaded 25 verses (6350/7040 total)
   Batch 255/282: ✓ Uploaded 25 verses (6375/7040 total)
   Batch 256/282: ✓ Uploaded 25 verses (6400/7040 total)
   Batch 257/282: ✓ Uploaded 25 verses (6425/7040 total)
   Batch 258/282: ✓ Uploaded 25 verses (6450/7040 total)
   Batch 259/282: ✓ Uploaded 25 verses (6475/7040 total)
   Batch 260/282: ✓ Uploaded 25 verses (6500/7040 total)
   Batch 261/282: ✓ Uploaded 25 verses (6525/7040 total)
   Batch 262/282: ✓ Uploaded 25 verses (6550/7040 total)
   Batch 263/282: ✓ Uploaded 25 verses (6575/7040 total)
   Batch 264/282: ✓ Uploaded 25 verses (6600/7040 total)
   Batch 265/282: ✓ Uploaded 25 verses (6625/7040 total)
   Batch 266/282: ✓ Uploaded 25 verses (6650/7040 total)
   Batch 267/282: ✓ Uploaded 25 verses (6675/7040 total)
   Batch 268/282: ✓ Uploaded 25 verses (6700/7040 total)
   Batch 269/282: ✓ Uploaded 25 verses (6725/7040 total)
   Batch 270/282: ✓ Uploaded 25 verses (6750/7040 total)
   Batch 271/282: ✓ Uploaded 25 verses (6775/7040 total)
   Batch 272/282: ✓ Uploaded 25 verses (6800/7040 total)
   Batch 273/282: ✓ Uploaded 25 verses (6825/7040 total)
   Batch 274/282: ✓ Uploaded 25 verses (6850/7040 total)
   Batch 275/282: ✓ Uploaded 25 verses (6875/7040 total)
   Batch 276/282: ✓ Uploaded 25 verses (6900/7040 total)
   Batch 277/282: ✓ Uploaded 25 verses (6925/7040 total)
   Batch 278/282: ✓ Uploaded 25 verses (6950/7040 total)
   Batch 279/282: ✓ Uploaded 25 verses (6975/7040 total)
   Batch 280/282: ✓ Uploaded 25 verses (7000/7040 total)
   Batch 281/282: ✓ Uploaded 25 verses (7025/7040 total)
   Batch 282/282: ✓ Uploaded 15 verses (7040/7040 total)

3. Uploading chunks...
   Batch 1/282: ✓ Uploaded 25 chunks (25/7040 total)
   Batch 2/282: ✓ Uploaded 25 chunks (50/7040 total)
   Batch 3/282: ✓ Uploaded 25 chunks (75/7040 total)
   Batch 4/282: ✓ Uploaded 25 chunks (100/7040 total)
   Batch 5/282: ✓ Uploaded 25 chunks (125/7040 total)
   Batch 6/282: ✓ Uploaded 25 chunks (150/7040 total)
   Batch 7/282: ✓ Uploaded 25 chunks (175/7040 total)
   Batch 8/282: ✓ Uploaded 25 chunks (200/7040 total)
   Batch 9/282: ✓ Uploaded 25 chunks (225/7040 total)
   Batch 10/282: ✓ Uploaded 25 chunks (250/7040 total)
   Batch 11/282: ✓ Uploaded 25 chunks (275/7040 total)
   Batch 12/282: ✓ Uploaded 25 chunks (300/7040 total)
   Batch 13/282: ✓ Uploaded 25 chunks (325/7040 total)
   Batch 14/282: ✓ Uploaded 25 chunks (350/7040 total)
   Batch 15/282: ✓ Uploaded 25 chunks (375/7040 total)
   Batch 16/282: ✓ Uploaded 25 chunks (400/7040 total)
   Batch 17/282: ✓ Uploaded 25 chunks (425/7040 total)
   Batch 18/282: ✓ Uploaded 25 chunks (450/7040 total)
   Batch 19/282: ✓ Uploaded 25 chunks (475/7040 total)
   Batch 20/282: ✓ Uploaded 25 chunks (500/7040 total)
   Batch 21/282: ✓ Uploaded 25 chunks (525/7040 total)
   Batch 22/282: ✓ Uploaded 25 chunks (550/7040 total)
   Batch 23/282: ✓ Uploaded 25 chunks (575/7040 total)
   Batch 24/282: ✓ Uploaded 25 chunks (600/7040 total)
   Batch 25/282: ✓ Uploaded 25 chunks (625/7040 total)
   Batch 26/282: ✓ Uploaded 25 chunks (650/7040 total)
   Batch 27/282: ✓ Uploaded 25 chunks (675/7040 total)
   Batch 28/282: ✓ Uploaded 25 chunks (700/7040 total)
   Batch 29/282: ✓ Uploaded 25 chunks (725/7040 total)
   Batch 30/282: ✓ Uploaded 25 chunks (750/7040 total)
   Batch 31/282: ✓ Uploaded 25 chunks (775/7040 total)
   Batch 32/282: ✓ Uploaded 25 chunks (800/7040 total)
   Batch 33/282: ✓ Uploaded 25 chunks (825/7040 total)
   Batch 34/282: ✓ Uploaded 25 chunks (850/7040 total)
   Batch 35/282: ✓ Uploaded 25 chunks (875/7040 total)
   Batch 36/282: ✓ Uploaded 25 chunks (900/7040 total)
   Batch 37/282: ✓ Uploaded 25 chunks (925/7040 total)
   Batch 38/282: ✓ Uploaded 25 chunks (950/7040 total)
   Batch 39/282: ✓ Uploaded 25 chunks (975/7040 total)
   Batch 40/282: ✓ Uploaded 25 chunks (1000/7040 total)
   Batch 41/282: ✓ Uploaded 25 chunks (1025/7040 total)
   Batch 42/282: ✓ Uploaded 25 chunks (1050/7040 total)
   Batch 43/282: ✓ Uploaded 25 chunks (1075/7040 total)
   Batch 44/282: ✓ Uploaded 25 chunks (1100/7040 total)
   Batch 45/282: ✓ Uploaded 25 chunks (1125/7040 total)
   Batch 46/282: ✓ Uploaded 25 chunks (1150/7040 total)
   Batch 47/282: ✓ Uploaded 25 chunks (1175/7040 total)
   Batch 48/282: ✓ Uploaded 25 chunks (1200/7040 total)
   Batch 49/282: ✓ Uploaded 25 chunks (1225/7040 total)
   Batch 50/282: ✓ Uploaded 25 chunks (1250/7040 total)
   Batch 51/282: ✓ Uploaded 25 chunks (1275/7040 total)
   Batch 52/282: ✓ Uploaded 25 chunks (1300/7040 total)
   Batch 53/282: ✓ Uploaded 25 chunks (1325/7040 total)
   Batch 54/282: ✓ Uploaded 25 chunks (1350/7040 total)
   Batch 55/282: ✓ Uploaded 25 chunks (1375/7040 total)
   Batch 56/282: ✓ Uploaded 25 chunks (1400/7040 total)
   Batch 57/282: ✓ Uploaded 25 chunks (1425/7040 total)
   Batch 58/282: ✓ Uploaded 25 chunks (1450/7040 total)
   Batch 59/282: ✓ Uploaded 25 chunks (1475/7040 total)
   Batch 60/282: ✓ Uploaded 25 chunks (1500/7040 total)
   Batch 61/282: ✓ Uploaded 25 chunks (1525/7040 total)
   Batch 62/282: ✓ Uploaded 25 chunks (1550/7040 total)
   Batch 63/282: ✓ Uploaded 25 chunks (1575/7040 total)
   Batch 64/282: ✓ Uploaded 25 chunks (1600/7040 total)
   Batch 65/282: ✓ Uploaded 25 chunks (1625/7040 total)
   Batch 66/282: ✓ Uploaded 25 chunks (1650/7040 total)
   Batch 67/282: ✓ Uploaded 25 chunks (1675/7040 total)
   Batch 68/282: ✓ Uploaded 25 chunks (1700/7040 total)
   Batch 69/282: ✓ Uploaded 25 chunks (1725/7040 total)
   Batch 70/282: ✓ Uploaded 25 chunks (1750/7040 total)
   Batch 71/282: ✓ Uploaded 25 chunks (1775/7040 total)
   Batch 72/282: ✓ Uploaded 25 chunks (1800/7040 total)
   Batch 73/282: ✓ Uploaded 25 chunks (1825/7040 total)
   Batch 74/282: ✓ Uploaded 25 chunks (1850/7040 total)
   Batch 75/282: ✓ Uploaded 25 chunks (1875/7040 total)
   Batch 76/282: ✓ Uploaded 25 chunks (1900/7040 total)
   Batch 77/282: ✓ Uploaded 25 chunks (1925/7040 total)
   Batch 78/282: ✓ Uploaded 25 chunks (1950/7040 total)
   Batch 79/282: ✓ Uploaded 25 chunks (1975/7040 total)
   Batch 80/282: ✓ Uploaded 25 chunks (2000/7040 total)
   Batch 81/282: ✓ Uploaded 25 chunks (2025/7040 total)
   Batch 82/282: ✓ Uploaded 25 chunks (2050/7040 total)
   Batch 83/282: ✓ Uploaded 25 chunks (2075/7040 total)
   Batch 84/282: ✓ Uploaded 25 chunks (2100/7040 total)
   Batch 85/282: ✓ Uploaded 25 chunks (2125/7040 total)
   Batch 86/282: ✓ Uploaded 25 chunks (2150/7040 total)
   Batch 87/282: ✓ Uploaded 25 chunks (2175/7040 total)
   Batch 88/282: ✓ Uploaded 25 chunks (2200/7040 total)
   Batch 89/282: ✓ Uploaded 25 chunks (2225/7040 total)
   Batch 90/282: ✓ Uploaded 25 chunks (2250/7040 total)
   Batch 91/282: ✓ Uploaded 25 chunks (2275/7040 total)
   Batch 92/282: ✓ Uploaded 25 chunks (2300/7040 total)
   Batch 93/282: ✓ Uploaded 25 chunks (2325/7040 total)
   Batch 94/282: ✓ Uploaded 25 chunks (2350/7040 total)
   Batch 95/282: ✓ Uploaded 25 chunks (2375/7040 total)
   Batch 96/282: ✓ Uploaded 25 chunks (2400/7040 total)
   Batch 97/282: ✓ Uploaded 25 chunks (2425/7040 total)
   Batch 98/282: ✓ Uploaded 25 chunks (2450/7040 total)
   Batch 99/282: ✓ Uploaded 25 chunks (2475/7040 total)
   Batch 100/282: ✓ Uploaded 25 chunks (2500/7040 total)
   Batch 101/282: ✓ Uploaded 25 chunks (2525/7040 total)
   Batch 102/282: ✓ Uploaded 25 chunks (2550/7040 total)
   Batch 103/282: ✓ Uploaded 25 chunks (2575/7040 total)
   Batch 104/282: ✓ Uploaded 25 chunks (2600/7040 total)
   Batch 105/282: ✓ Uploaded 25 chunks (2625/7040 total)
   Batch 106/282: ✓ Uploaded 25 chunks (2650/7040 total)
   Batch 107/282: ✓ Uploaded 25 chunks (2675/7040 total)
   Batch 108/282: ✓ Uploaded 25 chunks (2700/7040 total)
   Batch 109/282: ✓ Uploaded 25 chunks (2725/7040 total)
   Batch 110/282: ✓ Uploaded 25 chunks (2750/7040 total)
   Batch 111/282: ✓ Uploaded 25 chunks (2775/7040 total)
   Batch 112/282: ✓ Uploaded 25 chunks (2800/7040 total)
   Batch 113/282: ✓ Uploaded 25 chunks (2825/7040 total)
   Batch 114/282: ✓ Uploaded 25 chunks (2850/7040 total)
   Batch 115/282: ✓ Uploaded 25 chunks (2875/7040 total)
   Batch 116/282: ✓ Uploaded 25 chunks (2900/7040 total)
   Batch 117/282: ✓ Uploaded 25 chunks (2925/7040 total)
   Batch 118/282: ✓ Uploaded 25 chunks (2950/7040 total)
   Batch 119/282: ✓ Uploaded 25 chunks (2975/7040 total)
   Batch 120/282: ✓ Uploaded 25 chunks (3000/7040 total)
   Batch 121/282: ✓ Uploaded 25 chunks (3025/7040 total)
   Batch 122/282: ✓ Uploaded 25 chunks (3050/7040 total)
   Batch 123/282: ✓ Uploaded 25 chunks (3075/7040 total)
   Batch 124/282: ✓ Uploaded 25 chunks (3100/7040 total)
   Batch 125/282: ✓ Uploaded 25 chunks (3125/7040 total)
   Batch 126/282: ✓ Uploaded 25 chunks (3150/7040 total)
   Batch 127/282: ✓ Uploaded 25 chunks (3175/7040 total)
   Batch 128/282: ✓ Uploaded 25 chunks (3200/7040 total)
   Batch 129/282: ✓ Uploaded 25 chunks (3225/7040 total)
   Batch 130/282: ✓ Uploaded 25 chunks (3250/7040 total)
   Batch 131/282: ✓ Uploaded 25 chunks (3275/7040 total)
   Batch 132/282: ✓ Uploaded 25 chunks (3300/7040 total)
   Batch 133/282: ✓ Uploaded 25 chunks (3325/7040 total)
   Batch 134/282: ✓ Uploaded 25 chunks (3350/7040 total)
   Batch 135/282: ✓ Uploaded 25 chunks (3375/7040 total)
   Batch 136/282: ✓ Uploaded 25 chunks (3400/7040 total)
   Batch 137/282: ✓ Uploaded 25 chunks (3425/7040 total)
   Batch 138/282: ✓ Uploaded 25 chunks (3450/7040 total)
   Batch 139/282: ✓ Uploaded 25 chunks (3475/7040 total)
   Batch 140/282: ✓ Uploaded 25 chunks (3500/7040 total)
   Batch 141/282: ✓ Uploaded 25 chunks (3525/7040 total)
   Batch 142/282: ✓ Uploaded 25 chunks (3550/7040 total)
   Batch 143/282: ✓ Uploaded 25 chunks (3575/7040 total)
   Batch 144/282: ✓ Uploaded 25 chunks (3600/7040 total)
   Batch 145/282: ✓ Uploaded 25 chunks (3625/7040 total)
   Batch 146/282: ✓ Uploaded 25 chunks (3650/7040 total)
   Batch 147/282: ✓ Uploaded 25 chunks (3675/7040 total)
   Batch 148/282: ✓ Uploaded 25 chunks (3700/7040 total)
   Batch 149/282: ✓ Uploaded 25 chunks (3725/7040 total)
   Batch 150/282: ✓ Uploaded 25 chunks (3750/7040 total)
   Batch 151/282: ✓ Uploaded 25 chunks (3775/7040 total)
   Batch 152/282: ✓ Uploaded 25 chunks (3800/7040 total)
   Batch 153/282: ✓ Uploaded 25 chunks (3825/7040 total)
   Batch 154/282: ✓ Uploaded 25 chunks (3850/7040 total)
   Batch 155/282: ✓ Uploaded 25 chunks (3875/7040 total)
   Batch 156/282: ✓ Uploaded 25 chunks (3900/7040 total)
   Batch 157/282: ✓ Uploaded 25 chunks (3925/7040 total)
   Batch 158/282: ✓ Uploaded 25 chunks (3950/7040 total)
   Batch 159/282: ✓ Uploaded 25 chunks (3975/7040 total)
   Batch 160/282: ✓ Uploaded 25 chunks (4000/7040 total)
   Batch 161/282: ✓ Uploaded 25 chunks (4025/7040 total)
   Batch 162/282: ✓ Uploaded 25 chunks (4050/7040 total)
   Batch 163/282: ✓ Uploaded 25 chunks (4075/7040 total)
   Batch 164/282: ✓ Uploaded 25 chunks (4100/7040 total)
   Batch 165/282: ✓ Uploaded 25 chunks (4125/7040 total)
   Batch 166/282: ✓ Uploaded 25 chunks (4150/7040 total)
   Batch 167/282: ✓ Uploaded 25 chunks (4175/7040 total)
   Batch 168/282: ✓ Uploaded 25 chunks (4200/7040 total)
   Batch 169/282: ✓ Uploaded 25 chunks (4225/7040 total)
   Batch 170/282: ✓ Uploaded 25 chunks (4250/7040 total)
   Batch 171/282: ✓ Uploaded 25 chunks (4275/7040 total)
   Batch 172/282: ✓ Uploaded 25 chunks (4300/7040 total)
   Batch 173/282: ✓ Uploaded 25 chunks (4325/7040 total)
   Batch 174/282: ✓ Uploaded 25 chunks (4350/7040 total)
   Batch 175/282: ✓ Uploaded 25 chunks (4375/7040 total)
   Batch 176/282: ✓ Uploaded 25 chunks (4400/7040 total)
   Batch 177/282: ✓ Uploaded 25 chunks (4425/7040 total)
   Batch 178/282: ✓ Uploaded 25 chunks (4450/7040 total)
   Batch 179/282: ✓ Uploaded 25 chunks (4475/7040 total)
   Batch 180/282: ✓ Uploaded 25 chunks (4500/7040 total)
   Batch 181/282: ✓ Uploaded 25 chunks (4525/7040 total)
   Batch 182/282: ✓ Uploaded 25 chunks (4550/7040 total)
   Batch 183/282: ✓ Uploaded 25 chunks (4575/7040 total)
   Batch 184/282: ✓ Uploaded 25 chunks (4600/7040 total)
   Batch 185/282: ✓ Uploaded 25 chunks (4625/7040 total)
   Batch 186/282: ✓ Uploaded 25 chunks (4650/7040 total)
   Batch 187/282: ✓ Uploaded 25 chunks (4675/7040 total)
   Batch 188/282: ✓ Uploaded 25 chunks (4700/7040 total)
   Batch 189/282: ✓ Uploaded 25 chunks (4725/7040 total)
   Batch 190/282: ✓ Uploaded 25 chunks (4750/7040 total)
   Batch 191/282: ✓ Uploaded 25 chunks (4775/7040 total)
   Batch 192/282: ✓ Uploaded 25 chunks (4800/7040 total)
   Batch 193/282: ✓ Uploaded 25 chunks (4825/7040 total)
   Batch 194/282: ✓ Uploaded 25 chunks (4850/7040 total)
   Batch 195/282: ✓ Uploaded 25 chunks (4875/7040 total)
   Batch 196/282: ✓ Uploaded 25 chunks (4900/7040 total)
   Batch 197/282: ✓ Uploaded 25 chunks (4925/7040 total)
   Batch 198/282: ✓ Uploaded 25 chunks (4950/7040 total)
   Batch 199/282: ✓ Uploaded 25 chunks (4975/7040 total)
   Batch 200/282: ✓ Uploaded 25 chunks (5000/7040 total)
   Batch 201/282: ✓ Uploaded 25 chunks (5025/7040 total)
   Batch 202/282: ✓ Uploaded 25 chunks (5050/7040 total)
   Batch 203/282: ✓ Uploaded 25 chunks (5075/7040 total)
   Batch 204/282: ✓ Uploaded 25 chunks (5100/7040 total)
   Batch 205/282: ✓ Uploaded 25 chunks (5125/7040 total)
   Batch 206/282: ✓ Uploaded 25 chunks (5150/7040 total)
   Batch 207/282: ✓ Uploaded 25 chunks (5175/7040 total)
   Batch 208/282: ✓ Uploaded 25 chunks (5200/7040 total)
   Batch 209/282: ✓ Uploaded 25 chunks (5225/7040 total)
   Batch 210/282: ✓ Uploaded 25 chunks (5250/7040 total)
   Batch 211/282: ✓ Uploaded 25 chunks (5275/7040 total)
   Batch 212/282: ✓ Uploaded 25 chunks (5300/7040 total)
   Batch 213/282: ✓ Uploaded 25 chunks (5325/7040 total)
   Batch 214/282: ✓ Uploaded 25 chunks (5350/7040 total)
   Batch 215/282: ✓ Uploaded 25 chunks (5375/7040 total)
   Batch 216/282: ✓ Uploaded 25 chunks (5400/7040 total)
   Batch 217/282: ✓ Uploaded 25 chunks (5425/7040 total)
   Batch 218/282: ✓ Uploaded 25 chunks (5450/7040 total)
   Batch 219/282: ✓ Uploaded 25 chunks (5475/7040 total)
   Batch 220/282: ✓ Uploaded 25 chunks (5500/7040 total)
   Batch 221/282: ✓ Uploaded 25 chunks (5525/7040 total)
   Batch 222/282: ✓ Uploaded 25 chunks (5550/7040 total)
   Batch 223/282: ✓ Uploaded 25 chunks (5575/7040 total)
   Batch 224/282: ✓ Uploaded 25 chunks (5600/7040 total)
   Batch 225/282: ✓ Uploaded 25 chunks (5625/7040 total)
   Batch 226/282: ✓ Uploaded 25 chunks (5650/7040 total)
   Batch 227/282: ✓ Uploaded 25 chunks (5675/7040 total)
   Batch 228/282: ✓ Uploaded 25 chunks (5700/7040 total)
   Batch 229/282: ✓ Uploaded 25 chunks (5725/7040 total)
   Batch 230/282: ✓ Uploaded 25 chunks (5750/7040 total)
   Batch 231/282: ✓ Uploaded 25 chunks (5775/7040 total)
   Batch 232/282: ✓ Uploaded 25 chunks (5800/7040 total)
   Batch 233/282: ✓ Uploaded 25 chunks (5825/7040 total)
   Batch 234/282: ✓ Uploaded 25 chunks (5850/7040 total)
   Batch 235/282: ✓ Uploaded 25 chunks (5875/7040 total)
   Batch 236/282: ✓ Uploaded 25 chunks (5900/7040 total)
   Batch 237/282: ✓ Uploaded 25 chunks (5925/7040 total)
   Batch 238/282: ✓ Uploaded 25 chunks (5950/7040 total)
   Batch 239/282: ✓ Uploaded 25 chunks (5975/7040 total)
   Batch 240/282: ✓ Uploaded 25 chunks (6000/7040 total)
   Batch 241/282: ✓ Uploaded 25 chunks (6025/7040 total)
   Batch 242/282: ✓ Uploaded 25 chunks (6050/7040 total)
   Batch 243/282: ✓ Uploaded 25 chunks (6075/7040 total)
   Batch 244/282: ✓ Uploaded 25 chunks (6100/7040 total)
   Batch 245/282: ✓ Uploaded 25 chunks (6125/7040 total)
   Batch 246/282: ✓ Uploaded 25 chunks (6150/7040 total)
   Batch 247/282: ✓ Uploaded 25 chunks (6175/7040 total)
   Batch 248/282: ✓ Uploaded 25 chunks (6200/7040 total)
   Batch 249/282: ✓ Uploaded 25 chunks (6225/7040 total)
   Batch 250/282: ✓ Uploaded 25 chunks (6250/7040 total)
   Batch 251/282: ✓ Uploaded 25 chunks (6275/7040 total)
   Batch 252/282: ✓ Uploaded 25 chunks (6300/7040 total)
   Batch 253/282: ✓ Uploaded 25 chunks (6325/7040 total)
   Batch 254/282: ✓ Uploaded 25 chunks (6350/7040 total)
   Batch 255/282: ✓ Uploaded 25 chunks (6375/7040 total)
   Batch 256/282: ✓ Uploaded 25 chunks (6400/7040 total)
   Batch 257/282: ✓ Uploaded 25 chunks (6425/7040 total)
   Batch 258/282: ✓ Uploaded 25 chunks (6450/7040 total)
   Batch 259/282: ✓ Uploaded 25 chunks (6475/7040 total)
   Batch 260/282: ✓ Uploaded 25 chunks (6500/7040 total)
   Batch 261/282: ✓ Uploaded 25 chunks (6525/7040 total)
   Batch 262/282: ✓ Uploaded 25 chunks (6550/7040 total)
   Batch 263/282: ✓ Uploaded 25 chunks (6575/7040 total)
   Batch 264/282: ✓ Uploaded 25 chunks (6600/7040 total)
   Batch 265/282: ✓ Uploaded 25 chunks (6625/7040 total)
   Batch 266/282: ✓ Uploaded 25 chunks (6650/7040 total)
   Batch 267/282: ✓ Uploaded 25 chunks (6675/7040 total)
   Batch 268/282: ✓ Uploaded 25 chunks (6700/7040 total)
   Batch 269/282: ✓ Uploaded 25 chunks (6725/7040 total)
   Batch 270/282: ✓ Uploaded 25 chunks (6750/7040 total)
   Batch 271/282: ✓ Uploaded 25 chunks (6775/7040 total)
   Batch 272/282: ✓ Uploaded 25 chunks (6800/7040 total)
   Batch 273/282: ✓ Uploaded 25 chunks (6825/7040 total)
   Batch 274/282: ✓ Uploaded 25 chunks (6850/7040 total)
   Batch 275/282: ✓ Uploaded 25 chunks (6875/7040 total)
   Batch 276/282: ✓ Uploaded 25 chunks (6900/7040 total)
   Batch 277/282: ✓ Uploaded 25 chunks (6925/7040 total)
   Batch 278/282: ✓ Uploaded 25 chunks (6950/7040 total)
   Batch 279/282: ✓ Uploaded 25 chunks (6975/7040 total)
   Batch 280/282: ✓ Uploaded 25 chunks (7000/7040 total)
   Batch 281/282: ✓ Uploaded 25 chunks (7025/7040 total)
   Batch 282/282: ✓ Uploaded 15 chunks (7040/7040 total)

✅ Upload complete!
