Loaded 7040 lecture chunks

Total chunks to upload: 7040
Starting upload...

Batch 1: Processing chunk IDs 19824 to 19923 (100 chunks)
  Generating embeddings...
  Uploading to Vectorize...
  ✗ Upload failed for batch 1
  Error: [31m✘ [41;31m[[41;97mERROR[41;31m][0m [1mA request to the Cloudflare API (/accounts/40035612bce74407c306499494965595/vectorize/v2/indexes/vedabase-index/insert) failed.[0m

  The index was not found [code: 40040]
  
  If you think this is a bug, please open an issue at: [4mhttps://github.com/cloudflare/workers-sdk/issues/new/choose[0m


🪵  Logs were written to "/Users/jaganat/Library/Preferences/.wrangler/logs/wrangler-2025-11-25_23-15-03_889.log"

  Stopping. Fix the issue and run again to resume.
Loaded 7040 lecture chunks

Total chunks to upload: 7040
Starting upload...

Batch 1: Processing chunk IDs 19824 to 19923 (100 chunks)
  Generating embeddings...
  Uploading to Vectorize...
  ✓ Successfully uploaded 100 vectors
  Progress: 100/7040 (1.4%)

Batch 2: Processing chunk IDs 19924 to 20023 (100 chunks)
  Generating embeddings...
  Uploading to Vectorize...
  ✓ Successfully uploaded 100 vectors
  Progress: 200/7040 (2.8%)

Batch 3: Processing chunk IDs 20024 to 20123 (100 chunks)
  Generating embeddings...
  Uploading to Vectorize...
  ✓ Successfully uploaded 100 vectors
  Progress: 300/7040 (4.3%)

Batch 4: Processing chunk IDs 20124 to 20223 (100 chunks)
  Generating embeddings...
  Uploading to Vectorize...
  ✓ Successfully uploaded 100 vectors
  Progress: 400/7040 (5.7%)

Batch 5: Processing chunk IDs 20224 to 20323 (100 chunks)
  Generating embeddings...
  Uploading to Vectorize...
  ✓ Successfully uploaded 100 vectors
  Progress: 500/7040 (7.1%)

Batch 6: Processing chunk IDs 20324 to 20423 (100 chunks)
  Generating embeddings...
  Uploading to Vectorize...
  ✓ Successfully uploaded 100 vectors
  Progress: 600/7040 (8.5%)

Batch 7: Processing chunk IDs 20424 to 20523 (100 chunks)
  Generating embeddings...
  Uploading to Vectorize...
  ✓ Successfully uploaded 100 vectors
  Progress: 700/7040 (9.9%)

Batch 8: Processing chunk IDs 20524 to 20623 (100 chunks)
  Generating embeddings...
  Uploading to Vectorize...
  ✓ Successfully uploaded 100 vectors
  Progress: 800/7040 (11.4%)

Batch 9: Processing chunk IDs 20624 to 20723 (100 chunks)
  Generating embeddings...
  Uploading to Vectorize...
  ✓ Successfully uploaded 100 vectors
  Progress: 900/7040 (12.8%)

Batch 10: Processing chunk IDs 20724 to 20823 (100 chunks)
  Generating embeddings...
  Uploading to Vectorize...
  ✓ Successfully uploaded 100 vectors
  Progress: 1000/7040 (14.2%)

Batch 11: Processing chunk IDs 20824 to 20923 (100 chunks)
  Generating embeddings...
  Uploading to Vectorize...
  ✓ Successfully uploaded 100 vectors
  Progress: 1100/7040 (15.6%)

Batch 12: Processing chunk IDs 20924 to 21023 (100 chunks)
  Generating embeddings...
  Uploading to Vectorize...
  ✓ Successfully uploaded 100 vectors
  Progress: 1200/7040 (17.0%)

Batch 13: Processing chunk IDs 21024 to 21123 (100 chunks)
  Generating embeddings...
  Uploading to Vectorize...
  ✓ Successfully uploaded 100 vectors
  Progress: 1300/7040 (18.5%)

Batch 14: Processing chunk IDs 21124 to 21223 (100 chunks)
  Generating embeddings...
  Uploading to Vectorize...
  ✓ Successfully uploaded 100 vectors
  Progress: 1400/7040 (19.9%)

Batch 15: Processing chunk IDs 21224 to 21323 (100 chunks)
  Generating embeddings...
  Uploading to Vectorize...
  ✓ Successfully uploaded 100 vectors
  Progress: 1500/7040 (21.3%)

Batch 16: Processing chunk IDs 21324 to 21423 (100 chunks)
  Generating embeddings...
  Uploading to Vectorize...
  ✓ Successfully uploaded 100 vectors
  Progress: 1600/7040 (22.7%)

Batch 17: Processing chunk IDs 21424 to 21523 (100 chunks)
  Generating embeddings...
  Uploading to Vectorize...
  ✓ Successfully uploaded 100 vectors
  Progress: 1700/7040 (24.1%)

Batch 18: Processing chunk IDs 21524 to 21623 (100 chunks)
  Generating embeddings...
  Uploading to Vectorize...
  ✓ Successfully uploaded 100 vectors
  Progress: 1800/7040 (25.6%)

Batch 19: Processing chunk IDs 21624 to 21723 (100 chunks)
  Generating embeddings...
  Uploading to Vectorize...
  ✓ Successfully uploaded 100 vectors
  Progress: 1900/7040 (27.0%)

Batch 20: Processing chunk IDs 21724 to 21823 (100 chunks)
  Generating embeddings...
  Uploading to Vectorize...
  ✓ Successfully uploaded 100 vectors
  Progress: 2000/7040 (28.4%)

Batch 21: Processing chunk IDs 21824 to 21923 (100 chunks)
  Generating embeddings...
  Uploading to Vectorize...
  ✓ Successfully uploaded 100 vectors
  Progress: 2100/7040 (29.8%)

Batch 22: Processing chunk IDs 21924 to 22023 (100 chunks)
  Generating embeddings...
  Uploading to Vectorize...
  ✓ Successfully uploaded 100 vectors
  Progress: 2200/7040 (31.2%)

Batch 23: Processing chunk IDs 22024 to 22123 (100 chunks)
  Generating embeddings...
  Uploading to Vectorize...
  ✓ Successfully uploaded 100 vectors
  Progress: 2300/7040 (32.7%)

Batch 24: Processing chunk IDs 22124 to 22223 (100 chunks)
  Generating embeddings...
  Uploading to Vectorize...
  ✓ Successfully uploaded 100 vectors
  Progress: 2400/7040 (34.1%)

Batch 25: Processing chunk IDs 22224 to 22323 (100 chunks)
  Generating embeddings...
  Uploading to Vectorize...
  ✓ Successfully uploaded 100 vectors
  Progress: 2500/7040 (35.5%)

Batch 26: Processing chunk IDs 22324 to 22423 (100 chunks)
  Generating embeddings...
  Uploading to Vectorize...
  ✓ Successfully uploaded 100 vectors
  Progress: 2600/7040 (36.9%)

Batch 27: Processing chunk IDs 22424 to 22523 (100 chunks)
  Generating embeddings...
  Uploading to Vectorize...
  ✓ Successfully uploaded 100 vectors
  Progress: 2700/7040 (38.4%)

Batch 28: Processing chunk IDs 22524 to 22623 (100 chunks)
  Generating embeddings...
  Uploading to Vectorize...
  ✓ Successfully uploaded 100 vectors
  Progress: 2800/7040 (39.8%)

Batch 29: Processing chunk IDs 22624 to 22723 (100 chunks)
  Generating embeddings...
  Uploading to Vectorize...
  ✓ Successfully uploaded 100 vectors
  Progress: 2900/7040 (41.2%)

Batch 30: Processing chunk IDs 22724 to 22823 (100 chunks)
  Generating embeddings...
  Uploading to Vectorize...
  ✓ Successfully uploaded 100 vectors
  Progress: 3000/7040 (42.6%)

Batch 31: Processing chunk IDs 22824 to 22923 (100 chunks)
  Generating embeddings...
  Uploading to Vectorize...
  ✓ Successfully uploaded 100 vectors
  Progress: 3100/7040 (44.0%)

Batch 32: Processing chunk IDs 22924 to 23023 (100 chunks)
  Generating embeddings...
  Uploading to Vectorize...
  ✓ Successfully uploaded 100 vectors
  Progress: 3200/7040 (45.5%)

Batch 33: Processing chunk IDs 23024 to 23123 (100 chunks)
  Generating embeddings...
  Uploading to Vectorize...
  ✓ Successfully uploaded 100 vectors
  Progress: 3300/7040 (46.9%)

Batch 34: Processing chunk IDs 23124 to 23223 (100 chunks)
  Generating embeddings...
  Uploading to Vectorize...
  ✓ Successfully uploaded 100 vectors
  Progress: 3400/7040 (48.3%)

Batch 35: Processing chunk IDs 23224 to 23323 (100 chunks)
  Generating embeddings...
  Uploading to Vectorize...
  ✓ Successfully uploaded 100 vectors
  Progress: 3500/7040 (49.7%)

Batch 36: Processing chunk IDs 23324 to 23423 (100 chunks)
  Generating embeddings...
  Uploading to Vectorize...
  ✓ Successfully uploaded 100 vectors
  Progress: 3600/7040 (51.1%)

Batch 37: Processing chunk IDs 23424 to 23523 (100 chunks)
  Generating embeddings...
  Uploading to Vectorize...
  ✓ Successfully uploaded 100 vectors
  Progress: 3700/7040 (52.6%)

Batch 38: Processing chunk IDs 23524 to 23623 (100 chunks)
  Generating embeddings...
  Uploading to Vectorize...
  ✓ Successfully uploaded 100 vectors
  Progress: 3800/7040 (54.0%)

Batch 39: Processing chunk IDs 23624 to 23723 (100 chunks)
  Generating embeddings...
  Uploading to Vectorize...
  ✓ Successfully uploaded 100 vectors
  Progress: 3900/7040 (55.4%)

Batch 40: Processing chunk IDs 23724 to 23823 (100 chunks)
  Generating embeddings...
  Uploading to Vectorize...
  ✓ Successfully uploaded 100 vectors
  Progress: 4000/7040 (56.8%)

Batch 41: Processing chunk IDs 23824 to 23923 (100 chunks)
  Generating embeddings...
  Uploading to Vectorize...
  ✓ Successfully uploaded 100 vectors
  Progress: 4100/7040 (58.2%)

Batch 42: Processing chunk IDs 23924 to 24023 (100 chunks)
  Generating embeddings...
  Uploading to Vectorize...
  ✓ Successfully uploaded 100 vectors
  Progress: 4200/7040 (59.7%)

Batch 43: Processing chunk IDs 24024 to 24123 (100 chunks)
  Generating embeddings...
  Uploading to Vectorize...
  ✓ Successfully uploaded 100 vectors
  Progress: 4300/7040 (61.1%)

Batch 44: Processing chunk IDs 24124 to 24223 (100 chunks)
  Generating embeddings...
  Uploading to Vectorize...
  ✓ Successfully uploaded 100 vectors
  Progress: 4400/7040 (62.5%)

Batch 45: Processing chunk IDs 24224 to 24323 (100 chunks)
  Generating embeddings...
  Uploading to Vectorize...
  ✓ Successfully uploaded 100 vectors
  Progress: 4500/7040 (63.9%)

Batch 46: Processing chunk IDs 24324 to 24423 (100 chunks)
  Generating embeddings...
  Uploading to Vectorize...
  ✓ Successfully uploaded 100 vectors
  Progress: 4600/7040 (65.3%)

Batch 47: Processing chunk IDs 24424 to 24523 (100 chunks)
  Generating embeddings...
  Uploading to Vectorize...
  ✓ Successfully uploaded 100 vectors
  Progress: 4700/7040 (66.8%)

Batch 48: Processing chunk IDs 24524 to 24623 (100 chunks)
  Generating embeddings...
  Uploading to Vectorize...
  ✓ Successfully uploaded 100 vectors
  Progress: 4800/7040 (68.2%)

Batch 49: Processing chunk IDs 24624 to 24723 (100 chunks)
  Generating embeddings...
  Uploading to Vectorize...
  ✓ Successfully uploaded 100 vectors
  Progress: 4900/7040 (69.6%)

Batch 50: Processing chunk IDs 24724 to 24823 (100 chunks)
  Generating embeddings...
  Uploading to Vectorize...
  ✓ Successfully uploaded 100 vectors
  Progress: 5000/7040 (71.0%)

Batch 51: Processing chunk IDs 24824 to 24923 (100 chunks)
  Generating embeddings...
  Uploading to Vectorize...
  ✓ Successfully uploaded 100 vectors
  Progress: 5100/7040 (72.4%)

Batch 52: Processing chunk IDs 24924 to 25023 (100 chunks)
  Generating embeddings...
  Uploading to Vectorize...
  ✓ Successfully uploaded 100 vectors
  Progress: 5200/7040 (73.9%)

Batch 53: Processing chunk IDs 25024 to 25123 (100 chunks)
  Generating embeddings...
  Uploading to Vectorize...
  ✓ Successfully uploaded 100 vectors
  Progress: 5300/7040 (75.3%)

Batch 54: Processing chunk IDs 25124 to 25223 (100 chunks)
  Generating embeddings...
  Uploading to Vectorize...
  ✓ Successfully uploaded 100 vectors
  Progress: 5400/7040 (76.7%)

Batch 55: Processing chunk IDs 25224 to 25323 (100 chunks)
  Generating embeddings...
  Uploading to Vectorize...
  ✓ Successfully uploaded 100 vectors
  Progress: 5500/7040 (78.1%)

Batch 56: Processing chunk IDs 25324 to 25423 (100 chunks)
  Generating embeddings...
  Uploading to Vectorize...
  ✓ Successfully uploaded 100 vectors
  Progress: 5600/7040 (79.5%)

Batch 57: Processing chunk IDs 25424 to 25523 (100 chunks)
  Generating embeddings...
  Uploading to Vectorize...
  ✓ Successfully uploaded 100 vectors
  Progress: 5700/7040 (81.0%)

Batch 58: Processing chunk IDs 25524 to 25623 (100 chunks)
  Generating embeddings...
  Uploading to Vectorize...
  ✓ Successfully uploaded 100 vectors
  Progress: 5800/7040 (82.4%)

Batch 59: Processing chunk IDs 25624 to 25723 (100 chunks)
  Generating embeddings...
  Uploading to Vectorize...
  ✓ Successfully uploaded 100 vectors
  Progress: 5900/7040 (83.8%)

Batch 60: Processing chunk IDs 25724 to 25823 (100 chunks)
  Generating embeddings...
  Uploading to Vectorize...
  ✓ Successfully uploaded 100 vectors
  Progress: 6000/7040 (85.2%)

Batch 61: Processing chunk IDs 25824 to 25923 (100 chunks)
  Generating embeddings...
  Uploading to Vectorize...
  ✓ Successfully uploaded 100 vectors
  Progress: 6100/7040 (86.6%)

Batch 62: Processing chunk IDs 25924 to 26023 (100 chunks)
  Generating embeddings...
  Uploading to Vectorize...
  ✓ Successfully uploaded 100 vectors
  Progress: 6200/7040 (88.1%)

Batch 63: Processing chunk IDs 26024 to 26123 (100 chunks)
  Generating embeddings...
  Uploading to Vectorize...
  ✓ Successfully uploaded 100 vectors
  Progress: 6300/7040 (89.5%)

Batch 64: Processing chunk IDs 26124 to 26223 (100 chunks)
  Generating embeddings...
  Uploading to Vectorize...
  ✓ Successfully uploaded 100 vectors
  Progress: 6400/7040 (90.9%)

Batch 65: Processing chunk IDs 26224 to 26323 (100 chunks)
  Generating embeddings...
  Uploading to Vectorize...
  ✓ Successfully uploaded 100 vectors
  Progress: 6500/7040 (92.3%)

Batch 66: Processing chunk IDs 26324 to 26423 (100 chunks)
  Generating embeddings...
  Uploading to Vectorize...
  ✓ Successfully uploaded 100 vectors
  Progress: 6600/7040 (93.8%)

Batch 67: Processing chunk IDs 26424 to 26523 (100 chunks)
  Generating embeddings...
  Uploading to Vectorize...
  ✓ Successfully uploaded 100 vectors
  Progress: 6700/7040 (95.2%)

Batch 68: Processing chunk IDs 26524 to 26623 (100 chunks)
  Generating embeddings...
  Uploading to Vectorize...
  ✓ Successfully uploaded 100 vectors
  Progress: 6800/7040 (96.6%)

Batch 69: Processing chunk IDs 26624 to 26723 (100 chunks)
  Generating embeddings...
  Uploading to Vectorize...
  ✓ Successfully uploaded 100 vectors
  Progress: 6900/7040 (98.0%)

Batch 70: Processing chunk IDs 26724 to 26823 (100 chunks)
  Generating embeddings...
  Uploading to Vectorize...
  ✓ Successfully uploaded 100 vectors
  Progress: 7000/7040 (99.4%)

Batch 71: Processing chunk IDs 26824 to 26863 (40 chunks)
  Generating embeddings...
  Uploading to Vectorize...
  ✓ Successfully uploaded 40 vectors
  Progress: 7040/7040 (100.0%)


================================================================================
SUMMARY
================================================================================
Total chunks uploaded: 7040

Vedabase RAG is now complete with lectures!
================================================================================
