Loaded 7040 lecture chunks
Building verse_id to book_code mapping...
Mapped 7040 verses to book codes

Total chunks to upload: 7040
Starting upload...

Batch 1: Processing chunk IDs 19824 to 19923 (100 chunks)
  Generating embeddings...
  Uploading to Vectorize...
  ✓ Successfully uploaded 100 vectors
  Progress: 100/7040 (1.4%)

Batch 2: Processing chunk IDs 19924 to 20023 (100 chunks)
  Generating embeddings...
  Uploading to Vectorize...
  ✓ Successfully uploaded 100 vectors
  Progress: 200/7040 (2.8%)

Batch 3: Processing chunk IDs 20024 to 20123 (100 chunks)
  Generating embeddings...
  Uploading to Vectorize...
  ✓ Successfully uploaded 100 vectors
  Progress: 300/7040 (4.3%)

Batch 4: Processing chunk IDs 20124 to 20223 (100 chunks)
  Generating embeddings...
  Uploading to Vectorize...
  ✓ Successfully uploaded 100 vectors
  Progress: 400/7040 (5.7%)

Batch 5: Processing chunk IDs 20224 to 20323 (100 chunks)
  Generating embeddings...
  Uploading to Vectorize...
  ✓ Successfully uploaded 100 vectors
  Progress: 500/7040 (7.1%)

Batch 6: Processing chunk IDs 20324 to 20423 (100 chunks)
  Generating embeddings...
  Uploading to Vectorize...
  ✓ Successfully uploaded 100 vectors
  Progress: 600/7040 (8.5%)

Batch 7: Processing chunk IDs 20424 to 20523 (100 chunks)
  Generating embeddings...
  Uploading to Vectorize...
  ✓ Successfully uploaded 100 vectors
  Progress: 700/7040 (9.9%)

Batch 8: Processing chunk IDs 20524 to 20623 (100 chunks)
  Generating embeddings...
  Uploading to Vectorize...
  ✓ Successfully uploaded 100 vectors
  Progress: 800/7040 (11.4%)

Batch 9: Processing chunk IDs 20624 to 20723 (100 chunks)
  Generating embeddings...
  Uploading to Vectorize...
  ✓ Successfully uploaded 100 vectors
  Progress: 900/7040 (12.8%)

Batch 10: Processing chunk IDs 20724 to 20823 (100 chunks)
  Generating embeddings...
  Uploading to Vectorize...
  ✓ Successfully uploaded 100 vectors
  Progress: 1000/7040 (14.2%)

Batch 11: Processing chunk IDs 20824 to 20923 (100 chunks)
  Generating embeddings...
  Uploading to Vectorize...
  ✓ Successfully uploaded 100 vectors
  Progress: 1100/7040 (15.6%)

Batch 12: Processing chunk IDs 20924 to 21023 (100 chunks)
  Generating embeddings...
  Uploading to Vectorize...
  ✓ Successfully uploaded 100 vectors
  Progress: 1200/7040 (17.0%)

Batch 13: Processing chunk IDs 21024 to 21123 (100 chunks)
  Generating embeddings...
  Uploading to Vectorize...
  ✓ Successfully uploaded 100 vectors
  Progress: 1300/7040 (18.5%)

Batch 14: Processing chunk IDs 21124 to 21223 (100 chunks)
  Generating embeddings...
  Uploading to Vectorize...
  ✓ Successfully uploaded 100 vectors
  Progress: 1400/7040 (19.9%)

Batch 15: Processing chunk IDs 21224 to 21323 (100 chunks)
  Generating embeddings...
  Uploading to Vectorize...
  ✓ Successfully uploaded 100 vectors
  Progress: 1500/7040 (21.3%)

Batch 16: Processing chunk IDs 21324 to 21423 (100 chunks)
  Generating embeddings...
  Uploading to Vectorize...
  ✓ Successfully uploaded 100 vectors
  Progress: 1600/7040 (22.7%)

Batch 17: Processing chunk IDs 21424 to 21523 (100 chunks)
  Generating embeddings...
  Uploading to Vectorize...
  ✓ Successfully uploaded 100 vectors
  Progress: 1700/7040 (24.1%)

Batch 18: Processing chunk IDs 21524 to 21623 (100 chunks)
  Generating embeddings...
  Uploading to Vectorize...
  ✓ Successfully uploaded 100 vectors
  Progress: 1800/7040 (25.6%)

Batch 19: Processing chunk IDs 21624 to 21723 (100 chunks)
  Generating embeddings...
  Uploading to Vectorize...
  ✓ Successfully uploaded 100 vectors
  Progress: 1900/7040 (27.0%)

Batch 20: Processing chunk IDs 21724 to 21823 (100 chunks)
  Generating embeddings...
  Uploading to Vectorize...
  ✓ Successfully uploaded 100 vectors
  Progress: 2000/7040 (28.4%)

Batch 21: Processing chunk IDs 21824 to 21923 (100 chunks)
  Generating embeddings...
  Uploading to Vectorize...
  ✓ Successfully uploaded 100 vectors
  Progress: 2100/7040 (29.8%)

Batch 22: Processing chunk IDs 21924 to 22023 (100 chunks)
  Generating embeddings...
  Uploading to Vectorize...
  ✓ Successfully uploaded 100 vectors
  Progress: 2200/7040 (31.2%)

Batch 23: Processing chunk IDs 22024 to 22123 (100 chunks)
  Generating embeddings...
  Uploading to Vectorize...
  ✓ Successfully uploaded 100 vectors
  Progress: 2300/7040 (32.7%)

Batch 24: Processing chunk IDs 22124 to 22223 (100 chunks)
  Generating embeddings...
  Uploading to Vectorize...
  ✓ Successfully uploaded 100 vectors
  Progress: 2400/7040 (34.1%)

Batch 25: Processing chunk IDs 22224 to 22323 (100 chunks)
  Generating embeddings...
  Uploading to Vectorize...
  ✓ Successfully uploaded 100 vectors
  Progress: 2500/7040 (35.5%)

Batch 26: Processing chunk IDs 22324 to 22423 (100 chunks)
  Generating embeddings...
  Uploading to Vectorize...
  ✓ Successfully uploaded 100 vectors
  Progress: 2600/7040 (36.9%)

Batch 27: Processing chunk IDs 22424 to 22523 (100 chunks)
  Generating embeddings...
  Uploading to Vectorize...
  ✓ Successfully uploaded 100 vectors
  Progress: 2700/7040 (38.4%)

Batch 28: Processing chunk IDs 22524 to 22623 (100 chunks)
  Generating embeddings...
  Uploading to Vectorize...
  ✓ Successfully uploaded 100 vectors
  Progress: 2800/7040 (39.8%)

Batch 29: Processing chunk IDs 22624 to 22723 (100 chunks)
  Generating embeddings...
  Uploading to Vectorize...
  ✓ Successfully uploaded 100 vectors
  Progress: 2900/7040 (41.2%)

Batch 30: Processing chunk IDs 22724 to 22823 (100 chunks)
  Generating embeddings...
  Uploading to Vectorize...
  ✓ Successfully uploaded 100 vectors
  Progress: 3000/7040 (42.6%)

Batch 31: Processing chunk IDs 22824 to 22923 (100 chunks)
  Generating embeddings...
  Uploading to Vectorize...
  ✓ Successfully uploaded 100 vectors
  Progress: 3100/7040 (44.0%)

Batch 32: Processing chunk IDs 22924 to 23023 (100 chunks)
  Generating embeddings...
  Uploading to Vectorize...
  ✓ Successfully uploaded 100 vectors
  Progress: 3200/7040 (45.5%)

Batch 33: Processing chunk IDs 23024 to 23123 (100 chunks)
  Generating embeddings...
  Uploading to Vectorize...
  ✓ Successfully uploaded 100 vectors
  Progress: 3300/7040 (46.9%)

Batch 34: Processing chunk IDs 23124 to 23223 (100 chunks)
  Generating embeddings...
  Uploading to Vectorize...
  ✓ Successfully uploaded 100 vectors
  Progress: 3400/7040 (48.3%)

Batch 35: Processing chunk IDs 23224 to 23323 (100 chunks)
  Generating embeddings...
  Uploading to Vectorize...
  ✓ Successfully uploaded 100 vectors
  Progress: 3500/7040 (49.7%)

Batch 36: Processing chunk IDs 23324 to 23423 (100 chunks)
  Generating embeddings...
  Uploading to Vectorize...
  ✓ Successfully uploaded 100 vectors
  Progress: 3600/7040 (51.1%)

Batch 37: Processing chunk IDs 23424 to 23523 (100 chunks)
  Generating embeddings...
  Uploading to Vectorize...
  ✓ Successfully uploaded 100 vectors
  Progress: 3700/7040 (52.6%)

Batch 38: Processing chunk IDs 23524 to 23623 (100 chunks)
  Generating embeddings...
  Uploading to Vectorize...
  ✓ Successfully uploaded 100 vectors
  Progress: 3800/7040 (54.0%)

Batch 39: Processing chunk IDs 23624 to 23723 (100 chunks)
  Generating embeddings...
  Uploading to Vectorize...
  ✓ Successfully uploaded 100 vectors
  Progress: 3900/7040 (55.4%)

Batch 40: Processing chunk IDs 23724 to 23823 (100 chunks)
  Generating embeddings...
  Uploading to Vectorize...
  ✓ Successfully uploaded 100 vectors
  Progress: 4000/7040 (56.8%)

Batch 41: Processing chunk IDs 23824 to 23923 (100 chunks)
  Generating embeddings...
  Uploading to Vectorize...
  ✓ Successfully uploaded 100 vectors
  Progress: 4100/7040 (58.2%)

Batch 42: Processing chunk IDs 23924 to 24023 (100 chunks)
  Generating embeddings...
  Uploading to Vectorize...
  ✓ Successfully uploaded 100 vectors
  Progress: 4200/7040 (59.7%)

Batch 43: Processing chunk IDs 24024 to 24123 (100 chunks)
  Generating embeddings...
  Uploading to Vectorize...
  ✓ Successfully uploaded 100 vectors
  Progress: 4300/7040 (61.1%)

Batch 44: Processing chunk IDs 24124 to 24223 (100 chunks)
  Generating embeddings...
  Uploading to Vectorize...
  ✓ Successfully uploaded 100 vectors
  Progress: 4400/7040 (62.5%)

Batch 45: Processing chunk IDs 24224 to 24323 (100 chunks)
  Generating embeddings...
  Uploading to Vectorize...
  ✓ Successfully uploaded 100 vectors
  Progress: 4500/7040 (63.9%)

Batch 46: Processing chunk IDs 24324 to 24423 (100 chunks)
  Generating embeddings...
  Uploading to Vectorize...
  ✓ Successfully uploaded 100 vectors
  Progress: 4600/7040 (65.3%)

Batch 47: Processing chunk IDs 24424 to 24523 (100 chunks)
  Generating embeddings...
  Uploading to Vectorize...
Traceback (most recent call last):
  File "/Users/jaganat/.emacs.d/git_projects/questions_answers/upload_lecture_embeddings_wrangler_fixed.py", line 158, in <module>
    main()
  File "/Users/jaganat/.emacs.d/git_projects/questions_answers/upload_lecture_embeddings_wrangler_fixed.py", line 127, in main
    temp_file.unlink()
  File "/Library/Developer/CommandLineTools/Library/Frameworks/Python3.framework/Versions/3.9/lib/python3.9/pathlib.py", line 1344, in unlink
    self._accessor.unlink(self)
FileNotFoundError: [Errno 2] No such file or directory: 'temp_vectors.ndjson'
