Loaded 7040 lecture chunks
Building verse_id to book_code mapping...
Mapped 7040 verses to book codes

Resuming from chunk ID: 24424
Already uploaded: 4600 chunks

Total chunks to upload: 2440
Starting upload...

Batch 1: Processing chunk IDs 24424 to 24523 (100 chunks)
  Generating embeddings...
  Uploading to Vectorize...
  ✓ Successfully uploaded 100 vectors
  Progress: 4700/7040 (66.8%)

Batch 2: Processing chunk IDs 24524 to 24623 (100 chunks)
  Generating embeddings...
  Uploading to Vectorize...
  ✓ Successfully uploaded 100 vectors
  Progress: 4800/7040 (68.2%)

Batch 3: Processing chunk IDs 24624 to 24723 (100 chunks)
  Generating embeddings...
  Uploading to Vectorize...
  ✓ Successfully uploaded 100 vectors
  Progress: 4900/7040 (69.6%)

Batch 4: Processing chunk IDs 24724 to 24823 (100 chunks)
  Generating embeddings...
  Uploading to Vectorize...
  ✓ Successfully uploaded 100 vectors
  Progress: 5000/7040 (71.0%)

Batch 5: Processing chunk IDs 24824 to 24923 (100 chunks)
  Generating embeddings...
  Uploading to Vectorize...
  ✓ Successfully uploaded 100 vectors
  Progress: 5100/7040 (72.4%)

Batch 6: Processing chunk IDs 24924 to 25023 (100 chunks)
  Generating embeddings...
  Uploading to Vectorize...
  ✓ Successfully uploaded 100 vectors
  Progress: 5200/7040 (73.9%)

Batch 7: Processing chunk IDs 25024 to 25123 (100 chunks)
  Generating embeddings...
  Uploading to Vectorize...
  ✓ Successfully uploaded 100 vectors
  Progress: 5300/7040 (75.3%)

Batch 8: Processing chunk IDs 25124 to 25223 (100 chunks)
  Generating embeddings...
  Uploading to Vectorize...
  ✓ Successfully uploaded 100 vectors
  Progress: 5400/7040 (76.7%)

Batch 9: Processing chunk IDs 25224 to 25323 (100 chunks)
  Generating embeddings...
  Uploading to Vectorize...
  ✓ Successfully uploaded 100 vectors
  Progress: 5500/7040 (78.1%)

Batch 10: Processing chunk IDs 25324 to 25423 (100 chunks)
  Generating embeddings...
  Uploading to Vectorize...
  ✓ Successfully uploaded 100 vectors
  Progress: 5600/7040 (79.5%)

Batch 11: Processing chunk IDs 25424 to 25523 (100 chunks)
  Generating embeddings...
  Uploading to Vectorize...
  ✓ Successfully uploaded 100 vectors
  Progress: 5700/7040 (81.0%)

Batch 12: Processing chunk IDs 25524 to 25623 (100 chunks)
  Generating embeddings...
  Uploading to Vectorize...
  ✓ Successfully uploaded 100 vectors
  Progress: 5800/7040 (82.4%)

Batch 13: Processing chunk IDs 25624 to 25723 (100 chunks)
  Generating embeddings...
  Uploading to Vectorize...
  ✓ Successfully uploaded 100 vectors
  Progress: 5900/7040 (83.8%)

Batch 14: Processing chunk IDs 25724 to 25823 (100 chunks)
  Generating embeddings...
  Uploading to Vectorize...
  ✓ Successfully uploaded 100 vectors
  Progress: 6000/7040 (85.2%)

Batch 15: Processing chunk IDs 25824 to 25923 (100 chunks)
  Generating embeddings...
  Uploading to Vectorize...
  ✓ Successfully uploaded 100 vectors
  Progress: 6100/7040 (86.6%)

Batch 16: Processing chunk IDs 25924 to 26023 (100 chunks)
  Generating embeddings...
  Uploading to Vectorize...
  ✓ Successfully uploaded 100 vectors
  Progress: 6200/7040 (88.1%)

Batch 17: Processing chunk IDs 26024 to 26123 (100 chunks)
  Generating embeddings...
  Uploading to Vectorize...
  ✓ Successfully uploaded 100 vectors
  Progress: 6300/7040 (89.5%)

Batch 18: Processing chunk IDs 26124 to 26223 (100 chunks)
  Generating embeddings...
  Uploading to Vectorize...
  ✓ Successfully uploaded 100 vectors
  Progress: 6400/7040 (90.9%)

Batch 19: Processing chunk IDs 26224 to 26323 (100 chunks)
  Generating embeddings...
  Uploading to Vectorize...
  ✓ Successfully uploaded 100 vectors
  Progress: 6500/7040 (92.3%)

Batch 20: Processing chunk IDs 26324 to 26423 (100 chunks)
  Generating embeddings...
  Uploading to Vectorize...
  ✓ Successfully uploaded 100 vectors
  Progress: 6600/7040 (93.8%)

Batch 21: Processing chunk IDs 26424 to 26523 (100 chunks)
  Generating embeddings...
  Uploading to Vectorize...
  ✓ Successfully uploaded 100 vectors
  Progress: 6700/7040 (95.2%)

Batch 22: Processing chunk IDs 26524 to 26623 (100 chunks)
  Generating embeddings...
  Uploading to Vectorize...
  ✓ Successfully uploaded 100 vectors
  Progress: 6800/7040 (96.6%)

Batch 23: Processing chunk IDs 26624 to 26723 (100 chunks)
  Generating embeddings...
  Uploading to Vectorize...
  ✓ Successfully uploaded 100 vectors
  Progress: 6900/7040 (98.0%)

Batch 24: Processing chunk IDs 26724 to 26823 (100 chunks)
  Generating embeddings...
  Uploading to Vectorize...
  ✓ Successfully uploaded 100 vectors
  Progress: 7000/7040 (99.4%)

Batch 25: Processing chunk IDs 26824 to 26863 (40 chunks)
  Generating embeddings...
  Uploading to Vectorize...
  ✓ Successfully uploaded 40 vectors
  Progress: 7040/7040 (100.0%)


================================================================================
SUMMARY
================================================================================
Total chunks uploaded: 7040

Lecture embeddings fixed with correct metadata:
  - source: 'vedabase' (searchable!)
  - book_code: added for filtering
================================================================================
