/Users/jaganat/Library/Python/3.9/lib/python/site-packages/urllib3/__init__.py:35: NotOpenSSLWarning: urllib3 v2 only supports OpenSSL 1.1.1+, currently the 'ssl' module is compiled with 'LibreSSL 2.8.3'. See: https://github.com/urllib3/urllib3/issues/3020
  warnings.warn(
================================================================================
LECTURE INDEXING MONITOR
================================================================================
Started: 2025-11-26 01:16:45
Checking every 5 minutes for lecture content in search results...
Press Ctrl+C to stop monitoring

[01:16:45] Check #1 (elapsed: 0m 0s)
  Test 1 (lecture query): 0/1 lecture results
  Test 2 (book filter):   0 results with LEC1A filter
  Test 3 (general):       ✗ lectures in top 20 results
  ⏳ Lectures not yet indexed, waiting...

  Note: Vectorize indexing typically takes 5-30 minutes
        This is normal for Cloudflare's distributed system

  Next check in 5 minutes...

[01:21:47] Check #2 (elapsed: 5m 2s)
  Test 1 (lecture query): 0/1 lecture results
  Test 2 (book filter):   0 results with LEC1A filter
  Test 3 (general):       ✗ lectures in top 20 results
  ⏳ Lectures not yet indexed, waiting...
  Next check in 5 minutes...

[01:26:50] Check #3 (elapsed: 10m 4s)
  Test 1 (lecture query): 0/1 lecture results
  Test 2 (book filter):   0 results with LEC1A filter
  Test 3 (general):       ✗ lectures in top 20 results
  ⏳ Lectures not yet indexed, waiting...
  Next check in 5 minutes...

[01:31:52] Check #4 (elapsed: 15m 7s)
  Test 1 (lecture query): 0/1 lecture results
  Test 2 (book filter):   0 results with LEC1A filter
  Test 3 (general):       ✗ lectures in top 20 results
  ⏳ Lectures not yet indexed, waiting...
  Next check in 5 minutes...

[01:36:55] Check #5 (elapsed: 20m 9s)
  Test 1 (lecture query): 0/1 lecture results
  Test 2 (book filter):   0 results with LEC1A filter
  Test 3 (general):       ✗ lectures in top 20 results
  ⏳ Lectures not yet indexed, waiting...
  Next check in 5 minutes...

[01:41:57] Check #6 (elapsed: 25m 12s)
  Test 1 (lecture query): 0/1 lecture results
  Test 2 (book filter):   0 results with LEC1A filter
  Test 3 (general):       ✗ lectures in top 20 results
  ⏳ Lectures not yet indexed, waiting...
  Next check in 5 minutes...

[01:47:00] Check #7 (elapsed: 30m 15s)
  Test 1 (lecture query): 0/1 lecture results
  Test 2 (book filter):   0 results with LEC1A filter
  Test 3 (general):       ✗ lectures in top 20 results
  ⏳ Lectures not yet indexed, waiting...
  Next check in 5 minutes...

[01:52:02] Check #8 (elapsed: 35m 17s)
  Test 1 (lecture query): 0/1 lecture results
  Test 2 (book filter):   0 results with LEC1A filter
  Test 3 (general):       ✗ lectures in top 20 results
  ⏳ Lectures not yet indexed, waiting...
  Next check in 5 minutes...

[03:54:27] Check #9 (elapsed: 157m 41s)
  Test 1 (lecture query): 0/1 lecture results
  Test 2 (book filter):   0 results with LEC1A filter
  Test 3 (general):       ✗ lectures in top 20 results
  ⏳ Lectures not yet indexed, waiting...
  Next check in 5 minutes...

[05:20:10] Check #10 (elapsed: 243m 25s)
  Test 1 (lecture query): 0/1 lecture results
  Test 2 (book filter):   0 results with LEC1A filter
  Test 3 (general):       ✗ lectures in top 20 results
  ⏳ Lectures not yet indexed, waiting...
  Next check in 5 minutes...

[05:25:14] Check #11 (elapsed: 248m 28s)
  Test 1 (lecture query): 0/1 lecture results
  Test 2 (book filter):   0 results with LEC1A filter
  Test 3 (general):       ✗ lectures in top 20 results
  ⏳ Lectures not yet indexed, waiting...
  Next check in 5 minutes...

[05:30:16] Check #12 (elapsed: 253m 31s)
  Test 1 (lecture query): 0/1 lecture results
  Test 2 (book filter):   0 results with LEC1A filter
  Test 3 (general):       ✗ lectures in top 20 results
  ⏳ Lectures not yet indexed, waiting...
  Next check in 5 minutes...

[05:35:19] Check #13 (elapsed: 258m 34s)
  Test 1 (lecture query): 0/1 lecture results
  Test 2 (book filter):   0 results with LEC1A filter
  Test 3 (general):       ✗ lectures in top 20 results
  ⏳ Lectures not yet indexed, waiting...
  Next check in 5 minutes...

[05:40:23] Check #14 (elapsed: 263m 37s)
  Test 1 (lecture query): 0/1 lecture results
  Test 2 (book filter):   0 results with LEC1A filter
  Test 3 (general):       ✗ lectures in top 20 results
  ⏳ Lectures not yet indexed, waiting...
  Next check in 5 minutes...

[05:45:30] Check #15 (elapsed: 268m 45s)
  Test 1 (lecture query): 0/1 lecture results
  Test 2 (book filter):   0 results with LEC1A filter
  Test 3 (general):       ✗ lectures in top 20 results
  ⏳ Lectures not yet indexed, waiting...
  Next check in 5 minutes...

[05:50:33] Check #16 (elapsed: 273m 48s)
  Test 1 (lecture query): 0/1 lecture results
  Test 2 (book filter):   0 results with LEC1A filter
  Test 3 (general):       ✗ lectures in top 20 results
  ⏳ Lectures not yet indexed, waiting...
  Next check in 5 minutes...

[05:55:35] Check #17 (elapsed: 278m 50s)
  Test 1 (lecture query): 0/1 lecture results
  Test 2 (book filter):   0 results with LEC1A filter
  Test 3 (general):       ✗ lectures in top 20 results
  ⏳ Lectures not yet indexed, waiting...
  Next check in 5 minutes...

[06:00:39] Check #18 (elapsed: 283m 53s)
  Test 1 (lecture query): 0/1 lecture results
  Test 2 (book filter):   0 results with LEC1A filter
  Test 3 (general):       ✗ lectures in top 20 results
  ⏳ Lectures not yet indexed, waiting...
  Next check in 5 minutes...

[06:05:43] Check #19 (elapsed: 288m 58s)
  Test 1 (lecture query): 10/10 lecture results
  Test 2 (book filter):   0 results with LEC1A filter
  Test 3 (general):       ✓ lectures in top 20 results

================================================================================
✅ LECTURES ARE NOW INDEXED AND SEARCHABLE!
================================================================================
Total time waited: 288 minutes 58 seconds

Test Details:
{
  "test1_lecture_results": 10,
  "test2_filtered_count": 0,
  "test3_any_lectures": true,
  "test1_total": 10,
  "test2_total": 0,
  "test3_total": 20
}

🎉 The Vedabase RAG system is now complete with lectures!
================================================================================
