================================================================================
PARSING KRISHNA BOOK
================================================================================

Parsing kb.html (1.9 MB)...
  ✓ Found 0 chapters in Krishna Book

Saving to kb_parsed.json...
  ✓ Saved 0.00 MB

================================================================================
PARSING COMPLETE
================================================================================
  Krishna Book chapters: 0
  Output file: kb_parsed.json
================================================================================
================================================================================
PARSING KRISHNA BOOK
================================================================================

Parsing kb.html (1.9 MB)...
  ✓ Found 0 chapters in Krishna Book

Saving to kb_parsed.json...
  ✓ Saved 0.00 MB

================================================================================
PARSING COMPLETE
================================================================================
  Krishna Book chapters: 0
  Output file: kb_parsed.json
================================================================================
================================================================================
PARSING KRISHNA BOOK
================================================================================

Parsing kb.html (1.9 MB)...
  ✓ Found 88 chapters in Krishna Book

Saving to kb_parsed.json...
  ✓ Saved 1.82 MB

================================================================================
PARSING COMPLETE
================================================================================
  Krishna Book chapters: 88
  Output file: kb_parsed.json
================================================================================
