================================================================================
UPLOADING KB BOOKS TO REMOTE D1
================================================================================

Loaded export:
  KB Verses: 88
  KB Chunks: 1860

1. Uploading KB verses...
   Batch 1/4: ✓ Uploaded 25 verses (25/88 total)
   Batch 2/4: ✓ Uploaded 25 verses (50/88 total)
   Batch 3/4: ✓ Uploaded 25 verses (75/88 total)
   Batch 4/4: ✓ Uploaded 13 verses (88/88 total)

2. Uploading KB chunks...
   Batch 1/75: ✓ Uploaded 25 chunks (25/1860 total)
   Batch 2/75: ✓ Uploaded 25 chunks (50/1860 total)
   Batch 3/75: ✓ Uploaded 25 chunks (75/1860 total)
   Batch 4/75: ✓ Uploaded 25 chunks (100/1860 total)
   Batch 5/75: ✓ Uploaded 25 chunks (125/1860 total)
   Batch 6/75: ✓ Uploaded 25 chunks (150/1860 total)
   Batch 7/75: ✓ Uploaded 25 chunks (175/1860 total)
   Batch 8/75: ✓ Uploaded 25 chunks (200/1860 total)
   Batch 9/75: ✓ Uploaded 25 chunks (225/1860 total)
   Batch 10/75: ✓ Uploaded 25 chunks (250/1860 total)
   Batch 11/75: ✓ Uploaded 25 chunks (275/1860 total)
   Batch 12/75: ✓ Uploaded 25 chunks (300/1860 total)
   Batch 13/75: ✓ Uploaded 25 chunks (325/1860 total)
   Batch 14/75: ✓ Uploaded 25 chunks (350/1860 total)
   Batch 15/75: ✓ Uploaded 25 chunks (375/1860 total)
   Batch 16/75: ✓ Uploaded 25 chunks (400/1860 total)
   Batch 17/75: ✓ Uploaded 25 chunks (425/1860 total)
   Batch 18/75: ✓ Uploaded 25 chunks (450/1860 total)
   Batch 19/75: ✓ Uploaded 25 chunks (475/1860 total)
   Batch 20/75: ✓ Uploaded 25 chunks (500/1860 total)
   Batch 21/75: ✓ Uploaded 25 chunks (525/1860 total)
   Batch 22/75: ✓ Uploaded 25 chunks (550/1860 total)
   Batch 23/75: ✓ Uploaded 25 chunks (575/1860 total)
   Batch 24/75: ✓ Uploaded 25 chunks (600/1860 total)
   Batch 25/75: ✓ Uploaded 25 chunks (625/1860 total)
   Batch 26/75: ✓ Uploaded 25 chunks (650/1860 total)
   Batch 27/75: ✓ Uploaded 25 chunks (675/1860 total)
   Batch 28/75: ✓ Uploaded 25 chunks (700/1860 total)
   Batch 29/75: ✓ Uploaded 25 chunks (725/1860 total)
   Batch 30/75: ✓ Uploaded 25 chunks (750/1860 total)
   Batch 31/75: ✓ Uploaded 25 chunks (775/1860 total)
   Batch 32/75: ✓ Uploaded 25 chunks (800/1860 total)
   Batch 33/75: ✓ Uploaded 25 chunks (825/1860 total)
   Batch 34/75: ✓ Uploaded 25 chunks (850/1860 total)
   Batch 35/75: ✓ Uploaded 25 chunks (875/1860 total)
   Batch 36/75: ✓ Uploaded 25 chunks (900/1860 total)
   Batch 37/75: ✓ Uploaded 25 chunks (925/1860 total)
   Batch 38/75: ✓ Uploaded 25 chunks (950/1860 total)
   Batch 39/75: ✓ Uploaded 25 chunks (975/1860 total)
   Batch 40/75: ✓ Uploaded 25 chunks (1000/1860 total)
   Batch 41/75: ✓ Uploaded 25 chunks (1025/1860 total)
   Batch 42/75: ✓ Uploaded 25 chunks (1050/1860 total)
   Batch 43/75: ✓ Uploaded 25 chunks (1075/1860 total)
   Batch 44/75: ✓ Uploaded 25 chunks (1100/1860 total)
   Batch 45/75: ✓ Uploaded 25 chunks (1125/1860 total)
   Batch 46/75: ✓ Uploaded 25 chunks (1150/1860 total)
   Batch 47/75: ✓ Uploaded 25 chunks (1175/1860 total)
   Batch 48/75: ✓ Uploaded 25 chunks (1200/1860 total)
   Batch 49/75: ✓ Uploaded 25 chunks (1225/1860 total)
   Batch 50/75: ✓ Uploaded 25 chunks (1250/1860 total)
   Batch 51/75: ✓ Uploaded 25 chunks (1275/1860 total)
   Batch 52/75: ✓ Uploaded 25 chunks (1300/1860 total)
   Batch 53/75: ✓ Uploaded 25 chunks (1325/1860 total)
   Batch 54/75: ✓ Uploaded 25 chunks (1350/1860 total)
   Batch 55/75: ✓ Uploaded 25 chunks (1375/1860 total)
   Batch 56/75: ✓ Uploaded 25 chunks (1400/1860 total)
   Batch 57/75: ✓ Uploaded 25 chunks (1425/1860 total)
   Batch 58/75: ✓ Uploaded 25 chunks (1450/1860 total)
   Batch 59/75: ✓ Uploaded 25 chunks (1475/1860 total)
   Batch 60/75: ✓ Uploaded 25 chunks (1500/1860 total)
   Batch 61/75: ✓ Uploaded 25 chunks (1525/1860 total)
   Batch 62/75: ✓ Uploaded 25 chunks (1550/1860 total)
   Batch 63/75: ✓ Uploaded 25 chunks (1575/1860 total)
   Batch 64/75: ✓ Uploaded 25 chunks (1600/1860 total)
   Batch 65/75: ✓ Uploaded 25 chunks (1625/1860 total)
   Batch 66/75: ✓ Uploaded 25 chunks (1650/1860 total)
   Batch 67/75: ✓ Uploaded 25 chunks (1675/1860 total)
   Batch 68/75: ✓ Uploaded 25 chunks (1700/1860 total)
   Batch 69/75: ✓ Uploaded 25 chunks (1725/1860 total)
   Batch 70/75: ✓ Uploaded 25 chunks (1750/1860 total)
   Batch 71/75: ✓ Uploaded 25 chunks (1775/1860 total)
   Batch 72/75: ✓ Uploaded 25 chunks (1800/1860 total)
   Batch 73/75: ✓ Uploaded 25 chunks (1825/1860 total)
   Batch 74/75: ✓ Uploaded 25 chunks (1850/1860 total)
   Batch 75/75: ✓ Uploaded 10 chunks (1860/1860 total)

================================================================================
UPLOAD COMPLETE
================================================================================
  KB Verses uploaded: 88
  KB Chunks uploaded: 1860
================================================================================
