================================================================================
UPLOADING CC BOOKS TO REMOTE D1
================================================================================

Loaded export:
  CC Verses: 11185
  CC Chunks: 3868

1. Uploading CC verses...
   Batch 1/448: ✓ Uploaded 25 verses (25/11185 total)
   Batch 2/448: ✓ Uploaded 25 verses (50/11185 total)
   Batch 3/448: ✓ Uploaded 25 verses (75/11185 total)
   Batch 4/448: ✓ Uploaded 25 verses (100/11185 total)
   Batch 5/448: ✓ Uploaded 25 verses (125/11185 total)
   Batch 6/448: ✓ Uploaded 25 verses (150/11185 total)
   Batch 7/448: ✓ Uploaded 25 verses (175/11185 total)
   Batch 8/448: ✓ Uploaded 25 verses (200/11185 total)
   Batch 9/448: ✓ Uploaded 25 verses (225/11185 total)
   Batch 10/448: ✓ Uploaded 25 verses (250/11185 total)
   Batch 11/448: ✓ Uploaded 25 verses (275/11185 total)
   Batch 12/448: ✓ Uploaded 25 verses (300/11185 total)
   Batch 13/448: ✓ Uploaded 25 verses (325/11185 total)
   Batch 14/448: ✓ Uploaded 25 verses (350/11185 total)
   Batch 15/448: ✓ Uploaded 25 verses (375/11185 total)
   Batch 16/448: ✓ Uploaded 25 verses (400/11185 total)
   Batch 17/448: ✓ Uploaded 25 verses (425/11185 total)
   Batch 18/448: ✓ Uploaded 25 verses (450/11185 total)
   Batch 19/448: ✓ Uploaded 25 verses (475/11185 total)
   Batch 20/448: ✓ Uploaded 25 verses (500/11185 total)
   Batch 21/448: ✓ Uploaded 25 verses (525/11185 total)
   Batch 22/448: ✓ Uploaded 25 verses (550/11185 total)
   Batch 23/448: ✓ Uploaded 25 verses (575/11185 total)
   Batch 24/448: ✓ Uploaded 25 verses (600/11185 total)
   Batch 25/448: ✓ Uploaded 25 verses (625/11185 total)
   Batch 26/448: ✓ Uploaded 25 verses (650/11185 total)
   Batch 27/448: ✓ Uploaded 25 verses (675/11185 total)
   Batch 28/448: ✓ Uploaded 25 verses (700/11185 total)
   Batch 29/448: ✓ Uploaded 25 verses (725/11185 total)
   Batch 30/448: ✓ Uploaded 25 verses (750/11185 total)
   Batch 31/448: ✓ Uploaded 25 verses (775/11185 total)
   Batch 32/448: ✓ Uploaded 25 verses (800/11185 total)
   Batch 33/448: ✓ Uploaded 25 verses (825/11185 total)
   Batch 34/448: ✓ Uploaded 25 verses (850/11185 total)
   Batch 35/448: ✓ Uploaded 25 verses (875/11185 total)
   Batch 36/448: ✓ Uploaded 25 verses (900/11185 total)
   Batch 37/448: ✓ Uploaded 25 verses (925/11185 total)
   Batch 38/448: ✓ Uploaded 25 verses (950/11185 total)
   Batch 39/448: ✓ Uploaded 25 verses (975/11185 total)
   Batch 40/448: ✓ Uploaded 25 verses (1000/11185 total)
   Batch 41/448: ✓ Uploaded 25 verses (1025/11185 total)
   Batch 42/448: ✓ Uploaded 25 verses (1050/11185 total)
   Batch 43/448: ✓ Uploaded 25 verses (1075/11185 total)
   Batch 44/448: ✓ Uploaded 25 verses (1100/11185 total)
   Batch 45/448: ✓ Uploaded 25 verses (1125/11185 total)
   Batch 46/448: ✓ Uploaded 25 verses (1150/11185 total)
   Batch 47/448: ✓ Uploaded 25 verses (1175/11185 total)
   Batch 48/448: ✓ Uploaded 25 verses (1200/11185 total)
   Batch 49/448: ✓ Uploaded 25 verses (1225/11185 total)
   Batch 50/448: ✓ Uploaded 25 verses (1250/11185 total)
Traceback (most recent call last):
  File "/Users/jaganat/.emacs.d/git_projects/questions_answers/upload_cc_books_batch.py", line 121, in <module>
    upload_cc_books()
  File "/Users/jaganat/.emacs.d/git_projects/questions_answers/upload_cc_books_batch.py", line 71, in upload_cc_books
    success, output = execute_remote_sql_batch(statements)
  File "/Users/jaganat/.emacs.d/git_projects/questions_answers/upload_cc_books_batch.py", line 28, in execute_remote_sql_batch
    Path('temp_batch.sql').unlink()  # Clean up
  File "/Library/Developer/CommandLineTools/Library/Frameworks/Python3.framework/Versions/3.9/lib/python3.9/pathlib.py", line 1344, in unlink
    self._accessor.unlink(self)
FileNotFoundError: [Errno 2] No such file or directory: 'temp_batch.sql'
