================================================================================
UPLOADING LEC1C TO REMOTE D1
================================================================================

Loaded export:
  LEC1C Verses: 2984
  LEC1C Chunks: 2984

1. Uploading LEC1C verses...
   Batch 1/60: ✓ Uploaded 50 verses (50/2984 total)
   Batch 2/60: ✓ Uploaded 50 verses (100/2984 total)
   Batch 3/60: ✓ Uploaded 50 verses (150/2984 total)
   Batch 4/60: ✓ Uploaded 50 verses (200/2984 total)
   Batch 5/60: ✓ Uploaded 50 verses (250/2984 total)
   Batch 6/60: ✓ Uploaded 50 verses (300/2984 total)
   Batch 7/60: ✓ Uploaded 50 verses (350/2984 total)
   Batch 8/60: ✓ Uploaded 50 verses (400/2984 total)
   Batch 9/60: ✓ Uploaded 50 verses (450/2984 total)
   Batch 10/60: ✓ Uploaded 50 verses (500/2984 total)
   Batch 11/60: ✓ Uploaded 50 verses (550/2984 total)
   Batch 12/60: ✓ Uploaded 50 verses (600/2984 total)
   Batch 13/60: ✓ Uploaded 50 verses (650/2984 total)
   Batch 14/60: ✓ Uploaded 50 verses (700/2984 total)
   Batch 15/60: ✓ Uploaded 50 verses (750/2984 total)
   Batch 16/60: ✓ Uploaded 50 verses (800/2984 total)
   Batch 17/60: ✓ Uploaded 50 verses (850/2984 total)
   Batch 18/60: ✓ Uploaded 50 verses (900/2984 total)
   Batch 19/60: ✓ Uploaded 50 verses (950/2984 total)
   Batch 20/60: ✓ Uploaded 50 verses (1000/2984 total)
   Batch 21/60: ✓ Uploaded 50 verses (1050/2984 total)
   Batch 22/60: ✓ Uploaded 50 verses (1100/2984 total)
   Batch 23/60: ✓ Uploaded 50 verses (1150/2984 total)
   Batch 24/60: ✓ Uploaded 50 verses (1200/2984 total)
   Batch 25/60: ✓ Uploaded 50 verses (1250/2984 total)
   Batch 26/60: ✓ Uploaded 50 verses (1300/2984 total)
   Batch 27/60: ✓ Uploaded 50 verses (1350/2984 total)
   Batch 28/60: ✓ Uploaded 50 verses (1400/2984 total)
   Batch 29/60: ✓ Uploaded 50 verses (1450/2984 total)
   Batch 30/60: ✓ Uploaded 50 verses (1500/2984 total)
   Batch 31/60: ✓ Uploaded 50 verses (1550/2984 total)
   Batch 32/60: ✓ Uploaded 50 verses (1600/2984 total)
   Batch 33/60: ✓ Uploaded 50 verses (1650/2984 total)
   Batch 34/60: ✓ Uploaded 50 verses (1700/2984 total)
   Batch 35/60: ✓ Uploaded 50 verses (1750/2984 total)
   Batch 36/60: ✓ Uploaded 50 verses (1800/2984 total)
   Batch 37/60: ✓ Uploaded 50 verses (1850/2984 total)
   Batch 38/60: ✓ Uploaded 50 verses (1900/2984 total)
   Batch 39/60: ✓ Uploaded 50 verses (1950/2984 total)
   Batch 40/60: ✓ Uploaded 50 verses (2000/2984 total)
   Batch 41/60: ✓ Uploaded 50 verses (2050/2984 total)
   Batch 42/60: ✓ Uploaded 50 verses (2100/2984 total)
   Batch 43/60: ✓ Uploaded 50 verses (2150/2984 total)
   Batch 44/60: ✓ Uploaded 50 verses (2200/2984 total)
   Batch 45/60: ✓ Uploaded 50 verses (2250/2984 total)
   Batch 46/60: ✓ Uploaded 50 verses (2300/2984 total)
   Batch 47/60: ✓ Uploaded 50 verses (2350/2984 total)
   Batch 48/60: ✓ Uploaded 50 verses (2400/2984 total)
   Batch 49/60: ✓ Uploaded 50 verses (2450/2984 total)
   Batch 50/60: ✓ Uploaded 50 verses (2500/2984 total)
   Batch 51/60: ✓ Uploaded 50 verses (2550/2984 total)
   Batch 52/60: ✓ Uploaded 50 verses (2600/2984 total)
   Batch 53/60: ✓ Uploaded 50 verses (2650/2984 total)
   Batch 54/60: ✓ Uploaded 50 verses (2700/2984 total)
   Batch 55/60: ✓ Uploaded 50 verses (2750/2984 total)
   Batch 56/60: ✓ Uploaded 50 verses (2800/2984 total)
   Batch 57/60: ✓ Uploaded 50 verses (2850/2984 total)
   Batch 58/60: ✓ Uploaded 50 verses (2900/2984 total)
   Batch 59/60: ✓ Uploaded 50 verses (2950/2984 total)
   Batch 60/60: ✓ Uploaded 34 verses (2984/2984 total)

2. Uploading LEC1C chunks...
   Batch 1/60: ✓ Uploaded 50 chunks (50/2984 total)
   Batch 2/60: ✓ Uploaded 50 chunks (100/2984 total)
   Batch 3/60: ✓ Uploaded 50 chunks (150/2984 total)
   Batch 4/60: ✓ Uploaded 50 chunks (200/2984 total)
   Batch 5/60: ✓ Uploaded 50 chunks (250/2984 total)
   Batch 6/60: ✓ Uploaded 50 chunks (300/2984 total)
   Batch 7/60: ✓ Uploaded 50 chunks (350/2984 total)
   Batch 8/60: ✓ Uploaded 50 chunks (400/2984 total)
   Batch 9/60: ✓ Uploaded 50 chunks (450/2984 total)
   Batch 10/60: ✓ Uploaded 50 chunks (500/2984 total)
   Batch 11/60: ✓ Uploaded 50 chunks (550/2984 total)
   Batch 12/60: ✓ Uploaded 50 chunks (600/2984 total)
   Batch 13/60: ✓ Uploaded 50 chunks (650/2984 total)
   Batch 14/60: ✓ Uploaded 50 chunks (700/2984 total)
   Batch 15/60: ✓ Uploaded 50 chunks (750/2984 total)
   Batch 16/60: ✓ Uploaded 50 chunks (800/2984 total)
   Batch 17/60: ✓ Uploaded 50 chunks (850/2984 total)
   Batch 18/60: ✓ Uploaded 50 chunks (900/2984 total)
   Batch 19/60: ✓ Uploaded 50 chunks (950/2984 total)
   Batch 20/60: ✓ Uploaded 50 chunks (1000/2984 total)
   Batch 21/60: ✓ Uploaded 50 chunks (1050/2984 total)
   Batch 22/60: ✓ Uploaded 50 chunks (1100/2984 total)
   Batch 23/60: ✓ Uploaded 50 chunks (1150/2984 total)
   Batch 24/60: ✓ Uploaded 50 chunks (1200/2984 total)
   Batch 25/60: ✓ Uploaded 50 chunks (1250/2984 total)
   Batch 26/60: ✓ Uploaded 50 chunks (1300/2984 total)
   Batch 27/60: ✓ Uploaded 50 chunks (1350/2984 total)
   Batch 28/60: ✓ Uploaded 50 chunks (1400/2984 total)
   Batch 29/60: ✓ Uploaded 50 chunks (1450/2984 total)
   Batch 30/60: ✓ Uploaded 50 chunks (1500/2984 total)
   Batch 31/60: ✓ Uploaded 50 chunks (1550/2984 total)
   Batch 32/60: ✓ Uploaded 50 chunks (1600/2984 total)
   Batch 33/60: ✓ Uploaded 50 chunks (1650/2984 total)
   Batch 34/60: ✓ Uploaded 50 chunks (1700/2984 total)
   Batch 35/60: ✓ Uploaded 50 chunks (1750/2984 total)
   Batch 36/60: ✓ Uploaded 50 chunks (1800/2984 total)
   Batch 37/60: ✓ Uploaded 50 chunks (1850/2984 total)
   Batch 38/60: ✓ Uploaded 50 chunks (1900/2984 total)
   Batch 39/60: ✓ Uploaded 50 chunks (1950/2984 total)
   Batch 40/60: ✓ Uploaded 50 chunks (2000/2984 total)
   Batch 41/60: ✓ Uploaded 50 chunks (2050/2984 total)
   Batch 42/60: ✓ Uploaded 50 chunks (2100/2984 total)
   Batch 43/60: ✓ Uploaded 50 chunks (2150/2984 total)
   Batch 44/60: ✓ Uploaded 50 chunks (2200/2984 total)
   Batch 45/60: ✓ Uploaded 50 chunks (2250/2984 total)
   Batch 46/60: ✓ Uploaded 50 chunks (2300/2984 total)
   Batch 47/60: ✓ Uploaded 50 chunks (2350/2984 total)
   Batch 48/60: ✓ Uploaded 50 chunks (2400/2984 total)
   Batch 49/60: ✓ Uploaded 50 chunks (2450/2984 total)
   Batch 50/60: ✓ Uploaded 50 chunks (2500/2984 total)
   Batch 51/60: ✓ Uploaded 50 chunks (2550/2984 total)
   Batch 52/60: ✓ Uploaded 50 chunks (2600/2984 total)
   Batch 53/60: ✓ Uploaded 50 chunks (2650/2984 total)
   Batch 54/60: ✓ Uploaded 50 chunks (2700/2984 total)
   Batch 55/60: ✓ Uploaded 50 chunks (2750/2984 total)
   Batch 56/60: ✓ Uploaded 50 chunks (2800/2984 total)
   Batch 57/60: ✓ Uploaded 50 chunks (2850/2984 total)
   Batch 58/60: ✓ Uploaded 50 chunks (2900/2984 total)
   Batch 59/60: ✓ Uploaded 50 chunks (2950/2984 total)
   Batch 60/60: ✓ Uploaded 34 chunks (2984/2984 total)

================================================================================
UPLOAD COMPLETE
================================================================================
  LEC1C Verses uploaded: 2984
  LEC1C Chunks uploaded: 2984
================================================================================
