================================================================================
UPLOADING CC BOOKS TO REMOTE D1
================================================================================

Loaded export:
  CC Verses: 11185
  CC Chunks: 3868

1. Uploading CC verses...
   Batch 1/448: ✓ Uploaded 25 verses (25/11185 total)
   Batch 2/448: ✓ Uploaded 25 verses (50/11185 total)
   Batch 3/448: ✓ Uploaded 25 verses (75/11185 total)
   Batch 4/448: ✓ Uploaded 25 verses (100/11185 total)
   Batch 5/448: ✓ Uploaded 25 verses (125/11185 total)
   Batch 6/448: ✓ Uploaded 25 verses (150/11185 total)
   Batch 7/448: ✓ Uploaded 25 verses (175/11185 total)
   Batch 8/448: ✓ Uploaded 25 verses (200/11185 total)
   Batch 9/448: ✓ Uploaded 25 verses (225/11185 total)
   Batch 10/448: ✓ Uploaded 25 verses (250/11185 total)
   Batch 11/448: ✓ Uploaded 25 verses (275/11185 total)
   Batch 12/448: ✓ Uploaded 25 verses (300/11185 total)
   Batch 13/448: ✓ Uploaded 25 verses (325/11185 total)
   Batch 14/448: ✓ Uploaded 25 verses (350/11185 total)
   Batch 15/448: ✓ Uploaded 25 verses (375/11185 total)
   Batch 16/448: ✓ Uploaded 25 verses (400/11185 total)
   Batch 17/448: ✓ Uploaded 25 verses (425/11185 total)
   Batch 18/448: ✓ Uploaded 25 verses (450/11185 total)
   Batch 19/448: ✓ Uploaded 25 verses (475/11185 total)
   Batch 20/448: ✓ Uploaded 25 verses (500/11185 total)
   Batch 21/448: ✓ Uploaded 25 verses (525/11185 total)
   Batch 22/448: ✓ Uploaded 25 verses (550/11185 total)
   Batch 23/448: ✓ Uploaded 25 verses (575/11185 total)
   Batch 24/448: ✓ Uploaded 25 verses (600/11185 total)
   Batch 25/448: ✓ Uploaded 25 verses (625/11185 total)
   Batch 26/448: ✓ Uploaded 25 verses (650/11185 total)
   Batch 27/448: ✓ Uploaded 25 verses (675/11185 total)
   Batch 28/448: ✓ Uploaded 25 verses (700/11185 total)
   Batch 29/448: ✓ Uploaded 25 verses (725/11185 total)
   Batch 30/448: ✓ Uploaded 25 verses (750/11185 total)
   Batch 31/448: ✓ Uploaded 25 verses (775/11185 total)
   Batch 32/448: ✓ Uploaded 25 verses (800/11185 total)
   Batch 33/448: ✓ Uploaded 25 verses (825/11185 total)
   Batch 34/448: ✓ Uploaded 25 verses (850/11185 total)
   Batch 35/448: ✓ Uploaded 25 verses (875/11185 total)
   Batch 36/448: ✓ Uploaded 25 verses (900/11185 total)
   Batch 37/448: ✓ Uploaded 25 verses (925/11185 total)
   Batch 38/448: ✓ Uploaded 25 verses (950/11185 total)
   Batch 39/448: ✓ Uploaded 25 verses (975/11185 total)
   Batch 40/448: ✓ Uploaded 25 verses (1000/11185 total)
   Batch 41/448: ✓ Uploaded 25 verses (1025/11185 total)
   Batch 42/448: ✓ Uploaded 25 verses (1050/11185 total)
   Batch 43/448: ✓ Uploaded 25 verses (1075/11185 total)
   Batch 44/448: ✓ Uploaded 25 verses (1100/11185 total)
   Batch 45/448: ✓ Uploaded 25 verses (1125/11185 total)
   Batch 46/448: ✓ Uploaded 25 verses (1150/11185 total)
   Batch 47/448: ✓ Uploaded 25 verses (1175/11185 total)
   Batch 48/448: ✓ Uploaded 25 verses (1200/11185 total)
   Batch 49/448: ✓ Uploaded 25 verses (1225/11185 total)
   Batch 50/448: ✓ Uploaded 25 verses (1250/11185 total)
   Batch 51/448: ✓ Uploaded 25 verses (1275/11185 total)
   Batch 52/448: ✓ Uploaded 25 verses (1300/11185 total)
   Batch 53/448: ✓ Uploaded 25 verses (1325/11185 total)
   Batch 54/448: ✓ Uploaded 25 verses (1350/11185 total)
   Batch 55/448: ✓ Uploaded 25 verses (1375/11185 total)
   Batch 56/448: ✓ Uploaded 25 verses (1400/11185 total)
   Batch 57/448: ✓ Uploaded 25 verses (1425/11185 total)
   Batch 58/448: ✓ Uploaded 25 verses (1450/11185 total)
   Batch 59/448: ✓ Uploaded 25 verses (1475/11185 total)
   Batch 60/448: ✓ Uploaded 25 verses (1500/11185 total)
   Batch 61/448: ✓ Uploaded 25 verses (1525/11185 total)
   Batch 62/448: ✓ Uploaded 25 verses (1550/11185 total)
   Batch 63/448: ✓ Uploaded 25 verses (1575/11185 total)
   Batch 64/448: ✓ Uploaded 25 verses (1600/11185 total)
   Batch 65/448: ✓ Uploaded 25 verses (1625/11185 total)
   Batch 66/448: ✓ Uploaded 25 verses (1650/11185 total)
   Batch 67/448: ✓ Uploaded 25 verses (1675/11185 total)
   Batch 68/448: ✓ Uploaded 25 verses (1700/11185 total)
   Batch 69/448: ✓ Uploaded 25 verses (1725/11185 total)
   Batch 70/448: ✓ Uploaded 25 verses (1750/11185 total)
   Batch 71/448: ✓ Uploaded 25 verses (1775/11185 total)
   Batch 72/448: ✓ Uploaded 25 verses (1800/11185 total)
   Batch 73/448: ✓ Uploaded 25 verses (1825/11185 total)
   Batch 74/448: ✓ Uploaded 25 verses (1850/11185 total)
   Batch 75/448: ✓ Uploaded 25 verses (1875/11185 total)
   Batch 76/448: ✓ Uploaded 25 verses (1900/11185 total)
   Batch 77/448: ✓ Uploaded 25 verses (1925/11185 total)
   Batch 78/448: ✓ Uploaded 25 verses (1950/11185 total)
   Batch 79/448: ✓ Uploaded 25 verses (1975/11185 total)
   Batch 80/448: ✓ Uploaded 25 verses (2000/11185 total)
   Batch 81/448: ✓ Uploaded 25 verses (2025/11185 total)
   Batch 82/448: ✓ Uploaded 25 verses (2050/11185 total)
   Batch 83/448: ✓ Uploaded 25 verses (2075/11185 total)
   Batch 84/448: ✓ Uploaded 25 verses (2100/11185 total)
   Batch 85/448: ✓ Uploaded 25 verses (2125/11185 total)
   Batch 86/448: ✓ Uploaded 25 verses (2150/11185 total)
   Batch 87/448: ✓ Uploaded 25 verses (2175/11185 total)
   Batch 88/448: ✓ Uploaded 25 verses (2200/11185 total)
   Batch 89/448: ✓ Uploaded 25 verses (2225/11185 total)
   Batch 90/448: ✓ Uploaded 25 verses (2250/11185 total)
   Batch 91/448: ✓ Uploaded 25 verses (2275/11185 total)
   Batch 92/448: ✓ Uploaded 25 verses (2300/11185 total)
   Batch 93/448: ✓ Uploaded 25 verses (2325/11185 total)
   Batch 94/448: ✓ Uploaded 25 verses (2350/11185 total)
   Batch 95/448: ✓ Uploaded 25 verses (2375/11185 total)
   Batch 96/448: ✓ Uploaded 25 verses (2400/11185 total)
   Batch 97/448: ✓ Uploaded 25 verses (2425/11185 total)
   Batch 98/448: ✓ Uploaded 25 verses (2450/11185 total)
   Batch 99/448: ✓ Uploaded 25 verses (2475/11185 total)
   Batch 100/448: ✓ Uploaded 25 verses (2500/11185 total)
   Batch 101/448: ✓ Uploaded 25 verses (2525/11185 total)
   Batch 102/448: ✓ Uploaded 25 verses (2550/11185 total)
   Batch 103/448: ✓ Uploaded 25 verses (2575/11185 total)
   Batch 104/448: ✓ Uploaded 25 verses (2600/11185 total)
   Batch 105/448: ✓ Uploaded 25 verses (2625/11185 total)
   Batch 106/448: ✓ Uploaded 25 verses (2650/11185 total)
   Batch 107/448: ✓ Uploaded 25 verses (2675/11185 total)
   Batch 108/448: ✓ Uploaded 25 verses (2700/11185 total)
   Batch 109/448: ✓ Uploaded 25 verses (2725/11185 total)
   Batch 110/448: ✓ Uploaded 25 verses (2750/11185 total)
   Batch 111/448: ✓ Uploaded 25 verses (2775/11185 total)
   Batch 112/448: ✓ Uploaded 25 verses (2800/11185 total)
   Batch 113/448: ✓ Uploaded 25 verses (2825/11185 total)
   Batch 114/448: ✓ Uploaded 25 verses (2850/11185 total)
   Batch 115/448: ✓ Uploaded 25 verses (2875/11185 total)
   Batch 116/448: ✓ Uploaded 25 verses (2900/11185 total)
   Batch 117/448: ✓ Uploaded 25 verses (2925/11185 total)
   Batch 118/448: ✓ Uploaded 25 verses (2950/11185 total)
   Batch 119/448: ✓ Uploaded 25 verses (2975/11185 total)
   Batch 120/448: ✓ Uploaded 25 verses (3000/11185 total)
   Batch 121/448: ✓ Uploaded 25 verses (3025/11185 total)
   Batch 122/448: ✓ Uploaded 25 verses (3050/11185 total)
   Batch 123/448: ✓ Uploaded 25 verses (3075/11185 total)
   Batch 124/448: ✓ Uploaded 25 verses (3100/11185 total)
   Batch 125/448: ✓ Uploaded 25 verses (3125/11185 total)
   Batch 126/448: ✓ Uploaded 25 verses (3150/11185 total)
   Batch 127/448: ✓ Uploaded 25 verses (3175/11185 total)
   Batch 128/448: ✓ Uploaded 25 verses (3200/11185 total)
   Batch 129/448: ✓ Uploaded 25 verses (3225/11185 total)
   Batch 130/448: ✓ Uploaded 25 verses (3250/11185 total)
   Batch 131/448: ✓ Uploaded 25 verses (3275/11185 total)
   Batch 132/448: ✓ Uploaded 25 verses (3300/11185 total)
   Batch 133/448: ✓ Uploaded 25 verses (3325/11185 total)
   Batch 134/448: ✓ Uploaded 25 verses (3350/11185 total)
   Batch 135/448: ✓ Uploaded 25 verses (3375/11185 total)
   Batch 136/448: ✓ Uploaded 25 verses (3400/11185 total)
   Batch 137/448: ✓ Uploaded 25 verses (3425/11185 total)
   Batch 138/448: ✓ Uploaded 25 verses (3450/11185 total)
   Batch 139/448: ✓ Uploaded 25 verses (3475/11185 total)
   Batch 140/448: ✓ Uploaded 25 verses (3500/11185 total)
   Batch 141/448: ✓ Uploaded 25 verses (3525/11185 total)
   Batch 142/448: ✓ Uploaded 25 verses (3550/11185 total)
   Batch 143/448: ✓ Uploaded 25 verses (3575/11185 total)
   Batch 144/448: ✓ Uploaded 25 verses (3600/11185 total)
   Batch 145/448: ✓ Uploaded 25 verses (3625/11185 total)
   Batch 146/448: ✓ Uploaded 25 verses (3650/11185 total)
   Batch 147/448: ✓ Uploaded 25 verses (3675/11185 total)
   Batch 148/448: ✓ Uploaded 25 verses (3700/11185 total)
   Batch 149/448: ✓ Uploaded 25 verses (3725/11185 total)
   Batch 150/448: ✓ Uploaded 25 verses (3750/11185 total)
   Batch 151/448: ✓ Uploaded 25 verses (3775/11185 total)
   Batch 152/448: ✓ Uploaded 25 verses (3800/11185 total)
   Batch 153/448: ✓ Uploaded 25 verses (3825/11185 total)
   Batch 154/448: ✓ Uploaded 25 verses (3850/11185 total)
   Batch 155/448: ✓ Uploaded 25 verses (3875/11185 total)
   Batch 156/448: ✓ Uploaded 25 verses (3900/11185 total)
   Batch 157/448: ✓ Uploaded 25 verses (3925/11185 total)
   Batch 158/448: ✓ Uploaded 25 verses (3950/11185 total)
   Batch 159/448: ✓ Uploaded 25 verses (3975/11185 total)
   Batch 160/448: ✓ Uploaded 25 verses (4000/11185 total)
   Batch 161/448: ✓ Uploaded 25 verses (4025/11185 total)
   Batch 162/448: ✓ Uploaded 25 verses (4050/11185 total)
   Batch 163/448: ✓ Uploaded 25 verses (4075/11185 total)
   Batch 164/448: ✓ Uploaded 25 verses (4100/11185 total)
   Batch 165/448: ✓ Uploaded 25 verses (4125/11185 total)
   Batch 166/448: ✓ Uploaded 25 verses (4150/11185 total)
   Batch 167/448: ✓ Uploaded 25 verses (4175/11185 total)
   Batch 168/448: ✓ Uploaded 25 verses (4200/11185 total)
   Batch 169/448: ✓ Uploaded 25 verses (4225/11185 total)
   Batch 170/448: ✓ Uploaded 25 verses (4250/11185 total)
   Batch 171/448: ✓ Uploaded 25 verses (4275/11185 total)
   Batch 172/448: ✓ Uploaded 25 verses (4300/11185 total)
   Batch 173/448: ✓ Uploaded 25 verses (4325/11185 total)
   Batch 174/448: ✓ Uploaded 25 verses (4350/11185 total)
   Batch 175/448: ✓ Uploaded 25 verses (4375/11185 total)
   Batch 176/448: ✓ Uploaded 25 verses (4400/11185 total)
   Batch 177/448: ✓ Uploaded 25 verses (4425/11185 total)
   Batch 178/448: ✓ Uploaded 25 verses (4450/11185 total)
   Batch 179/448: ✓ Uploaded 25 verses (4475/11185 total)
   Batch 180/448: ✓ Uploaded 25 verses (4500/11185 total)
   Batch 181/448: ✓ Uploaded 25 verses (4525/11185 total)
   Batch 182/448: ✓ Uploaded 25 verses (4550/11185 total)
   Batch 183/448: ✓ Uploaded 25 verses (4575/11185 total)
   Batch 184/448: ✓ Uploaded 25 verses (4600/11185 total)
   Batch 185/448: ✓ Uploaded 25 verses (4625/11185 total)
   Batch 186/448: ✓ Uploaded 25 verses (4650/11185 total)
   Batch 187/448: ✓ Uploaded 25 verses (4675/11185 total)
   Batch 188/448: ✓ Uploaded 25 verses (4700/11185 total)
   Batch 189/448: ✓ Uploaded 25 verses (4725/11185 total)
   Batch 190/448: ✓ Uploaded 25 verses (4750/11185 total)
   Batch 191/448: ✓ Uploaded 25 verses (4775/11185 total)
   Batch 192/448: ✓ Uploaded 25 verses (4800/11185 total)
   Batch 193/448: ✓ Uploaded 25 verses (4825/11185 total)
   Batch 194/448: ✓ Uploaded 25 verses (4850/11185 total)
   Batch 195/448: ✓ Uploaded 25 verses (4875/11185 total)
   Batch 196/448: ✓ Uploaded 25 verses (4900/11185 total)
   Batch 197/448: ✓ Uploaded 25 verses (4925/11185 total)
   Batch 198/448: ✓ Uploaded 25 verses (4950/11185 total)
   Batch 199/448: ✓ Uploaded 25 verses (4975/11185 total)
   Batch 200/448: ✓ Uploaded 25 verses (5000/11185 total)
   Batch 201/448: ✓ Uploaded 25 verses (5025/11185 total)
   Batch 202/448: ✓ Uploaded 25 verses (5050/11185 total)
   Batch 203/448: ✓ Uploaded 25 verses (5075/11185 total)
   Batch 204/448: ✓ Uploaded 25 verses (5100/11185 total)
   Batch 205/448: ✓ Uploaded 25 verses (5125/11185 total)
   Batch 206/448: ✓ Uploaded 25 verses (5150/11185 total)
   Batch 207/448: ✓ Uploaded 25 verses (5175/11185 total)
   Batch 208/448: ✓ Uploaded 25 verses (5200/11185 total)
   Batch 209/448: ✓ Uploaded 25 verses (5225/11185 total)
   Batch 210/448: ✓ Uploaded 25 verses (5250/11185 total)
   Batch 211/448: ✓ Uploaded 25 verses (5275/11185 total)
   Batch 212/448: ✓ Uploaded 25 verses (5300/11185 total)
   Batch 213/448: ✓ Uploaded 25 verses (5325/11185 total)
   Batch 214/448: ✓ Uploaded 25 verses (5350/11185 total)
   Batch 215/448: ✓ Uploaded 25 verses (5375/11185 total)
   Batch 216/448: ✓ Uploaded 25 verses (5400/11185 total)
   Batch 217/448: ✓ Uploaded 25 verses (5425/11185 total)
   Batch 218/448: ✓ Uploaded 25 verses (5450/11185 total)
   Batch 219/448: ✓ Uploaded 25 verses (5475/11185 total)
   Batch 220/448: ✓ Uploaded 25 verses (5500/11185 total)
   Batch 221/448: ✓ Uploaded 25 verses (5525/11185 total)
   Batch 222/448: ✓ Uploaded 25 verses (5550/11185 total)
   Batch 223/448: ✓ Uploaded 25 verses (5575/11185 total)
   Batch 224/448: ✓ Uploaded 25 verses (5600/11185 total)
   Batch 225/448: ✓ Uploaded 25 verses (5625/11185 total)
   Batch 226/448: ✓ Uploaded 25 verses (5650/11185 total)
   Batch 227/448: ✓ Uploaded 25 verses (5675/11185 total)
   Batch 228/448: ✓ Uploaded 25 verses (5700/11185 total)
   Batch 229/448: ✓ Uploaded 25 verses (5725/11185 total)
   Batch 230/448: ✓ Uploaded 25 verses (5750/11185 total)
   Batch 231/448: ✓ Uploaded 25 verses (5775/11185 total)
   Batch 232/448: ✓ Uploaded 25 verses (5800/11185 total)
   Batch 233/448: ✓ Uploaded 25 verses (5825/11185 total)
   Batch 234/448: ✓ Uploaded 25 verses (5850/11185 total)
   Batch 235/448: ✓ Uploaded 25 verses (5875/11185 total)
   Batch 236/448: ✓ Uploaded 25 verses (5900/11185 total)
   Batch 237/448: ✓ Uploaded 25 verses (5925/11185 total)
   Batch 238/448: ✓ Uploaded 25 verses (5950/11185 total)
   Batch 239/448: ✓ Uploaded 25 verses (5975/11185 total)
   Batch 240/448: ✓ Uploaded 25 verses (6000/11185 total)
   Batch 241/448: ✓ Uploaded 25 verses (6025/11185 total)
   Batch 242/448: ✓ Uploaded 25 verses (6050/11185 total)
   Batch 243/448: ✓ Uploaded 25 verses (6075/11185 total)
   Batch 244/448: ✓ Uploaded 25 verses (6100/11185 total)
   Batch 245/448: ✓ Uploaded 25 verses (6125/11185 total)
   Batch 246/448: ✓ Uploaded 25 verses (6150/11185 total)
   Batch 247/448: ✓ Uploaded 25 verses (6175/11185 total)
   Batch 248/448: ✓ Uploaded 25 verses (6200/11185 total)
   Batch 249/448: ✓ Uploaded 25 verses (6225/11185 total)
   Batch 250/448: ✓ Uploaded 25 verses (6250/11185 total)
   Batch 251/448: ✓ Uploaded 25 verses (6275/11185 total)
   Batch 252/448: ✓ Uploaded 25 verses (6300/11185 total)
   Batch 253/448: ✓ Uploaded 25 verses (6325/11185 total)
   Batch 254/448: ✓ Uploaded 25 verses (6350/11185 total)
   Batch 255/448: ✓ Uploaded 25 verses (6375/11185 total)
   Batch 256/448: ✓ Uploaded 25 verses (6400/11185 total)
   Batch 257/448: ✓ Uploaded 25 verses (6425/11185 total)
   Batch 258/448: ✓ Uploaded 25 verses (6450/11185 total)
   Batch 259/448: ✓ Uploaded 25 verses (6475/11185 total)
   Batch 260/448: ✓ Uploaded 25 verses (6500/11185 total)
   Batch 261/448: ✓ Uploaded 25 verses (6525/11185 total)
   Batch 262/448: ✓ Uploaded 25 verses (6550/11185 total)
   Batch 263/448: ✓ Uploaded 25 verses (6575/11185 total)
   Batch 264/448: ✓ Uploaded 25 verses (6600/11185 total)
   Batch 265/448: ✓ Uploaded 25 verses (6625/11185 total)
   Batch 266/448: ✓ Uploaded 25 verses (6650/11185 total)
   Batch 267/448: ✓ Uploaded 25 verses (6675/11185 total)
   Batch 268/448: ✓ Uploaded 25 verses (6700/11185 total)
   Batch 269/448: ✓ Uploaded 25 verses (6725/11185 total)
   Batch 270/448: ✓ Uploaded 25 verses (6750/11185 total)
   Batch 271/448: ✓ Uploaded 25 verses (6775/11185 total)
   Batch 272/448: ✓ Uploaded 25 verses (6800/11185 total)
   Batch 273/448: ✓ Uploaded 25 verses (6825/11185 total)
   Batch 274/448: ✓ Uploaded 25 verses (6850/11185 total)
   Batch 275/448: ✓ Uploaded 25 verses (6875/11185 total)
   Batch 276/448: ✓ Uploaded 25 verses (6900/11185 total)
   Batch 277/448: ✓ Uploaded 25 verses (6925/11185 total)
   Batch 278/448: ✓ Uploaded 25 verses (6950/11185 total)
   Batch 279/448: ✓ Uploaded 25 verses (6975/11185 total)
   Batch 280/448: ✓ Uploaded 25 verses (7000/11185 total)
   Batch 281/448: ✓ Uploaded 25 verses (7025/11185 total)
   Batch 282/448: ✓ Uploaded 25 verses (7050/11185 total)
   Batch 283/448: ✓ Uploaded 25 verses (7075/11185 total)
   Batch 284/448: ✓ Uploaded 25 verses (7100/11185 total)
   Batch 285/448: ✓ Uploaded 25 verses (7125/11185 total)
   Batch 286/448: ✓ Uploaded 25 verses (7150/11185 total)
   Batch 287/448: ✓ Uploaded 25 verses (7175/11185 total)
   Batch 288/448: ✓ Uploaded 25 verses (7200/11185 total)
   Batch 289/448: ✓ Uploaded 25 verses (7225/11185 total)
   Batch 290/448: ✓ Uploaded 25 verses (7250/11185 total)
   Batch 291/448: ✓ Uploaded 25 verses (7275/11185 total)
   Batch 292/448: ✓ Uploaded 25 verses (7300/11185 total)
   Batch 293/448: ✓ Uploaded 25 verses (7325/11185 total)
   Batch 294/448: ✓ Uploaded 25 verses (7350/11185 total)
   Batch 295/448: ✓ Uploaded 25 verses (7375/11185 total)
   Batch 296/448: ✓ Uploaded 25 verses (7400/11185 total)
   Batch 297/448: ✓ Uploaded 25 verses (7425/11185 total)
   Batch 298/448: ✓ Uploaded 25 verses (7450/11185 total)
   Batch 299/448: ✓ Uploaded 25 verses (7475/11185 total)
   Batch 300/448: ✓ Uploaded 25 verses (7500/11185 total)
   Batch 301/448: ✓ Uploaded 25 verses (7525/11185 total)
   Batch 302/448: ✓ Uploaded 25 verses (7550/11185 total)
   Batch 303/448: ✓ Uploaded 25 verses (7575/11185 total)
   Batch 304/448: ✓ Uploaded 25 verses (7600/11185 total)
   Batch 305/448: ✓ Uploaded 25 verses (7625/11185 total)
   Batch 306/448: ✓ Uploaded 25 verses (7650/11185 total)
   Batch 307/448: ✓ Uploaded 25 verses (7675/11185 total)
   Batch 308/448: ✓ Uploaded 25 verses (7700/11185 total)
   Batch 309/448: ✓ Uploaded 25 verses (7725/11185 total)
   Batch 310/448: ✓ Uploaded 25 verses (7750/11185 total)
   Batch 311/448: ✓ Uploaded 25 verses (7775/11185 total)
   Batch 312/448: ✓ Uploaded 25 verses (7800/11185 total)
   Batch 313/448: ✓ Uploaded 25 verses (7825/11185 total)
   Batch 314/448: ✓ Uploaded 25 verses (7850/11185 total)
   Batch 315/448: ✓ Uploaded 25 verses (7875/11185 total)
   Batch 316/448: ✓ Uploaded 25 verses (7900/11185 total)
   Batch 317/448: ✓ Uploaded 25 verses (7925/11185 total)
   Batch 318/448: ✓ Uploaded 25 verses (7950/11185 total)
   Batch 319/448: ✓ Uploaded 25 verses (7975/11185 total)
   Batch 320/448: ✓ Uploaded 25 verses (8000/11185 total)
   Batch 321/448: ✓ Uploaded 25 verses (8025/11185 total)
   Batch 322/448: ✓ Uploaded 25 verses (8050/11185 total)
   Batch 323/448: ✓ Uploaded 25 verses (8075/11185 total)
   Batch 324/448: ✓ Uploaded 25 verses (8100/11185 total)
   Batch 325/448: ✓ Uploaded 25 verses (8125/11185 total)
   Batch 326/448: ✓ Uploaded 25 verses (8150/11185 total)
   Batch 327/448: ✓ Uploaded 25 verses (8175/11185 total)
   Batch 328/448: ✓ Uploaded 25 verses (8200/11185 total)
   Batch 329/448: ✓ Uploaded 25 verses (8225/11185 total)
   Batch 330/448: ✓ Uploaded 25 verses (8250/11185 total)
   Batch 331/448: ✓ Uploaded 25 verses (8275/11185 total)
   Batch 332/448: ✓ Uploaded 25 verses (8300/11185 total)
   Batch 333/448: ✓ Uploaded 25 verses (8325/11185 total)
   Batch 334/448: ✓ Uploaded 25 verses (8350/11185 total)
   Batch 335/448: ✓ Uploaded 25 verses (8375/11185 total)
   Batch 336/448: ✓ Uploaded 25 verses (8400/11185 total)
   Batch 337/448: ✓ Uploaded 25 verses (8425/11185 total)
   Batch 338/448: ✓ Uploaded 25 verses (8450/11185 total)
   Batch 339/448: ✓ Uploaded 25 verses (8475/11185 total)
   Batch 340/448: ✓ Uploaded 25 verses (8500/11185 total)
   Batch 341/448: ✓ Uploaded 25 verses (8525/11185 total)
   Batch 342/448: ✓ Uploaded 25 verses (8550/11185 total)
   Batch 343/448: ✓ Uploaded 25 verses (8575/11185 total)
   Batch 344/448: ✓ Uploaded 25 verses (8600/11185 total)
   Batch 345/448: ✓ Uploaded 25 verses (8625/11185 total)
   Batch 346/448: ✓ Uploaded 25 verses (8650/11185 total)
   Batch 347/448: ✓ Uploaded 25 verses (8675/11185 total)
   Batch 348/448: ✓ Uploaded 25 verses (8700/11185 total)
   Batch 349/448: ✓ Uploaded 25 verses (8725/11185 total)
   Batch 350/448: ✓ Uploaded 25 verses (8750/11185 total)
   Batch 351/448: ✓ Uploaded 25 verses (8775/11185 total)
   Batch 352/448: ✓ Uploaded 25 verses (8800/11185 total)
   Batch 353/448: ✓ Uploaded 25 verses (8825/11185 total)
   Batch 354/448: ✓ Uploaded 25 verses (8850/11185 total)
   Batch 355/448: ✓ Uploaded 25 verses (8875/11185 total)
   Batch 356/448: ✓ Uploaded 25 verses (8900/11185 total)
   Batch 357/448: ✓ Uploaded 25 verses (8925/11185 total)
   Batch 358/448: ✓ Uploaded 25 verses (8950/11185 total)
   Batch 359/448: ✓ Uploaded 25 verses (8975/11185 total)
   Batch 360/448: ✓ Uploaded 25 verses (9000/11185 total)
   Batch 361/448: ✓ Uploaded 25 verses (9025/11185 total)
   Batch 362/448: ✓ Uploaded 25 verses (9050/11185 total)
   Batch 363/448: ✓ Uploaded 25 verses (9075/11185 total)
   Batch 364/448: ✓ Uploaded 25 verses (9100/11185 total)
   Batch 365/448: ✓ Uploaded 25 verses (9125/11185 total)
   Batch 366/448: ✓ Uploaded 25 verses (9150/11185 total)
   Batch 367/448: ✓ Uploaded 25 verses (9175/11185 total)
   Batch 368/448: ✓ Uploaded 25 verses (9200/11185 total)
   Batch 369/448: ✓ Uploaded 25 verses (9225/11185 total)
   Batch 370/448: ✓ Uploaded 25 verses (9250/11185 total)
   Batch 371/448: ✓ Uploaded 25 verses (9275/11185 total)
   Batch 372/448: ✓ Uploaded 25 verses (9300/11185 total)
   Batch 373/448: ✓ Uploaded 25 verses (9325/11185 total)
   Batch 374/448: ✓ Uploaded 25 verses (9350/11185 total)
   Batch 375/448: ✓ Uploaded 25 verses (9375/11185 total)
   Batch 376/448: ✓ Uploaded 25 verses (9400/11185 total)
   Batch 377/448: ✓ Uploaded 25 verses (9425/11185 total)
   Batch 378/448: ✓ Uploaded 25 verses (9450/11185 total)
   Batch 379/448: ✓ Uploaded 25 verses (9475/11185 total)
   Batch 380/448: ✓ Uploaded 25 verses (9500/11185 total)
   Batch 381/448: ✓ Uploaded 25 verses (9525/11185 total)
   Batch 382/448: ✓ Uploaded 25 verses (9550/11185 total)
   Batch 383/448: ✓ Uploaded 25 verses (9575/11185 total)
   Batch 384/448: ✓ Uploaded 25 verses (9600/11185 total)
   Batch 385/448: ✓ Uploaded 25 verses (9625/11185 total)
   Batch 386/448: ✓ Uploaded 25 verses (9650/11185 total)
   Batch 387/448: ✓ Uploaded 25 verses (9675/11185 total)
   Batch 388/448: ✓ Uploaded 25 verses (9700/11185 total)
   Batch 389/448: ✓ Uploaded 25 verses (9725/11185 total)
   Batch 390/448: ✓ Uploaded 25 verses (9750/11185 total)
   Batch 391/448: ✓ Uploaded 25 verses (9775/11185 total)
   Batch 392/448: ✓ Uploaded 25 verses (9800/11185 total)
   Batch 393/448: ✓ Uploaded 25 verses (9825/11185 total)
   Batch 394/448: ✓ Uploaded 25 verses (9850/11185 total)
   Batch 395/448: ✓ Uploaded 25 verses (9875/11185 total)
   Batch 396/448: ✓ Uploaded 25 verses (9900/11185 total)
   Batch 397/448: ✓ Uploaded 25 verses (9925/11185 total)
   Batch 398/448: ✓ Uploaded 25 verses (9950/11185 total)
   Batch 399/448: ✓ Uploaded 25 verses (9975/11185 total)
   Batch 400/448: ✓ Uploaded 25 verses (10000/11185 total)
   Batch 401/448: ✓ Uploaded 25 verses (10025/11185 total)
   Batch 402/448: ✓ Uploaded 25 verses (10050/11185 total)
   Batch 403/448: ✓ Uploaded 25 verses (10075/11185 total)
   Batch 404/448: ✓ Uploaded 25 verses (10100/11185 total)
   Batch 405/448: ✓ Uploaded 25 verses (10125/11185 total)
   Batch 406/448: ✓ Uploaded 25 verses (10150/11185 total)
   Batch 407/448: ✓ Uploaded 25 verses (10175/11185 total)
   Batch 408/448: ✓ Uploaded 25 verses (10200/11185 total)
   Batch 409/448: ✓ Uploaded 25 verses (10225/11185 total)
   Batch 410/448: ✓ Uploaded 25 verses (10250/11185 total)
   Batch 411/448: ✓ Uploaded 25 verses (10275/11185 total)
   Batch 412/448: ✓ Uploaded 25 verses (10300/11185 total)
   Batch 413/448: ✓ Uploaded 25 verses (10325/11185 total)
   Batch 414/448: ✓ Uploaded 25 verses (10350/11185 total)
   Batch 415/448: ✓ Uploaded 25 verses (10375/11185 total)
   Batch 416/448: ✓ Uploaded 25 verses (10400/11185 total)
   Batch 417/448: ✓ Uploaded 25 verses (10425/11185 total)
   Batch 418/448: ✓ Uploaded 25 verses (10450/11185 total)
   Batch 419/448: ✓ Uploaded 25 verses (10475/11185 total)
   Batch 420/448: ✓ Uploaded 25 verses (10500/11185 total)
   Batch 421/448: ✓ Uploaded 25 verses (10525/11185 total)
   Batch 422/448: ✓ Uploaded 25 verses (10550/11185 total)
   Batch 423/448: ✓ Uploaded 25 verses (10575/11185 total)
   Batch 424/448: ✓ Uploaded 25 verses (10600/11185 total)
   Batch 425/448: ✓ Uploaded 25 verses (10625/11185 total)
   Batch 426/448: ✓ Uploaded 25 verses (10650/11185 total)
   Batch 427/448: ✓ Uploaded 25 verses (10675/11185 total)
   Batch 428/448: ✓ Uploaded 25 verses (10700/11185 total)
   Batch 429/448: ✓ Uploaded 25 verses (10725/11185 total)
   Batch 430/448: ✓ Uploaded 25 verses (10750/11185 total)
   Batch 431/448: ✓ Uploaded 25 verses (10775/11185 total)
   Batch 432/448: ✓ Uploaded 25 verses (10800/11185 total)
   Batch 433/448: ✓ Uploaded 25 verses (10825/11185 total)
   Batch 434/448: ✓ Uploaded 25 verses (10850/11185 total)
   Batch 435/448: ✓ Uploaded 25 verses (10875/11185 total)
   Batch 436/448: ✓ Uploaded 25 verses (10900/11185 total)
   Batch 437/448: ✓ Uploaded 25 verses (10925/11185 total)
   Batch 438/448: ✓ Uploaded 25 verses (10950/11185 total)
   Batch 439/448: ✓ Uploaded 25 verses (10975/11185 total)
   Batch 440/448: ✓ Uploaded 25 verses (11000/11185 total)
   Batch 441/448: ✓ Uploaded 25 verses (11025/11185 total)
   Batch 442/448: ✓ Uploaded 25 verses (11050/11185 total)
   Batch 443/448: ✓ Uploaded 25 verses (11075/11185 total)
   Batch 444/448: ✓ Uploaded 25 verses (11100/11185 total)
   Batch 445/448: ✓ Uploaded 25 verses (11125/11185 total)
   Batch 446/448: ✓ Uploaded 25 verses (11150/11185 total)
   Batch 447/448: ✓ Uploaded 25 verses (11175/11185 total)
   Batch 448/448: ✓ Uploaded 10 verses (11185/11185 total)

2. Uploading CC chunks...
   Batch 1/155: ✓ Uploaded 25 chunks (25/3868 total)
   Batch 2/155: ✓ Uploaded 25 chunks (50/3868 total)
   Batch 3/155: ✓ Uploaded 25 chunks (75/3868 total)
   Batch 4/155: ✓ Uploaded 25 chunks (100/3868 total)
   Batch 5/155: ✓ Uploaded 25 chunks (125/3868 total)
   Batch 6/155: ✓ Uploaded 25 chunks (150/3868 total)
   Batch 7/155: ✓ Uploaded 25 chunks (175/3868 total)
   Batch 8/155: ✓ Uploaded 25 chunks (200/3868 total)
   Batch 9/155: ✓ Uploaded 25 chunks (225/3868 total)
   Batch 10/155: ✓ Uploaded 25 chunks (250/3868 total)
   Batch 11/155: ✓ Uploaded 25 chunks (275/3868 total)
   Batch 12/155: ✓ Uploaded 25 chunks (300/3868 total)
   Batch 13/155: ✓ Uploaded 25 chunks (325/3868 total)
   Batch 14/155: ✓ Uploaded 25 chunks (350/3868 total)
   Batch 15/155: ✓ Uploaded 25 chunks (375/3868 total)
   Batch 16/155: ✓ Uploaded 25 chunks (400/3868 total)
   Batch 17/155: ✓ Uploaded 25 chunks (425/3868 total)
   Batch 18/155: ✓ Uploaded 25 chunks (450/3868 total)
   Batch 19/155: ✓ Uploaded 25 chunks (475/3868 total)
   Batch 20/155: ✓ Uploaded 25 chunks (500/3868 total)
   Batch 21/155: ✓ Uploaded 25 chunks (525/3868 total)
   Batch 22/155: ✓ Uploaded 25 chunks (550/3868 total)
   Batch 23/155: ✓ Uploaded 25 chunks (575/3868 total)
   Batch 24/155: ✓ Uploaded 25 chunks (600/3868 total)
   Batch 25/155: ✓ Uploaded 25 chunks (625/3868 total)
   Batch 26/155: ✓ Uploaded 25 chunks (650/3868 total)
   Batch 27/155: ✓ Uploaded 25 chunks (675/3868 total)
   Batch 28/155: ✓ Uploaded 25 chunks (700/3868 total)
   Batch 29/155: ✓ Uploaded 25 chunks (725/3868 total)
   Batch 30/155: ✓ Uploaded 25 chunks (750/3868 total)
   Batch 31/155: ✓ Uploaded 25 chunks (775/3868 total)
   Batch 32/155: ✓ Uploaded 25 chunks (800/3868 total)
   Batch 33/155: ✓ Uploaded 25 chunks (825/3868 total)
   Batch 34/155: ✓ Uploaded 25 chunks (850/3868 total)
   Batch 35/155: ✓ Uploaded 25 chunks (875/3868 total)
   Batch 36/155: ✓ Uploaded 25 chunks (900/3868 total)
   Batch 37/155: ✓ Uploaded 25 chunks (925/3868 total)
   Batch 38/155: ✓ Uploaded 25 chunks (950/3868 total)
   Batch 39/155: ✓ Uploaded 25 chunks (975/3868 total)
   Batch 40/155: ✓ Uploaded 25 chunks (1000/3868 total)
   Batch 41/155: ✓ Uploaded 25 chunks (1025/3868 total)
   Batch 42/155: ✓ Uploaded 25 chunks (1050/3868 total)
   Batch 43/155: ✓ Uploaded 25 chunks (1075/3868 total)
   Batch 44/155: ✓ Uploaded 25 chunks (1100/3868 total)
   Batch 45/155: ✓ Uploaded 25 chunks (1125/3868 total)
   Batch 46/155: ✓ Uploaded 25 chunks (1150/3868 total)
   Batch 47/155: ✓ Uploaded 25 chunks (1175/3868 total)
   Batch 48/155: ✓ Uploaded 25 chunks (1200/3868 total)
   Batch 49/155: ✓ Uploaded 25 chunks (1225/3868 total)
   Batch 50/155: ✓ Uploaded 25 chunks (1250/3868 total)
   Batch 51/155: ✓ Uploaded 25 chunks (1275/3868 total)
   Batch 52/155: ✓ Uploaded 25 chunks (1300/3868 total)
   Batch 53/155: ✓ Uploaded 25 chunks (1325/3868 total)
   Batch 54/155: ✓ Uploaded 25 chunks (1350/3868 total)
   Batch 55/155: ✓ Uploaded 25 chunks (1375/3868 total)
   Batch 56/155: ✓ Uploaded 25 chunks (1400/3868 total)
   Batch 57/155: ✓ Uploaded 25 chunks (1425/3868 total)
   Batch 58/155: ✓ Uploaded 25 chunks (1450/3868 total)
   Batch 59/155: ✓ Uploaded 25 chunks (1475/3868 total)
   Batch 60/155: ✓ Uploaded 25 chunks (1500/3868 total)
   Batch 61/155: ✓ Uploaded 25 chunks (1525/3868 total)
   Batch 62/155: ✓ Uploaded 25 chunks (1550/3868 total)
   Batch 63/155: ✓ Uploaded 25 chunks (1575/3868 total)
   Batch 64/155: ✓ Uploaded 25 chunks (1600/3868 total)
   Batch 65/155: ✓ Uploaded 25 chunks (1625/3868 total)
   Batch 66/155: ✓ Uploaded 25 chunks (1650/3868 total)
   Batch 67/155: ✓ Uploaded 25 chunks (1675/3868 total)
   Batch 68/155: ✓ Uploaded 25 chunks (1700/3868 total)
   Batch 69/155: ✓ Uploaded 25 chunks (1725/3868 total)
   Batch 70/155: ✓ Uploaded 25 chunks (1750/3868 total)
   Batch 71/155: ✓ Uploaded 25 chunks (1775/3868 total)
   Batch 72/155: ✓ Uploaded 25 chunks (1800/3868 total)
   Batch 73/155: ✓ Uploaded 25 chunks (1825/3868 total)
   Batch 74/155: ✓ Uploaded 25 chunks (1850/3868 total)
   Batch 75/155: ✓ Uploaded 25 chunks (1875/3868 total)
   Batch 76/155: ✓ Uploaded 25 chunks (1900/3868 total)
   Batch 77/155: ✓ Uploaded 25 chunks (1925/3868 total)
   Batch 78/155: ✓ Uploaded 25 chunks (1950/3868 total)
   Batch 79/155: ✓ Uploaded 25 chunks (1975/3868 total)
   Batch 80/155: ✓ Uploaded 25 chunks (2000/3868 total)
   Batch 81/155: ✓ Uploaded 25 chunks (2025/3868 total)
   Batch 82/155: ✓ Uploaded 25 chunks (2050/3868 total)
   Batch 83/155: ✓ Uploaded 25 chunks (2075/3868 total)
   Batch 84/155: ✓ Uploaded 25 chunks (2100/3868 total)
   Batch 85/155: ✓ Uploaded 25 chunks (2125/3868 total)
   Batch 86/155: ✓ Uploaded 25 chunks (2150/3868 total)
   Batch 87/155: ✓ Uploaded 25 chunks (2175/3868 total)
   Batch 88/155: ✓ Uploaded 25 chunks (2200/3868 total)
   Batch 89/155: ✓ Uploaded 25 chunks (2225/3868 total)
   Batch 90/155: ✓ Uploaded 25 chunks (2250/3868 total)
   Batch 91/155: ✓ Uploaded 25 chunks (2275/3868 total)
   Batch 92/155: ✓ Uploaded 25 chunks (2300/3868 total)
   Batch 93/155: ✓ Uploaded 25 chunks (2325/3868 total)
   Batch 94/155: ✓ Uploaded 25 chunks (2350/3868 total)
   Batch 95/155: ✓ Uploaded 25 chunks (2375/3868 total)
   Batch 96/155: ✓ Uploaded 25 chunks (2400/3868 total)
   Batch 97/155: ✓ Uploaded 25 chunks (2425/3868 total)
   Batch 98/155: ✓ Uploaded 25 chunks (2450/3868 total)
   Batch 99/155: ✓ Uploaded 25 chunks (2475/3868 total)
   Batch 100/155: ✓ Uploaded 25 chunks (2500/3868 total)
   Batch 101/155: ✓ Uploaded 25 chunks (2525/3868 total)
   Batch 102/155: ✓ Uploaded 25 chunks (2550/3868 total)
   Batch 103/155: ✓ Uploaded 25 chunks (2575/3868 total)
   Batch 104/155: ✓ Uploaded 25 chunks (2600/3868 total)
   Batch 105/155: ✓ Uploaded 25 chunks (2625/3868 total)
   Batch 106/155: ✓ Uploaded 25 chunks (2650/3868 total)
   Batch 107/155: ✓ Uploaded 25 chunks (2675/3868 total)
   Batch 108/155: ✓ Uploaded 25 chunks (2700/3868 total)
   Batch 109/155: ✓ Uploaded 25 chunks (2725/3868 total)
   Batch 110/155: ✓ Uploaded 25 chunks (2750/3868 total)
   Batch 111/155: ✓ Uploaded 25 chunks (2775/3868 total)
   Batch 112/155: ✓ Uploaded 25 chunks (2800/3868 total)
   Batch 113/155: ✓ Uploaded 25 chunks (2825/3868 total)
   Batch 114/155: ✓ Uploaded 25 chunks (2850/3868 total)
   Batch 115/155: ✓ Uploaded 25 chunks (2875/3868 total)
   Batch 116/155: ✓ Uploaded 25 chunks (2900/3868 total)
   Batch 117/155: ✓ Uploaded 25 chunks (2925/3868 total)
   Batch 118/155: ✓ Uploaded 25 chunks (2950/3868 total)
   Batch 119/155: ✓ Uploaded 25 chunks (2975/3868 total)
   Batch 120/155: ✓ Uploaded 25 chunks (3000/3868 total)
   Batch 121/155: ✓ Uploaded 25 chunks (3025/3868 total)
   Batch 122/155: ✓ Uploaded 25 chunks (3050/3868 total)
   Batch 123/155: ✓ Uploaded 25 chunks (3075/3868 total)
   Batch 124/155: ✓ Uploaded 25 chunks (3100/3868 total)
   Batch 125/155: ✓ Uploaded 25 chunks (3125/3868 total)
   Batch 126/155: ✓ Uploaded 25 chunks (3150/3868 total)
   Batch 127/155: ✓ Uploaded 25 chunks (3175/3868 total)
   Batch 128/155: ✓ Uploaded 25 chunks (3200/3868 total)
   Batch 129/155: ✓ Uploaded 25 chunks (3225/3868 total)
   Batch 130/155: ✓ Uploaded 25 chunks (3250/3868 total)
   Batch 131/155: ✓ Uploaded 25 chunks (3275/3868 total)
   Batch 132/155: ✓ Uploaded 25 chunks (3300/3868 total)
   Batch 133/155: ✓ Uploaded 25 chunks (3325/3868 total)
   Batch 134/155: ✓ Uploaded 25 chunks (3350/3868 total)
   Batch 135/155: ✓ Uploaded 25 chunks (3375/3868 total)
   Batch 136/155: ✓ Uploaded 25 chunks (3400/3868 total)
   Batch 137/155: ✓ Uploaded 25 chunks (3425/3868 total)
   Batch 138/155: ✓ Uploaded 25 chunks (3450/3868 total)
   Batch 139/155: ✓ Uploaded 25 chunks (3475/3868 total)
   Batch 140/155: ✓ Uploaded 25 chunks (3500/3868 total)
   Batch 141/155: ✓ Uploaded 25 chunks (3525/3868 total)
   Batch 142/155: ✓ Uploaded 25 chunks (3550/3868 total)
   Batch 143/155: ✓ Uploaded 25 chunks (3575/3868 total)
   Batch 144/155: ✓ Uploaded 25 chunks (3600/3868 total)
   Batch 145/155: ✓ Uploaded 25 chunks (3625/3868 total)
   Batch 146/155: ✓ Uploaded 25 chunks (3650/3868 total)
   Batch 147/155: ✓ Uploaded 25 chunks (3675/3868 total)
   Batch 148/155: ✓ Uploaded 25 chunks (3700/3868 total)
   Batch 149/155: ✓ Uploaded 25 chunks (3725/3868 total)
   Batch 150/155: ✓ Uploaded 25 chunks (3750/3868 total)
   Batch 151/155: ✓ Uploaded 25 chunks (3775/3868 total)
   Batch 152/155: ✓ Uploaded 25 chunks (3800/3868 total)
   Batch 153/155: ✓ Uploaded 25 chunks (3825/3868 total)
   Batch 154/155: ✓ Uploaded 25 chunks (3850/3868 total)
   Batch 155/155: ✓ Uploaded 18 chunks (3868/3868 total)

================================================================================
UPLOAD COMPLETE
================================================================================
  CC Verses uploaded: 11185
  CC Chunks uploaded: 3868
================================================================================
