================================================================================
UPSERTING LECTURES WITH CORRECT METADATA
================================================================================
Note: UPSERT will replace any existing vectors with the same IDs

Loading lecture data from lectures_export.json...
Found 7040 lecture chunks total

Batch 1/71: Processing 100 chunks
  Generating embeddings...
/Users/jaganat/Library/Python/3.9/lib/python/site-packages/urllib3/__init__.py:35: NotOpenSSLWarning: urllib3 v2 only supports OpenSSL 1.1.1+, currently the 'ssl' module is compiled with 'LibreSSL 2.8.3'. See: https://github.com/urllib3/urllib3/issues/3020
  warnings.warn(
  Upserting to Vectorize...
  ✓ Successfully upserted 100 vectors
  Progress: 100/7040 (1.4%)

Batch 2/71: Processing 100 chunks
  Generating embeddings...
  Upserting to Vectorize...
  ✓ Successfully upserted 100 vectors
  Progress: 200/7040 (2.8%)

Batch 3/71: Processing 100 chunks
  Generating embeddings...
  Upserting to Vectorize...
  ✓ Successfully upserted 100 vectors
  Progress: 300/7040 (4.3%)

Batch 4/71: Processing 100 chunks
  Generating embeddings...
  Upserting to Vectorize...
  ✓ Successfully upserted 100 vectors
  Progress: 400/7040 (5.7%)

Batch 5/71: Processing 100 chunks
  Generating embeddings...
  Upserting to Vectorize...
  ✓ Successfully upserted 100 vectors
  Progress: 500/7040 (7.1%)

Batch 6/71: Processing 100 chunks
  Generating embeddings...
  Upserting to Vectorize...
  ✓ Successfully upserted 100 vectors
  Progress: 600/7040 (8.5%)

Batch 7/71: Processing 100 chunks
  Generating embeddings...
  Upserting to Vectorize...
  ✓ Successfully upserted 100 vectors
  Progress: 700/7040 (9.9%)

Batch 8/71: Processing 100 chunks
  Generating embeddings...
  Upserting to Vectorize...
  ✓ Successfully upserted 100 vectors
  Progress: 800/7040 (11.4%)

Batch 9/71: Processing 100 chunks
  Generating embeddings...
  Upserting to Vectorize...
  ✓ Successfully upserted 100 vectors
  Progress: 900/7040 (12.8%)

Batch 10/71: Processing 100 chunks
  Generating embeddings...
  Upserting to Vectorize...
  ✓ Successfully upserted 100 vectors
  Progress: 1000/7040 (14.2%)

Batch 11/71: Processing 100 chunks
  Generating embeddings...
  Upserting to Vectorize...
  ✓ Successfully upserted 100 vectors
  Progress: 1100/7040 (15.6%)

Batch 12/71: Processing 100 chunks
  Generating embeddings...
  Upserting to Vectorize...
  ✓ Successfully upserted 100 vectors
  Progress: 1200/7040 (17.0%)

Batch 13/71: Processing 100 chunks
  Generating embeddings...
  Upserting to Vectorize...
  ✓ Successfully upserted 100 vectors
  Progress: 1300/7040 (18.5%)

Batch 14/71: Processing 100 chunks
  Generating embeddings...
  Upserting to Vectorize...
  ✓ Successfully upserted 100 vectors
  Progress: 1400/7040 (19.9%)

Batch 15/71: Processing 100 chunks
  Generating embeddings...
  Upserting to Vectorize...
  ✓ Successfully upserted 100 vectors
  Progress: 1500/7040 (21.3%)

Batch 16/71: Processing 100 chunks
  Generating embeddings...
  Upserting to Vectorize...
  ✓ Successfully upserted 100 vectors
  Progress: 1600/7040 (22.7%)

Batch 17/71: Processing 100 chunks
  Generating embeddings...
  Upserting to Vectorize...
  ✓ Successfully upserted 100 vectors
  Progress: 1700/7040 (24.1%)

Batch 18/71: Processing 100 chunks
  Generating embeddings...
  Upserting to Vectorize...
  ✓ Successfully upserted 100 vectors
  Progress: 1800/7040 (25.6%)

Batch 19/71: Processing 100 chunks
  Generating embeddings...
  Upserting to Vectorize...
  ✓ Successfully upserted 100 vectors
  Progress: 1900/7040 (27.0%)

Batch 20/71: Processing 100 chunks
  Generating embeddings...
  Upserting to Vectorize...
  ✓ Successfully upserted 100 vectors
  Progress: 2000/7040 (28.4%)

Batch 21/71: Processing 100 chunks
  Generating embeddings...
  Upserting to Vectorize...
  ✓ Successfully upserted 100 vectors
  Progress: 2100/7040 (29.8%)

Batch 22/71: Processing 100 chunks
  Generating embeddings...
  Upserting to Vectorize...
  ✓ Successfully upserted 100 vectors
  Progress: 2200/7040 (31.2%)

Batch 23/71: Processing 100 chunks
  Generating embeddings...
  Upserting to Vectorize...
  ✓ Successfully upserted 100 vectors
  Progress: 2300/7040 (32.7%)

Batch 24/71: Processing 100 chunks
  Generating embeddings...
  Upserting to Vectorize...
  ✓ Successfully upserted 100 vectors
  Progress: 2400/7040 (34.1%)

Batch 25/71: Processing 100 chunks
  Generating embeddings...
  Upserting to Vectorize...
  ✓ Successfully upserted 100 vectors
  Progress: 2500/7040 (35.5%)

Batch 26/71: Processing 100 chunks
  Generating embeddings...
  Upserting to Vectorize...
  ✓ Successfully upserted 100 vectors
  Progress: 2600/7040 (36.9%)

Batch 27/71: Processing 100 chunks
  Generating embeddings...
  Upserting to Vectorize...
  ✓ Successfully upserted 100 vectors
  Progress: 2700/7040 (38.4%)

Batch 28/71: Processing 100 chunks
  Generating embeddings...
  Upserting to Vectorize...
  ✓ Successfully upserted 100 vectors
  Progress: 2800/7040 (39.8%)

Batch 29/71: Processing 100 chunks
  Generating embeddings...
  Upserting to Vectorize...
  ✓ Successfully upserted 100 vectors
  Progress: 2900/7040 (41.2%)

Batch 30/71: Processing 100 chunks
  Generating embeddings...
  Upserting to Vectorize...
  ✓ Successfully upserted 100 vectors
  Progress: 3000/7040 (42.6%)

Batch 31/71: Processing 100 chunks
  Generating embeddings...
  Upserting to Vectorize...
  ✓ Successfully upserted 100 vectors
  Progress: 3100/7040 (44.0%)

Batch 32/71: Processing 100 chunks
  Generating embeddings...
  Upserting to Vectorize...
  ✓ Successfully upserted 100 vectors
  Progress: 3200/7040 (45.5%)

Batch 33/71: Processing 100 chunks
  Generating embeddings...
  Upserting to Vectorize...
  ✓ Successfully upserted 100 vectors
  Progress: 3300/7040 (46.9%)

Batch 34/71: Processing 100 chunks
  Generating embeddings...
  Upserting to Vectorize...
  ✓ Successfully upserted 100 vectors
  Progress: 3400/7040 (48.3%)

Batch 35/71: Processing 100 chunks
  Generating embeddings...
  Upserting to Vectorize...
  ✓ Successfully upserted 100 vectors
  Progress: 3500/7040 (49.7%)

Batch 36/71: Processing 100 chunks
  Generating embeddings...
  Upserting to Vectorize...
  ✓ Successfully upserted 100 vectors
  Progress: 3600/7040 (51.1%)

Batch 37/71: Processing 100 chunks
  Generating embeddings...
  Upserting to Vectorize...
  ✓ Successfully upserted 100 vectors
  Progress: 3700/7040 (52.6%)

Batch 38/71: Processing 100 chunks
  Generating embeddings...
  Upserting to Vectorize...
  ✓ Successfully upserted 100 vectors
  Progress: 3800/7040 (54.0%)

Batch 39/71: Processing 100 chunks
  Generating embeddings...
  Upserting to Vectorize...
  ✓ Successfully upserted 100 vectors
  Progress: 3900/7040 (55.4%)

Batch 40/71: Processing 100 chunks
  Generating embeddings...
  Upserting to Vectorize...
  ✓ Successfully upserted 100 vectors
  Progress: 4000/7040 (56.8%)

Batch 41/71: Processing 100 chunks
  Generating embeddings...
  Upserting to Vectorize...
  ✓ Successfully upserted 100 vectors
  Progress: 4100/7040 (58.2%)

Batch 42/71: Processing 100 chunks
  Generating embeddings...
  Upserting to Vectorize...
  ✓ Successfully upserted 100 vectors
  Progress: 4200/7040 (59.7%)

Batch 43/71: Processing 100 chunks
  Generating embeddings...
  Upserting to Vectorize...
  ✓ Successfully upserted 100 vectors
  Progress: 4300/7040 (61.1%)

Batch 44/71: Processing 100 chunks
  Generating embeddings...
  Upserting to Vectorize...
  ✓ Successfully upserted 100 vectors
  Progress: 4400/7040 (62.5%)

Batch 45/71: Processing 100 chunks
  Generating embeddings...
  Upserting to Vectorize...
  ✓ Successfully upserted 100 vectors
  Progress: 4500/7040 (63.9%)

Batch 46/71: Processing 100 chunks
  Generating embeddings...
  Upserting to Vectorize...
  ✓ Successfully upserted 100 vectors
  Progress: 4600/7040 (65.3%)

Batch 47/71: Processing 100 chunks
  Generating embeddings...
  Upserting to Vectorize...
  ✓ Successfully upserted 100 vectors
  Progress: 4700/7040 (66.8%)

Batch 48/71: Processing 100 chunks
  Generating embeddings...
  Upserting to Vectorize...
  ✓ Successfully upserted 100 vectors
  Progress: 4800/7040 (68.2%)

Batch 49/71: Processing 100 chunks
  Generating embeddings...
  Upserting to Vectorize...
  ✓ Successfully upserted 100 vectors
  Progress: 4900/7040 (69.6%)

Batch 50/71: Processing 100 chunks
  Generating embeddings...
  Upserting to Vectorize...
  ✓ Successfully upserted 100 vectors
  Progress: 5000/7040 (71.0%)

Batch 51/71: Processing 100 chunks
  Generating embeddings...
  Upserting to Vectorize...
  ✓ Successfully upserted 100 vectors
  Progress: 5100/7040 (72.4%)

Batch 52/71: Processing 100 chunks
  Generating embeddings...
  Upserting to Vectorize...
  ✓ Successfully upserted 100 vectors
  Progress: 5200/7040 (73.9%)

Batch 53/71: Processing 100 chunks
  Generating embeddings...
  Upserting to Vectorize...
  ✓ Successfully upserted 100 vectors
  Progress: 5300/7040 (75.3%)

Batch 54/71: Processing 100 chunks
  Generating embeddings...
  Upserting to Vectorize...
  ✓ Successfully upserted 100 vectors
  Progress: 5400/7040 (76.7%)

Batch 55/71: Processing 100 chunks
  Generating embeddings...
  Upserting to Vectorize...
  ✓ Successfully upserted 100 vectors
  Progress: 5500/7040 (78.1%)

Batch 56/71: Processing 100 chunks
  Generating embeddings...
  Upserting to Vectorize...
  ✓ Successfully upserted 100 vectors
  Progress: 5600/7040 (79.5%)

Batch 57/71: Processing 100 chunks
  Generating embeddings...
  Upserting to Vectorize...
  ✓ Successfully upserted 100 vectors
  Progress: 5700/7040 (81.0%)

Batch 58/71: Processing 100 chunks
  Generating embeddings...
  Upserting to Vectorize...
  ✓ Successfully upserted 100 vectors
  Progress: 5800/7040 (82.4%)

Batch 59/71: Processing 100 chunks
  Generating embeddings...
  Upserting to Vectorize...
  ✓ Successfully upserted 100 vectors
  Progress: 5900/7040 (83.8%)

Batch 60/71: Processing 100 chunks
  Generating embeddings...
  Upserting to Vectorize...
  ✓ Successfully upserted 100 vectors
  Progress: 6000/7040 (85.2%)

Batch 61/71: Processing 100 chunks
  Generating embeddings...
  Upserting to Vectorize...
  ✓ Successfully upserted 100 vectors
  Progress: 6100/7040 (86.6%)

Batch 62/71: Processing 100 chunks
  Generating embeddings...
  Upserting to Vectorize...
  ✓ Successfully upserted 100 vectors
  Progress: 6200/7040 (88.1%)

Batch 63/71: Processing 100 chunks
  Generating embeddings...
  Upserting to Vectorize...
  ✓ Successfully upserted 100 vectors
  Progress: 6300/7040 (89.5%)

Batch 64/71: Processing 100 chunks
  Generating embeddings...
  Upserting to Vectorize...
  ✓ Successfully upserted 100 vectors
  Progress: 6400/7040 (90.9%)

Batch 65/71: Processing 100 chunks
  Generating embeddings...
  Upserting to Vectorize...
  ✓ Successfully upserted 100 vectors
  Progress: 6500/7040 (92.3%)

Batch 66/71: Processing 100 chunks
  Generating embeddings...
  Upserting to Vectorize...
  ✓ Successfully upserted 100 vectors
  Progress: 6600/7040 (93.8%)

Batch 67/71: Processing 100 chunks
  Generating embeddings...
  Upserting to Vectorize...
  ✓ Successfully upserted 100 vectors
  Progress: 6700/7040 (95.2%)

Batch 68/71: Processing 100 chunks
  Generating embeddings...
  Upserting to Vectorize...
  ✓ Successfully upserted 100 vectors
  Progress: 6800/7040 (96.6%)

Batch 69/71: Processing 100 chunks
  Generating embeddings...
  Upserting to Vectorize...
  ✓ Successfully upserted 100 vectors
  Progress: 6900/7040 (98.0%)

Batch 70/71: Processing 100 chunks
  Generating embeddings...
  Upserting to Vectorize...
  ✓ Successfully upserted 100 vectors
  Progress: 7000/7040 (99.4%)

Batch 71/71: Processing 40 chunks
  Generating embeddings...
  Upserting to Vectorize...
  ✓ Successfully upserted 40 vectors
  Progress: 7040/7040 (100.0%)


================================================================================
COMPLETE!
================================================================================
Upserted: 7040 lecture vectors

Lecture embeddings now have CORRECT metadata:
  - source: 'vedabase' (searchable with vedabase filter!)
  - book_code: LEC1A, LEC1B, LEC2A, LEC2B, LEC2C, OTHER

Vectorize will index these within 5-30 minutes.
The monitor script will detect when they're ready.
================================================================================
